{"C:\\Users\\wafaa\\OneDrive\\Desktop\\GreenConnect\\green_connect_website\\src\\components\\Button.tsx": {"path":"C:\\Users\\wafaa\\OneDrive\\Desktop\\GreenConnect\\green_connect_website\\src\\components\\Button.tsx","statementMap":{"0":{"start":{"line":2,"column":0},"end":{"line":2,"column":39}},"1":{"start":{"line":16,"column":38},"end":{"line":134,"column":1}},"2":{"start":{"line":25,"column":16},"end":{"line":25,"column":null}},"3":{"start":{"line":26,"column":10},"end":{"line":27,"column":3}},"4":{"start":{"line":28,"column":21},"end":{"line":28,"column":119}},"5":{"start":{"line":30,"column":22},"end":{"line":87,"column":4}},"6":{"start":{"line":89,"column":24},"end":{"line":96,"column":4}},"7":{"start":{"line":98,"column":21},"end":{"line":102,"column":4}},"8":{"start":{"line":104,"column":25},"end":{"line":108,"column":4}},"9":{"start":{"line":110,"column":28},"end":{"line":116,"column":10}},"10":{"start":{"line":118,"column":22},"end":{"line":118,"column":63}},"11":{"start":{"line":120,"column":2},"end":{"line":133,"column":4}},"12":{"start":{"line":121,"column":24},"end":{"line":121,"column":42}},"13":{"start":{"line":136,"column":0},"end":{"line":136,"column":22}}},"fnMap":{"0":{"name":"(anonymous_1)","decl":{"start":{"line":16,"column":38},"end":{"line":16,"column":39}},"loc":{"start":{"line":27,"column":5},"end":{"line":134,"column":1}}},"1":{"name":"(anonymous_2)","decl":{"start":{"line":121,"column":18},"end":{"line":121,"column":21}},"loc":{"start":{"line":121,"column":24},"end":{"line":121,"column":42}}}},"branchMap":{"0":{"loc":{"start":{"line":18,"column":2},"end":{"line":18,"column":21}},"type":"default-arg","locations":[{"start":{"line":18,"column":12},"end":{"line":18,"column":21}}]},"1":{"loc":{"start":{"line":19,"column":2},"end":{"line":19,"column":13}},"type":"default-arg","locations":[{"start":{"line":19,"column":9},"end":{"line":19,"column":13}}]},"2":{"loc":{"start":{"line":20,"column":2},"end":{"line":20,"column":19}},"type":"default-arg","locations":[{"start":{"line":20,"column":14},"end":{"line":20,"column":19}}]},"3":{"loc":{"start":{"line":23,"column":2},"end":{"line":23,"column":16}},"type":"default-arg","locations":[{"start":{"line":23,"column":14},"end":{"line":23,"column":16}}]},"4":{"loc":{"start":{"line":25,"column":2},"end":{"line":25,"column":16}},"type":"default-arg","locations":[{"start":{"line":25,"column":10},"end":{"line":25,"column":16}}]},"5":{"loc":{"start":{"line":114,"column":6},"end":{"line":114,"column":66}},"type":"cond-expr","locations":[{"start":{"line":114,"column":30},"end":{"line":114,"column":61}},{"start":{"line":114,"column":64},"end":{"line":114,"column":66}}]},"6":{"loc":{"start":{"line":114,"column":6},"end":{"line":114,"column":27}},"type":"binary-expr","locations":[{"start":{"line":114,"column":6},"end":{"line":114,"column":15}},{"start":{"line":114,"column":19},"end":{"line":114,"column":27}}]},"7":{"loc":{"start":{"line":124,"column":18},"end":{"line":124,"column":39}},"type":"binary-expr","locations":[{"start":{"line":124,"column":18},"end":{"line":124,"column":27}},{"start":{"line":124,"column":31},"end":{"line":124,"column":39}}]},"8":{"loc":{"start":{"line":127,"column":9},"end":{"line":127,"column":71}},"type":"binary-expr","locations":[{"start":{"line":127,"column":9},"end":{"line":127,"column":18}},{"start":{"line":127,"column":22},"end":{"line":127,"column":71}}]},"9":{"loc":{"start":{"line":128,"column":9},"end":{"line":128,"column":112}},"type":"binary-expr","locations":[{"start":{"line":128,"column":9},"end":{"line":128,"column":19}},{"start":{"line":128,"column":23},"end":{"line":128,"column":31}},{"start":{"line":128,"column":35},"end":{"line":128,"column":112}}]},"10":{"loc":{"start":{"line":130,"column":9},"end":{"line":130,"column":114}},"type":"binary-expr","locations":[{"start":{"line":130,"column":9},"end":{"line":130,"column":19}},{"start":{"line":130,"column":23},"end":{"line":130,"column":32}},{"start":{"line":130,"column":36},"end":{"line":130,"column":114}}]}},"s":{"0":1,"1":1,"2":24,"3":24,"4":24,"5":24,"6":24,"7":24,"8":24,"9":24,"10":24,"11":24,"12":0,"13":1},"f":{"0":24,"1":0},"b":{"0":[24],"1":[8],"2":[24],"3":[0],"4":[24],"5":[0,24],"6":[24,24],"7":[24,24],"8":[24,0],"9":[24,24,0],"10":[24,24,0]}}
,"C:\\Users\\wafaa\\OneDrive\\Desktop\\GreenConnect\\green_connect_website\\src\\components\\Card.tsx": {"path":"C:\\Users\\wafaa\\OneDrive\\Desktop\\GreenConnect\\green_connect_website\\src\\components\\Card.tsx","statementMap":{"0":{"start":{"line":11,"column":41},"end":{"line":38,"column":1}},"1":{"start":{"line":19,"column":21},"end":{"line":19,"column":44}},"2":{"start":{"line":21,"column":30},"end":{"line":21,"column":35}},"3":{"start":{"line":22,"column":26},"end":{"line":22,"column":97}},"4":{"start":{"line":24,"column":2},"end":{"line":37,"column":4}},"5":{"start":{"line":11,"column":13},"end":{"line":11,"column":41}}},"fnMap":{"0":{"name":"(anonymous_0)","decl":{"start":{"line":11,"column":41},"end":{"line":11,"column":42}},"loc":{"start":{"line":17,"column":5},"end":{"line":38,"column":1}}}},"branchMap":{"0":{"loc":{"start":{"line":14,"column":2},"end":{"line":14,"column":16}},"type":"default-arg","locations":[{"start":{"line":14,"column":14},"end":{"line":14,"column":16}}]},"1":{"loc":{"start":{"line":16,"column":2},"end":{"line":16,"column":22}},"type":"default-arg","locations":[{"start":{"line":16,"column":12},"end":{"line":16,"column":22}}]},"2":{"loc":{"start":{"line":22,"column":26},"end":{"line":22,"column":97}},"type":"cond-expr","locations":[{"start":{"line":22,"column":38},"end":{"line":22,"column":75}},{"start":{"line":22,"column":78},"end":{"line":22,"column":97}}]},"3":{"loc":{"start":{"line":26,"column":48},"end":{"line":26,"column":74}},"type":"cond-expr","locations":[{"start":{"line":26,"column":62},"end":{"line":26,"column":69}},{"start":{"line":26,"column":72},"end":{"line":26,"column":74}}]},"4":{"loc":{"start":{"line":27,"column":13},"end":{"line":27,"column":59}},"type":"cond-expr","locations":[{"start":{"line":27,"column":26},"end":{"line":27,"column":54}},{"start":{"line":27,"column":57},"end":{"line":27,"column":59}}]},"5":{"loc":{"start":{"line":29,"column":7},"end":{"line":33,"column":null}},"type":"binary-expr","locations":[{"start":{"line":29,"column":7},"end":{"line":29,"column":12}},{"start":{"line":30,"column":8},"end":{"line":32,"column":null}}]},"6":{"loc":{"start":{"line":32,"column":11},"end":{"line":32,"column":52}},"type":"binary-expr","locations":[{"start":{"line":32,"column":11},"end":{"line":32,"column":23}},{"start":{"line":32,"column":27},"end":{"line":32,"column":52}}]}},"s":{"0":1,"1":24,"2":24,"3":24,"4":24,"5":1},"f":{"0":24},"b":{"0":[0],"1":[24],"2":[24,0],"3":[24,0],"4":[0,24],"5":[24,0],"6":[0,0]}}
,"C:\\Users\\wafaa\\OneDrive\\Desktop\\GreenConnect\\green_connect_website\\src\\components\\Input.tsx": {"path":"C:\\Users\\wafaa\\OneDrive\\Desktop\\GreenConnect\\green_connect_website\\src\\components\\Input.tsx","statementMap":{"0":{"start":{"line":1,"column":0},"end":{"line":1,"column":26}},"1":{"start":{"line":9,"column":42},"end":{"line":32,"column":1}},"2":{"start":{"line":9,"column":62},"end":{"line":9,"column":67}},"3":{"start":{"line":9,"column":72},"end":{"line":9,"column":76}},"4":{"start":{"line":10,"column":16},"end":{"line":10,"column":52}},"5":{"start":{"line":12,"column":2},"end":{"line":31,"column":4}},"6":{"start":{"line":36,"column":0},"end":{"line":36,"column":null}}},"fnMap":{"0":{"name":"(anonymous_2)","decl":{"start":{"line":9,"column":42},"end":{"line":9,"column":43}},"loc":{"start":{"line":9,"column":78},"end":{"line":32,"column":1}}}},"branchMap":{"0":{"loc":{"start":{"line":14,"column":22},"end":{"line":14,"column":44}},"type":"binary-expr","locations":[{"start":{"line":14,"column":22},"end":{"line":14,"column":30}},{"start":{"line":14,"column":34},"end":{"line":14,"column":44}}]},"1":{"loc":{"start":{"line":19,"column":15},"end":{"line":19,"column":104}},"type":"cond-expr","locations":[{"start":{"line":19,"column":71},"end":{"line":19,"column":99}},{"start":{"line":19,"column":102},"end":{"line":19,"column":104}}]},"2":{"loc":{"start":{"line":19,"column":15},"end":{"line":19,"column":68}},"type":"binary-expr","locations":[{"start":{"line":19,"column":15},"end":{"line":19,"column":26}},{"start":{"line":19,"column":30},"end":{"line":19,"column":68}}]}},"s":{"0":1,"1":1,"2":16,"3":16,"4":16,"5":16,"6":1},"f":{"0":16},"b":{"0":[16,16],"1":[0,16],"2":[16,12]}}
,"C:\\Users\\wafaa\\OneDrive\\Desktop\\GreenConnect\\green_connect_website\\src\\components\\Notification.tsx": {"path":"C:\\Users\\wafaa\\OneDrive\\Desktop\\GreenConnect\\green_connect_website\\src\\components\\Notification.tsx","statementMap":{"0":{"start":{"line":2,"column":0},"end":{"line":2,"column":34}},"1":{"start":{"line":3,"column":0},"end":{"line":3,"column":64}},"2":{"start":{"line":4,"column":0},"end":{"line":4,"column":114}},"3":{"start":{"line":5,"column":0},"end":{"line":5,"column":56}},"4":{"start":{"line":6,"column":0},"end":{"line":6,"column":70}},"5":{"start":{"line":8,"column":58},"end":{"line":13,"column":2}},"6":{"start":{"line":15,"column":27},"end":{"line":20,"column":2}},"7":{"start":{"line":22,"column":21},"end":{"line":67,"column":1}},"8":{"start":{"line":23,"column":19},"end":{"line":23,"column":35}},"9":{"start":{"line":24,"column":50},"end":{"line":24,"column":99}},"10":{"start":{"line":24,"column":74},"end":{"line":24,"column":98}},"11":{"start":{"line":26,"column":2},"end":{"line":36,"column":26}},"12":{"start":{"line":27,"column":4},"end":{"line":33,"column":5}},"13":{"start":{"line":28,"column":20},"end":{"line":30,"column":14}},"14":{"start":{"line":29,"column":8},"end":{"line":29,"column":37}},"15":{"start":{"line":32,"column":6},"end":{"line":32,"column":39}},"16":{"start":{"line":32,"column":19},"end":{"line":32,"column":38}},"17":{"start":{"line":35,"column":4},"end":{"line":35,"column":20}},"18":{"start":{"line":38,"column":2},"end":{"line":66,"column":4}},"19":{"start":{"line":58,"column":27},"end":{"line":58,"column":55}},"20":{"start":{"line":69,"column":0},"end":{"line":69,"column":28}}},"fnMap":{"0":{"name":"(anonymous_0)","decl":{"start":{"line":22,"column":21},"end":{"line":22,"column":24}},"loc":{"start":{"line":22,"column":26},"end":{"line":67,"column":1}}},"1":{"name":"(anonymous_1)","decl":{"start":{"line":24,"column":65},"end":{"line":24,"column":70}},"loc":{"start":{"line":24,"column":74},"end":{"line":24,"column":98}}},"2":{"name":"(anonymous_2)","decl":{"start":{"line":26,"column":12},"end":{"line":26,"column":15}},"loc":{"start":{"line":26,"column":17},"end":{"line":36,"column":3}}},"3":{"name":"(anonymous_3)","decl":{"start":{"line":28,"column":31},"end":{"line":28,"column":34}},"loc":{"start":{"line":28,"column":36},"end":{"line":30,"column":7}}},"4":{"name":"(anonymous_4)","decl":{"start":{"line":32,"column":13},"end":{"line":32,"column":16}},"loc":{"start":{"line":32,"column":19},"end":{"line":32,"column":38}}},"5":{"name":"(anonymous_5)","decl":{"start":{"line":35,"column":11},"end":{"line":35,"column":14}},"loc":{"start":{"line":35,"column":16},"end":{"line":35,"column":19}}},"6":{"name":"(anonymous_6)","decl":{"start":{"line":58,"column":21},"end":{"line":58,"column":24}},"loc":{"start":{"line":58,"column":27},"end":{"line":58,"column":55}}}},"branchMap":{"0":{"loc":{"start":{"line":27,"column":4},"end":{"line":33,"column":5}},"type":"if","locations":[{"start":{"line":27,"column":4},"end":{"line":33,"column":5}}]},"1":{"loc":{"start":{"line":40,"column":7},"end":{"line":63,"column":null}},"type":"binary-expr","locations":[{"start":{"line":40,"column":7},"end":{"line":40,"column":14}},{"start":{"line":41,"column":8},"end":{"line":62,"column":null}}]},"2":{"loc":{"start":{"line":55,"column":13},"end":{"line":55,"column":87}},"type":"binary-expr","locations":[{"start":{"line":55,"column":13},"end":{"line":55,"column":24}},{"start":{"line":55,"column":28},"end":{"line":55,"column":87}}]}},"s":{"0":2,"1":2,"2":2,"3":2,"4":2,"5":2,"6":2,"7":2,"8":510,"9":510,"10":549,"11":510,"12":17,"13":10,"14":1,"15":10,"16":10,"17":7,"18":510,"19":0,"20":2},"f":{"0":510,"1":549,"2":17,"3":1,"4":10,"5":7,"6":0},"b":{"0":[10],"1":[510,384],"2":[384,58]}}
,"C:\\Users\\wafaa\\OneDrive\\Desktop\\GreenConnect\\green_connect_website\\src\\components\\Select.tsx": {"path":"C:\\Users\\wafaa\\OneDrive\\Desktop\\GreenConnect\\green_connect_website\\src\\components\\Select.tsx","statementMap":{"0":{"start":{"line":1,"column":0},"end":{"line":1,"column":58}},"1":{"start":{"line":3,"column":0},"end":{"line":3,"column":59}},"2":{"start":{"line":16,"column":44},"end":{"line":159,"column":1}},"3":{"start":{"line":26,"column":30},"end":{"line":26,"column":45}},"4":{"start":{"line":27,"column":30},"end":{"line":27,"column":42}},"5":{"start":{"line":29,"column":26},"end":{"line":33,"column":13}},"6":{"start":{"line":31,"column":8},"end":{"line":31,"column":65}},"7":{"start":{"line":35,"column":23},"end":{"line":47,"column":3}},"8":{"start":{"line":36,"column":4},"end":{"line":46,"column":5}},"9":{"start":{"line":37,"column":23},"end":{"line":37,"column":56}},"10":{"start":{"line":38,"column":6},"end":{"line":42,"column":7}},"11":{"start":{"line":39,"column":8},"end":{"line":39,"column":null}},"12":{"start":{"line":39,"column":40},"end":{"line":39,"column":57}},"13":{"start":{"line":41,"column":8},"end":{"line":41,"column":null}},"14":{"start":{"line":44,"column":6},"end":{"line":44,"column":null}},"15":{"start":{"line":45,"column":6},"end":{"line":45,"column":null}},"16":{"start":{"line":49,"column":14},"end":{"line":49,"column":42}},"17":{"start":{"line":51,"column":2},"end":{"line":62,"column":null}},"18":{"start":{"line":52,"column":31},"end":{"line":56,"column":5}},"19":{"start":{"line":53,"column":6},"end":{"line":55,"column":7}},"20":{"start":{"line":54,"column":8},"end":{"line":54,"column":null}},"21":{"start":{"line":58,"column":4},"end":{"line":58,"column":null}},"22":{"start":{"line":59,"column":4},"end":{"line":61,"column":null}},"23":{"start":{"line":60,"column":6},"end":{"line":60,"column":null}},"24":{"start":{"line":64,"column":19},"end":{"line":64,"column":87}},"25":{"start":{"line":66,"column":2},"end":{"line":158,"column":null}},"26":{"start":{"line":73,"column":25},"end":{"line":73,"column":43}},"27":{"start":{"line":82,"column":32},"end":{"line":82,"column":74}},"28":{"start":{"line":82,"column":52},"end":{"line":82,"column":65}},"29":{"start":{"line":84,"column":38},"end":{"line":84,"column":55}},"30":{"start":{"line":106,"column":35},"end":{"line":106,"column":60}},"31":{"start":{"line":120,"column":37},"end":{"line":122,"column":44}},"32":{"start":{"line":123,"column":18},"end":{"line":150,"column":null}},"33":{"start":{"line":133,"column":37},"end":{"line":133,"column":63}},"34":{"start":{"line":161,"column":0},"end":{"line":161,"column":null}}},"fnMap":{"0":{"name":"(anonymous_0)","decl":{"start":{"line":16,"column":44},"end":{"line":16,"column":45}},"loc":{"start":{"line":25,"column":5},"end":{"line":159,"column":1}}},"1":{"name":"(anonymous_1)","decl":{"start":{"line":30,"column":21},"end":{"line":30,"column":22}},"loc":{"start":{"line":31,"column":8},"end":{"line":31,"column":65}}},"2":{"name":"(anonymous_2)","decl":{"start":{"line":35,"column":23},"end":{"line":35,"column":24}},"loc":{"start":{"line":35,"column":47},"end":{"line":47,"column":3}}},"3":{"name":"(anonymous_3)","decl":{"start":{"line":39,"column":33},"end":{"line":39,"column":34}},"loc":{"start":{"line":39,"column":40},"end":{"line":39,"column":57}}},"4":{"name":"(anonymous_4)","decl":{"start":{"line":51,"column":12},"end":{"line":51,"column":15}},"loc":{"start":{"line":51,"column":17},"end":{"line":62,"column":3}}},"5":{"name":"(anonymous_5)","decl":{"start":{"line":52,"column":31},"end":{"line":52,"column":32}},"loc":{"start":{"line":52,"column":53},"end":{"line":56,"column":5}}},"6":{"name":"(anonymous_6)","decl":{"start":{"line":59,"column":11},"end":{"line":59,"column":14}},"loc":{"start":{"line":59,"column":16},"end":{"line":61,"column":5}}},"7":{"name":"(anonymous_7)","decl":{"start":{"line":73,"column":19},"end":{"line":73,"column":22}},"loc":{"start":{"line":73,"column":25},"end":{"line":73,"column":43}}},"8":{"name":"(anonymous_8)","decl":{"start":{"line":82,"column":25},"end":{"line":82,"column":26}},"loc":{"start":{"line":82,"column":31},"end":{"line":82,"column":74}}},"9":{"name":"(anonymous_9)","decl":{"start":{"line":82,"column":45},"end":{"line":82,"column":46}},"loc":{"start":{"line":82,"column":52},"end":{"line":82,"column":65}}},"10":{"name":"(anonymous_10)","decl":{"start":{"line":84,"column":31},"end":{"line":84,"column":32}},"loc":{"start":{"line":84,"column":38},"end":{"line":84,"column":55}}},"11":{"name":"(anonymous_11)","decl":{"start":{"line":106,"column":28},"end":{"line":106,"column":29}},"loc":{"start":{"line":106,"column":35},"end":{"line":106,"column":60}}},"12":{"name":"(anonymous_12)","decl":{"start":{"line":119,"column":36},"end":{"line":119,"column":37}},"loc":{"start":{"line":119,"column":47},"end":{"line":151,"column":17}}},"13":{"name":"(anonymous_13)","decl":{"start":{"line":133,"column":31},"end":{"line":133,"column":34}},"loc":{"start":{"line":133,"column":37},"end":{"line":133,"column":63}}}},"branchMap":{"0":{"loc":{"start":{"line":22,"column":2},"end":{"line":22,"column":18}},"type":"default-arg","locations":[{"start":{"line":22,"column":13},"end":{"line":22,"column":18}}]},"1":{"loc":{"start":{"line":23,"column":2},"end":{"line":23,"column":20}},"type":"default-arg","locations":[{"start":{"line":23,"column":15},"end":{"line":23,"column":20}}]},"2":{"loc":{"start":{"line":24,"column":2},"end":{"line":24,"column":27}},"type":"default-arg","locations":[{"start":{"line":24,"column":16},"end":{"line":24,"column":27}}]},"3":{"loc":{"start":{"line":29,"column":26},"end":{"line":33,"column":13}},"type":"cond-expr","locations":[{"start":{"line":30,"column":6},"end":{"line":31,"column":null}},{"start":{"line":33,"column":6},"end":{"line":33,"column":13}}]},"4":{"loc":{"start":{"line":36,"column":4},"end":{"line":46,"column":5}},"type":"if","locations":[{"start":{"line":36,"column":4},"end":{"line":46,"column":5}},{"start":{"line":43,"column":11},"end":{"line":46,"column":5}}]},"5":{"loc":{"start":{"line":37,"column":23},"end":{"line":37,"column":56}},"type":"cond-expr","locations":[{"start":{"line":37,"column":46},"end":{"line":37,"column":51}},{"start":{"line":37,"column":54},"end":{"line":37,"column":56}}]},"6":{"loc":{"start":{"line":38,"column":6},"end":{"line":42,"column":7}},"type":"if","locations":[{"start":{"line":38,"column":6},"end":{"line":42,"column":7}},{"start":{"line":40,"column":13},"end":{"line":42,"column":7}}]},"7":{"loc":{"start":{"line":53,"column":6},"end":{"line":55,"column":7}},"type":"if","locations":[{"start":{"line":53,"column":6},"end":{"line":55,"column":7}}]},"8":{"loc":{"start":{"line":53,"column":10},"end":{"line":53,"column":68}},"type":"binary-expr","locations":[{"start":{"line":53,"column":10},"end":{"line":53,"column":21}},{"start":{"line":53,"column":25},"end":{"line":53,"column":68}}]},"9":{"loc":{"start":{"line":64,"column":19},"end":{"line":64,"column":87}},"type":"cond-expr","locations":[{"start":{"line":64,"column":31},"end":{"line":64,"column":71}},{"start":{"line":64,"column":75},"end":{"line":64,"column":87}}]},"10":{"loc":{"start":{"line":64,"column":31},"end":{"line":64,"column":71}},"type":"binary-expr","locations":[{"start":{"line":64,"column":31},"end":{"line":64,"column":51}},{"start":{"line":64,"column":55},"end":{"line":64,"column":71}}]},"11":{"loc":{"start":{"line":78,"column":11},"end":{"line":87,"column":null}},"type":"cond-expr","locations":[{"start":{"line":79,"column":12},"end":{"line":84,"column":null}},{"start":{"line":87,"column":12},"end":{"line":87,"column":84}}]},"12":{"loc":{"start":{"line":80,"column":15},"end":{"line":84,"column":63}},"type":"cond-expr","locations":[{"start":{"line":81,"column":18},"end":{"line":83,"column":31}},{"start":{"line":84,"column":18},"end":{"line":84,"column":63}}]},"13":{"loc":{"start":{"line":81,"column":19},"end":{"line":81,"column":52}},"type":"cond-expr","locations":[{"start":{"line":81,"column":42},"end":{"line":81,"column":47}},{"start":{"line":81,"column":50},"end":{"line":81,"column":52}}]},"14":{"loc":{"start":{"line":82,"column":32},"end":{"line":82,"column":73}},"type":"cond-expr","locations":[{"start":{"line":82,"column":66},"end":{"line":82,"column":68}},{"start":{"line":82,"column":66},"end":{"line":82,"column":73}}]},"15":{"loc":{"start":{"line":82,"column":32},"end":{"line":82,"column":68}},"type":"binary-expr","locations":[{"start":{"line":82,"column":32},"end":{"line":82,"column":68}},{"start":{"line":82,"column":66},"end":{"line":82,"column":68}}]},"16":{"loc":{"start":{"line":84,"column":18},"end":{"line":84,"column":63}},"type":"cond-expr","locations":[{"start":{"line":84,"column":56},"end":{"line":84,"column":58}},{"start":{"line":84,"column":56},"end":{"line":84,"column":63}}]},"17":{"loc":{"start":{"line":84,"column":18},"end":{"line":84,"column":58}},"type":"binary-expr","locations":[{"start":{"line":84,"column":18},"end":{"line":84,"column":58}},{"start":{"line":84,"column":56},"end":{"line":84,"column":58}}]},"18":{"loc":{"start":{"line":90,"column":13},"end":{"line":93,"column":null}},"type":"cond-expr","locations":[{"start":{"line":91,"column":14},"end":{"line":91,"column":82}},{"start":{"line":93,"column":14},"end":{"line":93,"column":84}}]},"19":{"loc":{"start":{"line":97,"column":9},"end":{"line":154,"column":null}},"type":"binary-expr","locations":[{"start":{"line":97,"column":9},"end":{"line":97,"column":15}},{"start":{"line":98,"column":10},"end":{"line":153,"column":null}}]},"20":{"loc":{"start":{"line":99,"column":13},"end":{"line":108,"column":null}},"type":"binary-expr","locations":[{"start":{"line":99,"column":13},"end":{"line":99,"column":23}},{"start":{"line":100,"column":14},"end":{"line":107,"column":null}}]},"21":{"loc":{"start":{"line":114,"column":15},"end":{"line":151,"column":null}},"type":"cond-expr","locations":[{"start":{"line":115,"column":16},"end":{"line":115,"column":null}},{"start":{"line":119,"column":16},"end":{"line":151,"column":18}}]},"22":{"loc":{"start":{"line":120,"column":37},"end":{"line":122,"column":44}},"type":"cond-expr","locations":[{"start":{"line":121,"column":22},"end":{"line":121,"column":80}},{"start":{"line":122,"column":22},"end":{"line":122,"column":44}}]},"23":{"loc":{"start":{"line":121,"column":23},"end":{"line":121,"column":56}},"type":"cond-expr","locations":[{"start":{"line":121,"column":46},"end":{"line":121,"column":51}},{"start":{"line":121,"column":54},"end":{"line":121,"column":56}}]},"24":{"loc":{"start":{"line":127,"column":24},"end":{"line":129,"column":null}},"type":"cond-expr","locations":[{"start":{"line":128,"column":28},"end":{"line":128,"column":53}},{"start":{"line":129,"column":28},"end":{"line":129,"column":null}}]},"25":{"loc":{"start":{"line":135,"column":57},"end":{"line":135,"column":101}},"type":"cond-expr","locations":[{"start":{"line":135,"column":70},"end":{"line":135,"column":85}},{"start":{"line":135,"column":88},"end":{"line":135,"column":101}}]},"26":{"loc":{"start":{"line":138,"column":23},"end":{"line":147,"column":null}},"type":"binary-expr","locations":[{"start":{"line":138,"column":23},"end":{"line":138,"column":33}},{"start":{"line":138,"column":37},"end":{"line":138,"column":45}},{"start":{"line":139,"column":24},"end":{"line":146,"column":null}}]}},"s":{"0":1,"1":1,"2":1,"3":32,"4":32,"5":32,"6":0,"7":32,"8":0,"9":0,"10":0,"11":0,"12":0,"13":0,"14":0,"15":0,"16":32,"17":32,"18":8,"19":0,"20":0,"21":8,"22":8,"23":8,"24":32,"25":32,"26":0,"27":0,"28":0,"29":32,"30":0,"31":0,"32":0,"33":0,"34":1},"f":{"0":32,"1":0,"2":0,"3":0,"4":8,"5":0,"6":8,"7":0,"8":0,"9":0,"10":32,"11":0,"12":0,"13":0},"b":{"0":[32],"1":[32],"2":[32],"3":[0,32],"4":[0,0],"5":[0,0],"6":[0,0],"7":[0],"8":[0,0],"9":[0,32],"10":[0,0],"11":[32,0],"12":[0,32],"13":[0,0],"14":[0,0],"15":[0,0],"16":[0,32],"17":[32,32],"18":[0,32],"19":[32,0],"20":[0,0],"21":[0,0],"22":[0,0],"23":[0,0],"24":[0,0],"25":[0,0],"26":[0,0,0]}}
,"C:\\Users\\wafaa\\OneDrive\\Desktop\\GreenConnect\\green_connect_website\\src\\constants\\app_constants.ts": {"path":"C:\\Users\\wafaa\\OneDrive\\Desktop\\GreenConnect\\green_connect_website\\src\\constants\\app_constants.ts","statementMap":{"0":{"start":{"line":4,"column":13},"end":{"line":4,"column":null}},"1":{"start":{"line":5,"column":13},"end":{"line":5,"column":null}}},"fnMap":{},"branchMap":{},"s":{"0":4,"1":4},"f":{},"b":{}}
,"C:\\Users\\wafaa\\OneDrive\\Desktop\\GreenConnect\\green_connect_website\\src\\constants\\app_images.ts": {"path":"C:\\Users\\wafaa\\OneDrive\\Desktop\\GreenConnect\\green_connect_website\\src\\constants\\app_images.ts","statementMap":{"0":{"start":{"line":1,"column":18},"end":{"line":20,"column":2}},"1":{"start":{"line":23,"column":0},"end":{"line":23,"column":null}}},"fnMap":{},"branchMap":{},"s":{"0":2,"1":2},"f":{},"b":{}}
,"C:\\Users\\wafaa\\OneDrive\\Desktop\\GreenConnect\\green_connect_website\\src\\constants\\pagination_settings.ts": {"path":"C:\\Users\\wafaa\\OneDrive\\Desktop\\GreenConnect\\green_connect_website\\src\\constants\\pagination_settings.ts","statementMap":{"0":{"start":{"line":1,"column":27},"end":{"line":9,"column":2}},"1":{"start":{"line":11,"column":0},"end":{"line":11,"column":null}}},"fnMap":{},"branchMap":{},"s":{"0":1,"1":1},"f":{},"b":{}}
,"C:\\Users\\wafaa\\OneDrive\\Desktop\\GreenConnect\\green_connect_website\\src\\constants\\routes.tsx": {"path":"C:\\Users\\wafaa\\OneDrive\\Desktop\\GreenConnect\\green_connect_website\\src\\constants\\routes.tsx","statementMap":{"0":{"start":{"line":1,"column":15},"end":{"line":28,"column":2}},"1":{"start":{"line":30,"column":0},"end":{"line":30,"column":22}}},"fnMap":{},"branchMap":{},"s":{"0":4,"1":4},"f":{},"b":{}}
,"C:\\Users\\wafaa\\OneDrive\\Desktop\\GreenConnect\\green_connect_website\\src\\hooks\\hooks.ts": {"path":"C:\\Users\\wafaa\\OneDrive\\Desktop\\GreenConnect\\green_connect_website\\src\\hooks\\hooks.ts","statementMap":{"0":{"start":{"line":1,"column":0},"end":{"line":1,"column":54}},"1":{"start":{"line":6,"column":13},"end":{"line":6,"column":null}},"2":{"start":{"line":7,"column":13},"end":{"line":7,"column":null}}},"fnMap":{},"branchMap":{},"s":{"0":4,"1":4,"2":4},"f":{},"b":{}}
,"C:\\Users\\wafaa\\OneDrive\\Desktop\\GreenConnect\\green_connect_website\\src\\interfaces\\ApiError.ts": {"path":"C:\\Users\\wafaa\\OneDrive\\Desktop\\GreenConnect\\green_connect_website\\src\\interfaces\\ApiError.ts","statementMap":{"0":{"start":{"line":8,"column":4},"end":{"line":8,"column":null}},"1":{"start":{"line":11,"column":8},"end":{"line":11,"column":null}},"2":{"start":{"line":15,"column":0},"end":{"line":15,"column":null}}},"fnMap":{"0":{"name":"(anonymous_0)","decl":{"start":{"line":7,"column":0},"end":{"line":7,"column":6}},"loc":{"start":{"line":7,"column":0},"end":{"line":13,"column":1}}},"1":{"name":"(anonymous_1)","decl":{"start":{"line":10,"column":4},"end":{"line":10,"column":10}},"loc":{"start":{"line":10,"column":33},"end":{"line":12,"column":5}}}},"branchMap":{"0":{"loc":{"start":{"line":11,"column":16},"end":{"line":11,"column":50}},"type":"cond-expr","locations":[{"start":{"line":11,"column":30},"end":{"line":11,"column":32}},{"start":{"line":11,"column":30},"end":{"line":11,"column":50}}]},"1":{"loc":{"start":{"line":11,"column":16},"end":{"line":11,"column":32}},"type":"binary-expr","locations":[{"start":{"line":11,"column":16},"end":{"line":11,"column":32}},{"start":{"line":11,"column":30},"end":{"line":11,"column":32}}]}},"s":{"0":0,"1":3,"2":4},"f":{"0":0,"1":3},"b":{"0":[0,3],"1":[3,3]}}
,"C:\\Users\\wafaa\\OneDrive\\Desktop\\GreenConnect\\green_connect_website\\src\\pages\\Announces\\Announces.tsx": {"path":"C:\\Users\\wafaa\\OneDrive\\Desktop\\GreenConnect\\green_connect_website\\src\\pages\\Announces\\Announces.tsx","statementMap":{"0":{"start":{"line":1,"column":0},"end":{"line":1,"column":63}},"1":{"start":{"line":2,"column":0},"end":{"line":2,"column":55}},"2":{"start":{"line":3,"column":0},"end":{"line":3,"column":46}},"3":{"start":{"line":4,"column":0},"end":{"line":4,"column":46}},"4":{"start":{"line":5,"column":0},"end":{"line":5,"column":66}},"5":{"start":{"line":6,"column":0},"end":{"line":6,"column":87}},"6":{"start":{"line":7,"column":0},"end":{"line":7,"column":43}},"7":{"start":{"line":9,"column":0},"end":{"line":9,"column":44}},"8":{"start":{"line":10,"column":0},"end":{"line":10,"column":64}},"9":{"start":{"line":11,"column":0},"end":{"line":11,"column":67}},"10":{"start":{"line":12,"column":0},"end":{"line":12,"column":62}},"11":{"start":{"line":13,"column":0},"end":{"line":13,"column":68}},"12":{"start":{"line":15,"column":32},"end":{"line":103,"column":1}},"13":{"start":{"line":16,"column":16},"end":{"line":16,"column":32}},"14":{"start":{"line":17,"column":19},"end":{"line":17,"column":35}},"15":{"start":{"line":18,"column":19},"end":{"line":18,"column":32}},"16":{"start":{"line":19,"column":24},"end":{"line":19,"column":69}},"17":{"start":{"line":19,"column":48},"end":{"line":19,"column":68}},"18":{"start":{"line":20,"column":38},"end":{"line":20,"column":50}},"19":{"start":{"line":21,"column":46},"end":{"line":21,"column":61}},"20":{"start":{"line":22,"column":30},"end":{"line":22,"column":48}},"21":{"start":{"line":23,"column":26},"end":{"line":23,"column":37}},"22":{"start":{"line":24,"column":32},"end":{"line":24,"column":46}},"23":{"start":{"line":26,"column":2},"end":{"line":28,"column":null}},"24":{"start":{"line":27,"column":4},"end":{"line":27,"column":null}},"25":{"start":{"line":30,"column":28},"end":{"line":33,"column":null}},"26":{"start":{"line":31,"column":4},"end":{"line":33,"column":76}},"27":{"start":{"line":36,"column":26},"end":{"line":41,"column":4}},"28":{"start":{"line":37,"column":4},"end":{"line":37,"column":null}},"29":{"start":{"line":37,"column":29},"end":{"line":37,"column":null}},"30":{"start":{"line":38,"column":4},"end":{"line":38,"column":null}},"31":{"start":{"line":38,"column":29},"end":{"line":38,"column":null}},"32":{"start":{"line":39,"column":4},"end":{"line":39,"column":null}},"33":{"start":{"line":39,"column":35},"end":{"line":39,"column":null}},"34":{"start":{"line":40,"column":4},"end":{"line":40,"column":null}},"35":{"start":{"line":43,"column":29},"end":{"line":43,"column":105}},"36":{"start":{"line":45,"column":2},"end":{"line":47,"column":null}},"37":{"start":{"line":46,"column":4},"end":{"line":46,"column":null}},"38":{"start":{"line":49,"column":36},"end":{"line":52,"column":26}},"39":{"start":{"line":50,"column":4},"end":{"line":50,"column":null}},"40":{"start":{"line":51,"column":4},"end":{"line":51,"column":null}},"41":{"start":{"line":54,"column":19},"end":{"line":56,"column":3}},"42":{"start":{"line":55,"column":4},"end":{"line":55,"column":null}},"43":{"start":{"line":55,"column":24},"end":{"line":55,"column":36}},"44":{"start":{"line":58,"column":23},"end":{"line":63,"column":3}},"45":{"start":{"line":59,"column":4},"end":{"line":59,"column":null}},"46":{"start":{"line":60,"column":4},"end":{"line":60,"column":null}},"47":{"start":{"line":61,"column":4},"end":{"line":61,"column":null}},"48":{"start":{"line":62,"column":4},"end":{"line":62,"column":null}},"49":{"start":{"line":65,"column":2},"end":{"line":102,"column":null}},"50":{"start":{"line":84,"column":50},"end":{"line":84,"column":145}},"51":{"start":{"line":105,"column":0},"end":{"line":105,"column":null}}},"fnMap":{"0":{"name":"(anonymous_1)","decl":{"start":{"line":15,"column":32},"end":{"line":15,"column":35}},"loc":{"start":{"line":15,"column":37},"end":{"line":103,"column":1}}},"1":{"name":"(anonymous_2)","decl":{"start":{"line":19,"column":39},"end":{"line":19,"column":44}},"loc":{"start":{"line":19,"column":48},"end":{"line":19,"column":68}}},"2":{"name":"(anonymous_3)","decl":{"start":{"line":26,"column":12},"end":{"line":26,"column":15}},"loc":{"start":{"line":26,"column":17},"end":{"line":28,"column":3}}},"3":{"name":"(anonymous_4)","decl":{"start":{"line":30,"column":45},"end":{"line":30,"column":53}},"loc":{"start":{"line":31,"column":4},"end":{"line":33,"column":76}}},"4":{"name":"(anonymous_5)","decl":{"start":{"line":36,"column":54},"end":{"line":36,"column":55}},"loc":{"start":{"line":36,"column":63},"end":{"line":41,"column":3}}},"5":{"name":"(anonymous_6)","decl":{"start":{"line":45,"column":12},"end":{"line":45,"column":15}},"loc":{"start":{"line":45,"column":17},"end":{"line":47,"column":3}}},"6":{"name":"(anonymous_7)","decl":{"start":{"line":49,"column":48},"end":{"line":49,"column":49}},"loc":{"start":{"line":49,"column":71},"end":{"line":52,"column":3}}},"7":{"name":"(anonymous_8)","decl":{"start":{"line":54,"column":19},"end":{"line":54,"column":22}},"loc":{"start":{"line":54,"column":24},"end":{"line":56,"column":3}}},"8":{"name":"(anonymous_9)","decl":{"start":{"line":55,"column":12},"end":{"line":55,"column":20}},"loc":{"start":{"line":55,"column":24},"end":{"line":55,"column":36}}},"9":{"name":"(anonymous_10)","decl":{"start":{"line":58,"column":23},"end":{"line":58,"column":26}},"loc":{"start":{"line":58,"column":28},"end":{"line":63,"column":3}}},"10":{"name":"(anonymous_11)","decl":{"start":{"line":84,"column":36},"end":{"line":84,"column":37}},"loc":{"start":{"line":84,"column":50},"end":{"line":84,"column":145}}}},"branchMap":{"0":{"loc":{"start":{"line":31,"column":4},"end":{"line":33,"column":76}},"type":"binary-expr","locations":[{"start":{"line":31,"column":5},"end":{"line":31,"column":29}},{"start":{"line":31,"column":33},"end":{"line":31,"column":77}},{"start":{"line":32,"column":5},"end":{"line":32,"column":68}},{"start":{"line":33,"column":6},"end":{"line":33,"column":75}}]},"1":{"loc":{"start":{"line":37,"column":4},"end":{"line":37,"column":null}},"type":"if","locations":[{"start":{"line":37,"column":4},"end":{"line":37,"column":null}}]},"2":{"loc":{"start":{"line":38,"column":4},"end":{"line":38,"column":null}},"type":"if","locations":[{"start":{"line":38,"column":4},"end":{"line":38,"column":null}}]},"3":{"loc":{"start":{"line":39,"column":4},"end":{"line":39,"column":null}},"type":"if","locations":[{"start":{"line":39,"column":4},"end":{"line":39,"column":null}}]},"4":{"loc":{"start":{"line":76,"column":7},"end":{"line":86,"column":null}},"type":"cond-expr","locations":[{"start":{"line":77,"column":8},"end":{"line":77,"column":59}},{"start":{"line":79,"column":8},"end":{"line":85,"column":null}}]},"5":{"loc":{"start":{"line":89,"column":7},"end":{"line":99,"column":null}},"type":"binary-expr","locations":[{"start":{"line":89,"column":7},"end":{"line":89,"column":14}},{"start":{"line":90,"column":8},"end":{"line":98,"column":null}}]}},"s":{"0":1,"1":1,"2":1,"3":1,"4":1,"5":1,"6":1,"7":1,"8":1,"9":1,"10":1,"11":1,"12":1,"13":25,"14":24,"15":24,"16":24,"17":34,"18":24,"19":24,"20":24,"21":24,"22":24,"23":24,"24":4,"25":24,"26":12,"27":24,"28":0,"29":0,"30":0,"31":0,"32":0,"33":0,"34":0,"35":24,"36":24,"37":10,"38":24,"39":0,"40":0,"41":24,"42":0,"43":0,"44":24,"45":0,"46":0,"47":0,"48":0,"49":24,"50":12,"51":1},"f":{"0":25,"1":34,"2":4,"3":12,"4":0,"5":10,"6":0,"7":0,"8":0,"9":0,"10":12},"b":{"0":[12,0,12,0],"1":[0],"2":[0],"3":[0],"4":[12,12],"5":[24,8]}}
,"C:\\Users\\wafaa\\OneDrive\\Desktop\\GreenConnect\\green_connect_website\\src\\pages\\Announces\\components\\AnnounceComponent.tsx": {"path":"C:\\Users\\wafaa\\OneDrive\\Desktop\\GreenConnect\\green_connect_website\\src\\pages\\Announces\\components\\AnnounceComponent.tsx","statementMap":{"0":{"start":{"line":1,"column":0},"end":{"line":1,"column":38}},"1":{"start":{"line":2,"column":0},"end":{"line":2,"column":44}},"2":{"start":{"line":3,"column":0},"end":{"line":3,"column":47}},"3":{"start":{"line":4,"column":0},"end":{"line":4,"column":47}},"4":{"start":{"line":5,"column":0},"end":{"line":5,"column":46}},"5":{"start":{"line":8,"column":0},"end":{"line":8,"column":59}},"6":{"start":{"line":15,"column":54},"end":{"line":57,"column":1}},"7":{"start":{"line":18,"column":18},"end":{"line":18,"column":34}},"8":{"start":{"line":19,"column":4},"end":{"line":56,"column":null}},"9":{"start":{"line":27,"column":27},"end":{"line":27,"column":62}},"10":{"start":{"line":59,"column":0},"end":{"line":59,"column":null}}},"fnMap":{"0":{"name":"(anonymous_1)","decl":{"start":{"line":15,"column":54},"end":{"line":15,"column":55}},"loc":{"start":{"line":17,"column":5},"end":{"line":57,"column":1}}},"1":{"name":"(anonymous_2)","decl":{"start":{"line":27,"column":21},"end":{"line":27,"column":24}},"loc":{"start":{"line":27,"column":27},"end":{"line":27,"column":62}}}},"branchMap":{"0":{"loc":{"start":{"line":46,"column":73},"end":{"line":46,"column":99}},"type":"cond-expr","locations":[{"start":{"line":46,"column":81},"end":{"line":46,"column":83}},{"start":{"line":46,"column":73},"end":{"line":46,"column":99}}]},"1":{"loc":{"start":{"line":46,"column":73},"end":{"line":46,"column":83}},"type":"binary-expr","locations":[{"start":{"line":46,"column":73},"end":{"line":46,"column":83}},{"start":{"line":46,"column":73},"end":{"line":46,"column":83}}]}},"s":{"0":1,"1":1,"2":1,"3":1,"4":1,"5":1,"6":1,"7":8,"8":8,"9":0,"10":1},"f":{"0":8,"1":0},"b":{"0":[0,8],"1":[8,8]}}
,"C:\\Users\\wafaa\\OneDrive\\Desktop\\GreenConnect\\green_connect_website\\src\\pages\\Announces\\components\\AnnouncesActionbar.tsx": {"path":"C:\\Users\\wafaa\\OneDrive\\Desktop\\GreenConnect\\green_connect_website\\src\\pages\\Announces\\components\\AnnouncesActionbar.tsx","statementMap":{"0":{"start":{"line":1,"column":0},"end":{"line":1,"column":55}},"1":{"start":{"line":3,"column":0},"end":{"line":3,"column":47}},"2":{"start":{"line":4,"column":0},"end":{"line":4,"column":45}},"3":{"start":{"line":5,"column":0},"end":{"line":5,"column":47}},"4":{"start":{"line":7,"column":0},"end":{"line":7,"column":46}},"5":{"start":{"line":18,"column":56},"end":{"line":71,"column":1}},"6":{"start":{"line":22,"column":18},"end":{"line":22,"column":34}},"7":{"start":{"line":23,"column":4},"end":{"line":70,"column":null}},"8":{"start":{"line":34,"column":45},"end":{"line":34,"column":74}},"9":{"start":{"line":42,"column":49},"end":{"line":42,"column":83}},"10":{"start":{"line":59,"column":49},"end":{"line":59,"column":75}},"11":{"start":{"line":73,"column":0},"end":{"line":73,"column":null}}},"fnMap":{"0":{"name":"(anonymous_1)","decl":{"start":{"line":18,"column":56},"end":{"line":18,"column":57}},"loc":{"start":{"line":20,"column":5},"end":{"line":71,"column":1}}},"1":{"name":"(anonymous_2)","decl":{"start":{"line":34,"column":38},"end":{"line":34,"column":39}},"loc":{"start":{"line":34,"column":45},"end":{"line":34,"column":74}}},"2":{"name":"(anonymous_3)","decl":{"start":{"line":42,"column":38},"end":{"line":42,"column":39}},"loc":{"start":{"line":42,"column":49},"end":{"line":42,"column":83}}},"3":{"name":"(anonymous_4)","decl":{"start":{"line":59,"column":38},"end":{"line":59,"column":39}},"loc":{"start":{"line":59,"column":49},"end":{"line":59,"column":75}}}},"branchMap":{},"s":{"0":1,"1":1,"2":1,"3":1,"4":1,"5":1,"6":16,"7":16,"8":0,"9":0,"10":0,"11":1},"f":{"0":16,"1":0,"2":0,"3":0},"b":{}}
,"C:\\Users\\wafaa\\OneDrive\\Desktop\\GreenConnect\\green_connect_website\\src\\pages\\Announces\\components\\NoAnnouncesComponent.tsx": {"path":"C:\\Users\\wafaa\\OneDrive\\Desktop\\GreenConnect\\green_connect_website\\src\\pages\\Announces\\components\\NoAnnouncesComponent.tsx","statementMap":{"0":{"start":{"line":1,"column":0},"end":{"line":1,"column":38}},"1":{"start":{"line":2,"column":0},"end":{"line":2,"column":47}},"2":{"start":{"line":3,"column":0},"end":{"line":3,"column":46}},"3":{"start":{"line":10,"column":60},"end":{"line":23,"column":1}},"4":{"start":{"line":11,"column":18},"end":{"line":11,"column":34}},"5":{"start":{"line":12,"column":4},"end":{"line":22,"column":null}},"6":{"start":{"line":25,"column":0},"end":{"line":25,"column":null}}},"fnMap":{"0":{"name":"(anonymous_1)","decl":{"start":{"line":10,"column":60},"end":{"line":10,"column":61}},"loc":{"start":{"line":10,"column":81},"end":{"line":23,"column":1}}}},"branchMap":{},"s":{"0":1,"1":1,"2":1,"3":1,"4":8,"5":8,"6":1},"f":{"0":8},"b":{}}
,"C:\\Users\\wafaa\\OneDrive\\Desktop\\GreenConnect\\green_connect_website\\src\\pages\\Auth\\Login.tsx": {"path":"C:\\Users\\wafaa\\OneDrive\\Desktop\\GreenConnect\\green_connect_website\\src\\pages\\Auth\\Login.tsx","statementMap":{"0":{"start":{"line":15,"column":0},"end":{"line":15,"column":24}},"1":{"start":{"line":1,"column":0},"end":{"line":1,"column":43}},"2":{"start":{"line":2,"column":0},"end":{"line":2,"column":38}},"3":{"start":{"line":3,"column":0},"end":{"line":3,"column":69}},"4":{"start":{"line":4,"column":0},"end":{"line":4,"column":69}},"5":{"start":{"line":5,"column":0},"end":{"line":5,"column":46}},"6":{"start":{"line":6,"column":0},"end":{"line":6,"column":50}},"7":{"start":{"line":7,"column":0},"end":{"line":7,"column":43}},"8":{"start":{"line":8,"column":0},"end":{"line":8,"column":56}},"9":{"start":{"line":9,"column":0},"end":{"line":9,"column":66}},"10":{"start":{"line":10,"column":0},"end":{"line":10,"column":47}},"11":{"start":{"line":11,"column":0},"end":{"line":11,"column":57}},"12":{"start":{"line":12,"column":0},"end":{"line":12,"column":72}},"13":{"start":{"line":16,"column":22},"end":{"line":16,"column":38}},"14":{"start":{"line":17,"column":42},"end":{"line":17,"column":57}},"15":{"start":{"line":18,"column":28},"end":{"line":18,"column":40}},"16":{"start":{"line":19,"column":34},"end":{"line":19,"column":46}},"17":{"start":{"line":21,"column":19},"end":{"line":21,"column":35}},"18":{"start":{"line":22,"column":19},"end":{"line":22,"column":32}},"19":{"start":{"line":24,"column":25},"end":{"line":24,"column":42}},"20":{"start":{"line":26,"column":2},"end":{"line":37,"column":34}},"21":{"start":{"line":27,"column":23},"end":{"line":27,"column":64}},"22":{"start":{"line":28,"column":4},"end":{"line":36,"column":5}},"23":{"start":{"line":29,"column":6},"end":{"line":35,"column":null}},"24":{"start":{"line":39,"column":22},"end":{"line":39,"column":65}},"25":{"start":{"line":39,"column":48},"end":{"line":39,"column":64}},"26":{"start":{"line":41,"column":23},"end":{"line":74,"column":null}},"27":{"start":{"line":41,"column":34},"end":{"line":74,"column":null}},"28":{"start":{"line":43,"column":4},"end":{"line":73,"column":null}},"29":{"start":{"line":50,"column":6},"end":{"line":55,"column":null}},"30":{"start":{"line":57,"column":6},"end":{"line":61,"column":7}},"31":{"start":{"line":59,"column":8},"end":{"line":59,"column":null}},"32":{"start":{"line":60,"column":8},"end":{"line":60,"column":14}},"33":{"start":{"line":63,"column":25},"end":{"line":63,"column":67}},"34":{"start":{"line":64,"column":6},"end":{"line":64,"column":null}},"35":{"start":{"line":66,"column":6},"end":{"line":72,"column":null}},"36":{"start":{"line":76,"column":25},"end":{"line":78,"column":3}},"37":{"start":{"line":77,"column":4},"end":{"line":77,"column":null}},"38":{"start":{"line":80,"column":2},"end":{"line":209,"column":null}},"39":{"start":{"line":126,"column":37},"end":{"line":126,"column":61}},"40":{"start":{"line":144,"column":37},"end":{"line":144,"column":64}},"41":{"start":{"line":156,"column":35},"end":{"line":156,"column":65}}},"fnMap":{"0":{"name":"Login","decl":{"start":{"line":15,"column":24},"end":{"line":15,"column":29}},"loc":{"start":{"line":15,"column":29},"end":{"line":210,"column":1}}},"1":{"name":"(anonymous_9)","decl":{"start":{"line":26,"column":12},"end":{"line":26,"column":15}},"loc":{"start":{"line":26,"column":17},"end":{"line":37,"column":3}}},"2":{"name":"(anonymous_10)","decl":{"start":{"line":39,"column":37},"end":{"line":39,"column":38}},"loc":{"start":{"line":39,"column":48},"end":{"line":39,"column":64}}},"3":{"name":"(anonymous_11)","decl":{"start":{"line":41,"column":23},"end":{"line":41,"column":32}},"loc":{"start":{"line":41,"column":34},"end":{"line":74,"column":null}}},"4":{"name":"(anonymous_12)","decl":{"start":{"line":41,"column":34},"end":{"line":41,"column":null}},"loc":{"start":{"line":41,"column":34},"end":{"line":74,"column":3}}},"5":{"name":"(anonymous_13)","decl":{"start":{"line":49,"column":10},"end":{"line":49,"column":11}},"loc":{"start":{"line":49,"column":19},"end":{"line":65,"column":5}}},"6":{"name":"(anonymous_14)","decl":{"start":{"line":65,"column":13},"end":{"line":65,"column":14}},"loc":{"start":{"line":65,"column":23},"end":{"line":73,"column":5}}},"7":{"name":"(anonymous_15)","decl":{"start":{"line":76,"column":25},"end":{"line":76,"column":28}},"loc":{"start":{"line":76,"column":30},"end":{"line":78,"column":3}}},"8":{"name":"(anonymous_16)","decl":{"start":{"line":126,"column":30},"end":{"line":126,"column":31}},"loc":{"start":{"line":126,"column":37},"end":{"line":126,"column":61}}},"9":{"name":"(anonymous_17)","decl":{"start":{"line":144,"column":30},"end":{"line":144,"column":31}},"loc":{"start":{"line":144,"column":37},"end":{"line":144,"column":64}}},"10":{"name":"(anonymous_18)","decl":{"start":{"line":156,"column":29},"end":{"line":156,"column":32}},"loc":{"start":{"line":156,"column":35},"end":{"line":156,"column":65}}}},"branchMap":{"0":{"loc":{"start":{"line":28,"column":4},"end":{"line":36,"column":5}},"type":"if","locations":[{"start":{"line":28,"column":4},"end":{"line":36,"column":5}}]},"1":{"loc":{"start":{"line":57,"column":6},"end":{"line":61,"column":7}},"type":"if","locations":[{"start":{"line":57,"column":6},"end":{"line":61,"column":7}}]},"2":{"loc":{"start":{"line":63,"column":25},"end":{"line":63,"column":67}},"type":"binary-expr","locations":[{"start":{"line":63,"column":25},"end":{"line":63,"column":60}},{"start":{"line":63,"column":64},"end":{"line":63,"column":67}}]},"3":{"loc":{"start":{"line":77,"column":24},"end":{"line":77,"column":60}},"type":"cond-expr","locations":[{"start":{"line":77,"column":49},"end":{"line":77,"column":53}},{"start":{"line":77,"column":56},"end":{"line":77,"column":60}}]},"4":{"loc":{"start":{"line":145,"column":26},"end":{"line":145,"column":60}},"type":"cond-expr","locations":[{"start":{"line":145,"column":41},"end":{"line":145,"column":47}},{"start":{"line":145,"column":50},"end":{"line":145,"column":60}}]},"5":{"loc":{"start":{"line":159,"column":21},"end":{"line":162,"column":null}},"type":"cond-expr","locations":[{"start":{"line":160,"column":22},"end":{"line":160,"column":56}},{"start":{"line":162,"column":22},"end":{"line":162,"column":53}}]},"6":{"loc":{"start":{"line":191,"column":19},"end":{"line":191,"column":72}},"type":"cond-expr","locations":[{"start":{"line":191,"column":29},"end":{"line":191,"column":47}},{"start":{"line":191,"column":50},"end":{"line":191,"column":72}}]}},"s":{"0":1,"1":1,"2":1,"3":1,"4":1,"5":1,"6":1,"7":1,"8":1,"9":1,"10":1,"11":1,"12":1,"13":175,"14":175,"15":175,"16":175,"17":175,"18":175,"19":175,"20":175,"21":9,"22":9,"23":0,"24":175,"25":193,"26":175,"27":3,"28":3,"29":1,"30":1,"31":0,"32":0,"33":1,"34":1,"35":2,"36":175,"37":0,"38":175,"39":48,"40":24,"41":0},"f":{"0":175,"1":9,"2":193,"3":3,"4":3,"5":1,"6":2,"7":0,"8":48,"9":24,"10":0},"b":{"0":[0],"1":[0],"2":[1,1],"3":[0,0],"4":[0,175],"5":[0,175],"6":[6,169]}}
,"C:\\Users\\wafaa\\OneDrive\\Desktop\\GreenConnect\\green_connect_website\\src\\pages\\Auth\\Register.tsx": {"path":"C:\\Users\\wafaa\\OneDrive\\Desktop\\GreenConnect\\green_connect_website\\src\\pages\\Auth\\Register.tsx","statementMap":{"0":{"start":{"line":14,"column":0},"end":{"line":14,"column":24}},"1":{"start":{"line":1,"column":0},"end":{"line":1,"column":32}},"2":{"start":{"line":2,"column":0},"end":{"line":2,"column":38}},"3":{"start":{"line":3,"column":0},"end":{"line":3,"column":75}},"4":{"start":{"line":4,"column":0},"end":{"line":4,"column":52}},"5":{"start":{"line":5,"column":0},"end":{"line":5,"column":46}},"6":{"start":{"line":6,"column":0},"end":{"line":6,"column":50}},"7":{"start":{"line":7,"column":0},"end":{"line":7,"column":50}},"8":{"start":{"line":8,"column":0},"end":{"line":8,"column":72}},"9":{"start":{"line":9,"column":0},"end":{"line":9,"column":60}},"10":{"start":{"line":10,"column":0},"end":{"line":10,"column":47}},"11":{"start":{"line":11,"column":0},"end":{"line":11,"column":56}},"12":{"start":{"line":12,"column":0},"end":{"line":12,"column":43}},"13":{"start":{"line":15,"column":22},"end":{"line":15,"column":38}},"14":{"start":{"line":16,"column":42},"end":{"line":16,"column":57}},"15":{"start":{"line":17,"column":56},"end":{"line":17,"column":71}},"16":{"start":{"line":19,"column":26},"end":{"line":19,"column":38}},"17":{"start":{"line":20,"column":28},"end":{"line":20,"column":40}},"18":{"start":{"line":21,"column":34},"end":{"line":21,"column":46}},"19":{"start":{"line":22,"column":48},"end":{"line":22,"column":60}},"20":{"start":{"line":24,"column":19},"end":{"line":24,"column":35}},"21":{"start":{"line":25,"column":19},"end":{"line":25,"column":32}},"22":{"start":{"line":27,"column":23},"end":{"line":102,"column":null}},"23":{"start":{"line":27,"column":34},"end":{"line":102,"column":null}},"24":{"start":{"line":28,"column":4},"end":{"line":36,"column":5}},"25":{"start":{"line":29,"column":6},"end":{"line":34,"column":null}},"26":{"start":{"line":35,"column":6},"end":{"line":35,"column":12}},"27":{"start":{"line":39,"column":29},"end":{"line":39,"column":31}},"28":{"start":{"line":41,"column":4},"end":{"line":43,"column":5}},"29":{"start":{"line":42,"column":6},"end":{"line":42,"column":57}},"30":{"start":{"line":44,"column":4},"end":{"line":46,"column":5}},"31":{"start":{"line":45,"column":6},"end":{"line":45,"column":56}},"32":{"start":{"line":47,"column":4},"end":{"line":49,"column":5}},"33":{"start":{"line":48,"column":6},"end":{"line":48,"column":61}},"34":{"start":{"line":50,"column":4},"end":{"line":52,"column":5}},"35":{"start":{"line":51,"column":6},"end":{"line":51,"column":60}},"36":{"start":{"line":53,"column":4},"end":{"line":55,"column":5}},"37":{"start":{"line":54,"column":6},"end":{"line":54,"column":58}},"38":{"start":{"line":56,"column":4},"end":{"line":58,"column":5}},"39":{"start":{"line":57,"column":6},"end":{"line":57,"column":65}},"40":{"start":{"line":61,"column":4},"end":{"line":69,"column":5}},"41":{"start":{"line":62,"column":6},"end":{"line":67,"column":8}},"42":{"start":{"line":68,"column":6},"end":{"line":68,"column":13}},"43":{"start":{"line":71,"column":4},"end":{"line":96,"column":null}},"44":{"start":{"line":79,"column":6},"end":{"line":84,"column":null}},"45":{"start":{"line":86,"column":6},"end":{"line":88,"column":null}},"46":{"start":{"line":87,"column":8},"end":{"line":87,"column":null}},"47":{"start":{"line":90,"column":6},"end":{"line":95,"column":null}},"48":{"start":{"line":98,"column":4},"end":{"line":98,"column":null}},"49":{"start":{"line":99,"column":4},"end":{"line":99,"column":null}},"50":{"start":{"line":100,"column":4},"end":{"line":100,"column":null}},"51":{"start":{"line":101,"column":4},"end":{"line":101,"column":null}},"52":{"start":{"line":104,"column":25},"end":{"line":106,"column":3}},"53":{"start":{"line":105,"column":4},"end":{"line":105,"column":null}},"54":{"start":{"line":108,"column":2},"end":{"line":285,"column":null}},"55":{"start":{"line":153,"column":37},"end":{"line":153,"column":60}},"56":{"start":{"line":173,"column":37},"end":{"line":173,"column":61}},"57":{"start":{"line":193,"column":37},"end":{"line":193,"column":64}},"58":{"start":{"line":203,"column":35},"end":{"line":203,"column":65}},"59":{"start":{"line":224,"column":37},"end":{"line":224,"column":71}},"60":{"start":{"line":234,"column":35},"end":{"line":234,"column":79}}},"fnMap":{"0":{"name":"Register","decl":{"start":{"line":14,"column":24},"end":{"line":14,"column":32}},"loc":{"start":{"line":14,"column":32},"end":{"line":286,"column":1}}},"1":{"name":"(anonymous_9)","decl":{"start":{"line":27,"column":23},"end":{"line":27,"column":32}},"loc":{"start":{"line":27,"column":34},"end":{"line":102,"column":null}}},"2":{"name":"(anonymous_10)","decl":{"start":{"line":27,"column":34},"end":{"line":27,"column":null}},"loc":{"start":{"line":27,"column":34},"end":{"line":102,"column":3}}},"3":{"name":"(anonymous_11)","decl":{"start":{"line":78,"column":10},"end":{"line":78,"column":13}},"loc":{"start":{"line":78,"column":15},"end":{"line":89,"column":5}}},"4":{"name":"(anonymous_12)","decl":{"start":{"line":86,"column":17},"end":{"line":86,"column":20}},"loc":{"start":{"line":86,"column":22},"end":{"line":88,"column":7}}},"5":{"name":"(anonymous_13)","decl":{"start":{"line":89,"column":13},"end":{"line":89,"column":14}},"loc":{"start":{"line":89,"column":23},"end":{"line":96,"column":5}}},"6":{"name":"(anonymous_14)","decl":{"start":{"line":104,"column":25},"end":{"line":104,"column":28}},"loc":{"start":{"line":104,"column":30},"end":{"line":106,"column":3}}},"7":{"name":"(anonymous_15)","decl":{"start":{"line":153,"column":30},"end":{"line":153,"column":31}},"loc":{"start":{"line":153,"column":37},"end":{"line":153,"column":60}}},"8":{"name":"(anonymous_16)","decl":{"start":{"line":173,"column":30},"end":{"line":173,"column":31}},"loc":{"start":{"line":173,"column":37},"end":{"line":173,"column":61}}},"9":{"name":"(anonymous_17)","decl":{"start":{"line":193,"column":30},"end":{"line":193,"column":31}},"loc":{"start":{"line":193,"column":37},"end":{"line":193,"column":64}}},"10":{"name":"(anonymous_18)","decl":{"start":{"line":203,"column":29},"end":{"line":203,"column":32}},"loc":{"start":{"line":203,"column":35},"end":{"line":203,"column":65}}},"11":{"name":"(anonymous_19)","decl":{"start":{"line":224,"column":30},"end":{"line":224,"column":31}},"loc":{"start":{"line":224,"column":37},"end":{"line":224,"column":71}}},"12":{"name":"(anonymous_20)","decl":{"start":{"line":234,"column":29},"end":{"line":234,"column":32}},"loc":{"start":{"line":234,"column":35},"end":{"line":234,"column":79}}}},"branchMap":{"0":{"loc":{"start":{"line":28,"column":4},"end":{"line":36,"column":5}},"type":"if","locations":[{"start":{"line":28,"column":4},"end":{"line":36,"column":5}}]},"1":{"loc":{"start":{"line":41,"column":4},"end":{"line":43,"column":5}},"type":"if","locations":[{"start":{"line":41,"column":4},"end":{"line":43,"column":5}}]},"2":{"loc":{"start":{"line":44,"column":4},"end":{"line":46,"column":5}},"type":"if","locations":[{"start":{"line":44,"column":4},"end":{"line":46,"column":5}}]},"3":{"loc":{"start":{"line":47,"column":4},"end":{"line":49,"column":5}},"type":"if","locations":[{"start":{"line":47,"column":4},"end":{"line":49,"column":5}}]},"4":{"loc":{"start":{"line":50,"column":4},"end":{"line":52,"column":5}},"type":"if","locations":[{"start":{"line":50,"column":4},"end":{"line":52,"column":5}}]},"5":{"loc":{"start":{"line":53,"column":4},"end":{"line":55,"column":5}},"type":"if","locations":[{"start":{"line":53,"column":4},"end":{"line":55,"column":5}}]},"6":{"loc":{"start":{"line":56,"column":4},"end":{"line":58,"column":5}},"type":"if","locations":[{"start":{"line":56,"column":4},"end":{"line":58,"column":5}}]},"7":{"loc":{"start":{"line":61,"column":4},"end":{"line":69,"column":5}},"type":"if","locations":[{"start":{"line":61,"column":4},"end":{"line":69,"column":5}}]},"8":{"loc":{"start":{"line":105,"column":24},"end":{"line":105,"column":60}},"type":"cond-expr","locations":[{"start":{"line":105,"column":49},"end":{"line":105,"column":53}},{"start":{"line":105,"column":56},"end":{"line":105,"column":60}}]},"9":{"loc":{"start":{"line":194,"column":26},"end":{"line":194,"column":60}},"type":"cond-expr","locations":[{"start":{"line":194,"column":41},"end":{"line":194,"column":47}},{"start":{"line":194,"column":50},"end":{"line":194,"column":60}}]},"10":{"loc":{"start":{"line":206,"column":21},"end":{"line":209,"column":null}},"type":"cond-expr","locations":[{"start":{"line":207,"column":22},"end":{"line":207,"column":56}},{"start":{"line":209,"column":22},"end":{"line":209,"column":53}}]},"11":{"loc":{"start":{"line":225,"column":26},"end":{"line":225,"column":67}},"type":"cond-expr","locations":[{"start":{"line":225,"column":48},"end":{"line":225,"column":54}},{"start":{"line":225,"column":57},"end":{"line":225,"column":67}}]},"12":{"loc":{"start":{"line":237,"column":21},"end":{"line":240,"column":null}},"type":"cond-expr","locations":[{"start":{"line":238,"column":22},"end":{"line":238,"column":56}},{"start":{"line":240,"column":22},"end":{"line":240,"column":53}}]}},"s":{"0":1,"1":1,"2":1,"3":1,"4":1,"5":1,"6":1,"7":1,"8":1,"9":1,"10":1,"11":1,"12":1,"13":328,"14":328,"15":328,"16":328,"17":328,"18":328,"19":328,"20":328,"21":328,"22":328,"23":10,"24":10,"25":1,"26":1,"27":9,"28":9,"29":1,"30":9,"31":1,"32":9,"33":2,"34":9,"35":1,"36":9,"37":1,"38":9,"39":1,"40":9,"41":6,"42":6,"43":3,"44":2,"45":2,"46":1,"47":1,"48":3,"49":3,"50":3,"51":3,"52":328,"53":0,"54":328,"55":0,"56":63,"57":127,"58":0,"59":128,"60":0},"f":{"0":328,"1":10,"2":10,"3":2,"4":1,"5":1,"6":0,"7":0,"8":63,"9":127,"10":0,"11":128,"12":0},"b":{"0":[1],"1":[1],"2":[1],"3":[2],"4":[1],"5":[1],"6":[1],"7":[6],"8":[0,0],"9":[0,328],"10":[0,328],"11":[0,328],"12":[0,328]}}
,"C:\\Users\\wafaa\\OneDrive\\Desktop\\GreenConnect\\green_connect_website\\src\\pages\\Home\\Home.tsx": {"path":"C:\\Users\\wafaa\\OneDrive\\Desktop\\GreenConnect\\green_connect_website\\src\\pages\\Home\\Home.tsx","statementMap":{"0":{"start":{"line":1,"column":0},"end":{"line":1,"column":56}},"1":{"start":{"line":2,"column":0},"end":{"line":2,"column":58}},"2":{"start":{"line":3,"column":0},"end":{"line":3,"column":64}},"3":{"start":{"line":4,"column":0},"end":{"line":4,"column":52}},"4":{"start":{"line":5,"column":0},"end":{"line":5,"column":44}},"5":{"start":{"line":6,"column":0},"end":{"line":6,"column":48}},"6":{"start":{"line":8,"column":17},"end":{"line":23,"column":1}},"7":{"start":{"line":13,"column":2},"end":{"line":22,"column":null}},"8":{"start":{"line":25,"column":0},"end":{"line":25,"column":null}}},"fnMap":{"0":{"name":"(anonymous_1)","decl":{"start":{"line":8,"column":17},"end":{"line":8,"column":20}},"loc":{"start":{"line":8,"column":22},"end":{"line":23,"column":1}}}},"branchMap":{},"s":{"0":1,"1":1,"2":1,"3":1,"4":1,"5":1,"6":1,"7":1,"8":1},"f":{"0":1},"b":{}}
,"C:\\Users\\wafaa\\OneDrive\\Desktop\\GreenConnect\\green_connect_website\\src\\pages\\Home\\components\\CommunityAnnounceComponent.tsx": {"path":"C:\\Users\\wafaa\\OneDrive\\Desktop\\GreenConnect\\green_connect_website\\src\\pages\\Home\\components\\CommunityAnnounceComponent.tsx","statementMap":{"0":{"start":{"line":3,"column":0},"end":{"line":3,"column":38}},"1":{"start":{"line":4,"column":0},"end":{"line":4,"column":46}},"2":{"start":{"line":5,"column":0},"end":{"line":5,"column":59}},"3":{"start":{"line":10,"column":72},"end":{"line":27,"column":1}},"4":{"start":{"line":11,"column":18},"end":{"line":11,"column":34}},"5":{"start":{"line":12,"column":4},"end":{"line":26,"column":null}},"6":{"start":{"line":29,"column":0},"end":{"line":29,"column":null}}},"fnMap":{"0":{"name":"(anonymous_0)","decl":{"start":{"line":10,"column":72},"end":{"line":10,"column":73}},"loc":{"start":{"line":10,"column":89},"end":{"line":27,"column":1}}}},"branchMap":{"0":{"loc":{"start":{"line":23,"column":65},"end":{"line":23,"column":85}},"type":"cond-expr","locations":[{"start":{"line":23,"column":79},"end":{"line":23,"column":81}},{"start":{"line":23,"column":79},"end":{"line":23,"column":85}}]},"1":{"loc":{"start":{"line":23,"column":65},"end":{"line":23,"column":81}},"type":"binary-expr","locations":[{"start":{"line":23,"column":65},"end":{"line":23,"column":81}},{"start":{"line":23,"column":79},"end":{"line":23,"column":81}}]},"2":{"loc":{"start":{"line":23,"column":65},"end":{"line":23,"column":79}},"type":"cond-expr","locations":[{"start":{"line":23,"column":73},"end":{"line":23,"column":75}},{"start":{"line":23,"column":65},"end":{"line":23,"column":79}}]},"3":{"loc":{"start":{"line":23,"column":65},"end":{"line":23,"column":75}},"type":"binary-expr","locations":[{"start":{"line":23,"column":65},"end":{"line":23,"column":75}},{"start":{"line":23,"column":65},"end":{"line":23,"column":75}}]}},"s":{"0":1,"1":1,"2":1,"3":1,"4":0,"5":0,"6":1},"f":{"0":0},"b":{"0":[0,0],"1":[0,0],"2":[0,0],"3":[0,0]}}
,"C:\\Users\\wafaa\\OneDrive\\Desktop\\GreenConnect\\green_connect_website\\src\\pages\\Home\\components\\CommunityAnnounces.tsx": {"path":"C:\\Users\\wafaa\\OneDrive\\Desktop\\GreenConnect\\green_connect_website\\src\\pages\\Home\\components\\CommunityAnnounces.tsx","statementMap":{"0":{"start":{"line":1,"column":0},"end":{"line":1,"column":46}},"1":{"start":{"line":2,"column":0},"end":{"line":2,"column":69}},"2":{"start":{"line":3,"column":0},"end":{"line":3,"column":33}},"3":{"start":{"line":4,"column":0},"end":{"line":4,"column":70}},"4":{"start":{"line":5,"column":0},"end":{"line":5,"column":41}},"5":{"start":{"line":6,"column":0},"end":{"line":6,"column":39}},"6":{"start":{"line":7,"column":0},"end":{"line":7,"column":46}},"7":{"start":{"line":8,"column":0},"end":{"line":8,"column":69}},"8":{"start":{"line":10,"column":27},"end":{"line":37,"column":1}},"9":{"start":{"line":11,"column":21},"end":{"line":11,"column":37}},"10":{"start":{"line":12,"column":24},"end":{"line":12,"column":71}},"11":{"start":{"line":12,"column":50},"end":{"line":12,"column":70}},"12":{"start":{"line":13,"column":16},"end":{"line":13,"column":32}},"13":{"start":{"line":15,"column":4},"end":{"line":17,"column":null}},"14":{"start":{"line":16,"column":8},"end":{"line":16,"column":null}},"15":{"start":{"line":18,"column":2},"end":{"line":36,"column":null}},"16":{"start":{"line":23,"column":53},"end":{"line":23,"column":103}},"17":{"start":{"line":39,"column":0},"end":{"line":39,"column":null}}},"fnMap":{"0":{"name":"(anonymous_1)","decl":{"start":{"line":10,"column":27},"end":{"line":10,"column":30}},"loc":{"start":{"line":10,"column":32},"end":{"line":37,"column":1}}},"1":{"name":"(anonymous_2)","decl":{"start":{"line":12,"column":39},"end":{"line":12,"column":40}},"loc":{"start":{"line":12,"column":50},"end":{"line":12,"column":70}}},"2":{"name":"(anonymous_3)","decl":{"start":{"line":15,"column":14},"end":{"line":15,"column":17}},"loc":{"start":{"line":15,"column":19},"end":{"line":17,"column":5}}},"3":{"name":"(anonymous_4)","decl":{"start":{"line":23,"column":39},"end":{"line":23,"column":40}},"loc":{"start":{"line":23,"column":53},"end":{"line":23,"column":103}}}},"branchMap":{},"s":{"0":1,"1":1,"2":1,"3":1,"4":1,"5":1,"6":1,"7":1,"8":1,"9":2,"10":2,"11":6,"12":2,"13":2,"14":1,"15":2,"16":0,"17":1},"f":{"0":2,"1":6,"2":1,"3":0},"b":{}}
,"C:\\Users\\wafaa\\OneDrive\\Desktop\\GreenConnect\\green_connect_website\\src\\pages\\Home\\components\\ContactSection.tsx": {"path":"C:\\Users\\wafaa\\OneDrive\\Desktop\\GreenConnect\\green_connect_website\\src\\pages\\Home\\components\\ContactSection.tsx","statementMap":{"0":{"start":{"line":1,"column":0},"end":{"line":1,"column":35}},"1":{"start":{"line":2,"column":0},"end":{"line":2,"column":32}},"2":{"start":{"line":3,"column":0},"end":{"line":3,"column":46}},"3":{"start":{"line":4,"column":0},"end":{"line":4,"column":43}},"4":{"start":{"line":5,"column":0},"end":{"line":5,"column":53}},"5":{"start":{"line":6,"column":0},"end":{"line":6,"column":75}},"6":{"start":{"line":7,"column":0},"end":{"line":7,"column":51}},"7":{"start":{"line":9,"column":23},"end":{"line":103,"column":1}},"8":{"start":{"line":10,"column":16},"end":{"line":10,"column":32}},"9":{"start":{"line":12,"column":28},"end":{"line":12,"column":40}},"10":{"start":{"line":13,"column":30},"end":{"line":13,"column":42}},"11":{"start":{"line":14,"column":34},"end":{"line":14,"column":46}},"12":{"start":{"line":15,"column":21},"end":{"line":15,"column":37}},"13":{"start":{"line":17,"column":23},"end":{"line":32,"column":null}},"14":{"start":{"line":17,"column":69},"end":{"line":32,"column":null}},"15":{"start":{"line":18,"column":4},"end":{"line":18,"column":null}},"16":{"start":{"line":19,"column":17},"end":{"line":23,"column":null}},"17":{"start":{"line":25,"column":4},"end":{"line":31,"column":5}},"18":{"start":{"line":26,"column":6},"end":{"line":26,"column":null}},"19":{"start":{"line":27,"column":6},"end":{"line":27,"column":null}},"20":{"start":{"line":29,"column":6},"end":{"line":29,"column":null}},"21":{"start":{"line":30,"column":6},"end":{"line":30,"column":null}},"22":{"start":{"line":34,"column":2},"end":{"line":102,"column":null}},"23":{"start":{"line":56,"column":37},"end":{"line":56,"column":60}},"24":{"start":{"line":70,"column":37},"end":{"line":70,"column":61}},"25":{"start":{"line":82,"column":37},"end":{"line":82,"column":63}},"26":{"start":{"line":105,"column":0},"end":{"line":105,"column":null}}},"fnMap":{"0":{"name":"(anonymous_8)","decl":{"start":{"line":9,"column":23},"end":{"line":9,"column":26}},"loc":{"start":{"line":9,"column":28},"end":{"line":103,"column":1}}},"1":{"name":"(anonymous_9)","decl":{"start":{"line":17,"column":23},"end":{"line":17,"column":30}},"loc":{"start":{"line":17,"column":69},"end":{"line":32,"column":null}}},"2":{"name":"(anonymous_10)","decl":{"start":{"line":17,"column":69},"end":{"line":17,"column":null}},"loc":{"start":{"line":17,"column":69},"end":{"line":32,"column":3}}},"3":{"name":"(anonymous_11)","decl":{"start":{"line":56,"column":30},"end":{"line":56,"column":31}},"loc":{"start":{"line":56,"column":37},"end":{"line":56,"column":60}}},"4":{"name":"(anonymous_12)","decl":{"start":{"line":70,"column":30},"end":{"line":70,"column":31}},"loc":{"start":{"line":70,"column":37},"end":{"line":70,"column":61}}},"5":{"name":"(anonymous_13)","decl":{"start":{"line":82,"column":30},"end":{"line":82,"column":31}},"loc":{"start":{"line":82,"column":37},"end":{"line":82,"column":63}}}},"branchMap":{},"s":{"0":1,"1":1,"2":1,"3":1,"4":1,"5":1,"6":1,"7":1,"8":1,"9":1,"10":1,"11":1,"12":1,"13":1,"14":0,"15":0,"16":0,"17":0,"18":0,"19":0,"20":0,"21":0,"22":1,"23":0,"24":0,"25":0,"26":1},"f":{"0":1,"1":0,"2":0,"3":0,"4":0,"5":0},"b":{}}
,"C:\\Users\\wafaa\\OneDrive\\Desktop\\GreenConnect\\green_connect_website\\src\\pages\\Home\\components\\FeaturesSection.tsx": {"path":"C:\\Users\\wafaa\\OneDrive\\Desktop\\GreenConnect\\green_connect_website\\src\\pages\\Home\\components\\FeaturesSection.tsx","statementMap":{"0":{"start":{"line":1,"column":0},"end":{"line":1,"column":38}},"1":{"start":{"line":2,"column":0},"end":{"line":2,"column":62}},"2":{"start":{"line":3,"column":0},"end":{"line":3,"column":46}},"3":{"start":{"line":5,"column":24},"end":{"line":34,"column":1}},"4":{"start":{"line":6,"column":16},"end":{"line":6,"column":32}},"5":{"start":{"line":7,"column":2},"end":{"line":33,"column":null}},"6":{"start":{"line":18,"column":14},"end":{"line":19,"column":null}},"7":{"start":{"line":36,"column":0},"end":{"line":36,"column":null}}},"fnMap":{"0":{"name":"(anonymous_0)","decl":{"start":{"line":5,"column":24},"end":{"line":5,"column":27}},"loc":{"start":{"line":5,"column":29},"end":{"line":34,"column":1}}},"1":{"name":"(anonymous_1)","decl":{"start":{"line":17,"column":18},"end":{"line":17,"column":19}},"loc":{"start":{"line":18,"column":14},"end":{"line":19,"column":null}}}},"branchMap":{},"s":{"0":1,"1":1,"2":1,"3":1,"4":1,"5":1,"6":4,"7":1},"f":{"0":1,"1":4},"b":{}}
,"C:\\Users\\wafaa\\OneDrive\\Desktop\\GreenConnect\\green_connect_website\\src\\pages\\Home\\components\\HomeArticleComponent.tsx": {"path":"C:\\Users\\wafaa\\OneDrive\\Desktop\\GreenConnect\\green_connect_website\\src\\pages\\Home\\components\\HomeArticleComponent.tsx","statementMap":{"0":{"start":{"line":3,"column":0},"end":{"line":3,"column":38}},"1":{"start":{"line":4,"column":0},"end":{"line":4,"column":46}},"2":{"start":{"line":5,"column":0},"end":{"line":5,"column":59}},"3":{"start":{"line":11,"column":60},"end":{"line":31,"column":1}},"4":{"start":{"line":12,"column":16},"end":{"line":12,"column":32}},"5":{"start":{"line":13,"column":2},"end":{"line":30,"column":null}},"6":{"start":{"line":33,"column":0},"end":{"line":33,"column":null}}},"fnMap":{"0":{"name":"(anonymous_0)","decl":{"start":{"line":11,"column":60},"end":{"line":11,"column":61}},"loc":{"start":{"line":11,"column":76},"end":{"line":31,"column":1}}}},"branchMap":{"0":{"loc":{"start":{"line":26,"column":39},"end":{"line":26,"column":69}},"type":"cond-expr","locations":[{"start":{"line":26,"column":63},"end":{"line":26,"column":65}},{"start":{"line":26,"column":63},"end":{"line":26,"column":69}}]},"1":{"loc":{"start":{"line":26,"column":39},"end":{"line":26,"column":65}},"type":"binary-expr","locations":[{"start":{"line":26,"column":39},"end":{"line":26,"column":65}},{"start":{"line":26,"column":63},"end":{"line":26,"column":65}}]}},"s":{"0":1,"1":1,"2":1,"3":1,"4":0,"5":0,"6":1},"f":{"0":0},"b":{"0":[0,0],"1":[0,0]}}
,"C:\\Users\\wafaa\\OneDrive\\Desktop\\GreenConnect\\green_connect_website\\src\\pages\\Home\\components\\HomeArticles.tsx": {"path":"C:\\Users\\wafaa\\OneDrive\\Desktop\\GreenConnect\\green_connect_website\\src\\pages\\Home\\components\\HomeArticles.tsx","statementMap":{"0":{"start":{"line":1,"column":0},"end":{"line":1,"column":41}},"1":{"start":{"line":2,"column":0},"end":{"line":2,"column":39}},"2":{"start":{"line":3,"column":0},"end":{"line":3,"column":69}},"3":{"start":{"line":4,"column":0},"end":{"line":4,"column":46}},"4":{"start":{"line":5,"column":0},"end":{"line":5,"column":33}},"5":{"start":{"line":6,"column":0},"end":{"line":6,"column":68}},"6":{"start":{"line":7,"column":0},"end":{"line":7,"column":46}},"7":{"start":{"line":8,"column":0},"end":{"line":8,"column":57}},"8":{"start":{"line":10,"column":21},"end":{"line":34,"column":1}},"9":{"start":{"line":11,"column":23},"end":{"line":11,"column":69}},"10":{"start":{"line":11,"column":49},"end":{"line":11,"column":68}},"11":{"start":{"line":12,"column":21},"end":{"line":12,"column":37}},"12":{"start":{"line":13,"column":18},"end":{"line":13,"column":34}},"13":{"start":{"line":15,"column":4},"end":{"line":17,"column":null}},"14":{"start":{"line":16,"column":8},"end":{"line":16,"column":null}},"15":{"start":{"line":18,"column":2},"end":{"line":33,"column":null}},"16":{"start":{"line":23,"column":39},"end":{"line":23,"column":81}},"17":{"start":{"line":36,"column":0},"end":{"line":36,"column":null}}},"fnMap":{"0":{"name":"(anonymous_1)","decl":{"start":{"line":10,"column":21},"end":{"line":10,"column":24}},"loc":{"start":{"line":10,"column":26},"end":{"line":34,"column":1}}},"1":{"name":"(anonymous_2)","decl":{"start":{"line":11,"column":38},"end":{"line":11,"column":39}},"loc":{"start":{"line":11,"column":49},"end":{"line":11,"column":68}}},"2":{"name":"(anonymous_3)","decl":{"start":{"line":15,"column":14},"end":{"line":15,"column":17}},"loc":{"start":{"line":15,"column":19},"end":{"line":17,"column":5}}},"3":{"name":"(anonymous_4)","decl":{"start":{"line":23,"column":26},"end":{"line":23,"column":27}},"loc":{"start":{"line":23,"column":39},"end":{"line":23,"column":81}}}},"branchMap":{},"s":{"0":1,"1":1,"2":1,"3":1,"4":1,"5":1,"6":1,"7":1,"8":1,"9":2,"10":6,"11":2,"12":2,"13":2,"14":1,"15":2,"16":0,"17":1},"f":{"0":2,"1":6,"2":1,"3":0},"b":{}}
,"C:\\Users\\wafaa\\OneDrive\\Desktop\\GreenConnect\\green_connect_website\\src\\pages\\Home\\components\\HomeEventComponent.tsx": {"path":"C:\\Users\\wafaa\\OneDrive\\Desktop\\GreenConnect\\green_connect_website\\src\\pages\\Home\\components\\HomeEventComponent.tsx","statementMap":{"0":{"start":{"line":3,"column":0},"end":{"line":3,"column":38}},"1":{"start":{"line":4,"column":0},"end":{"line":4,"column":47}},"2":{"start":{"line":5,"column":0},"end":{"line":5,"column":59}},"3":{"start":{"line":11,"column":56},"end":{"line":34,"column":1}},"4":{"start":{"line":12,"column":4},"end":{"line":33,"column":null}},"5":{"start":{"line":36,"column":0},"end":{"line":36,"column":null}}},"fnMap":{"0":{"name":"(anonymous_0)","decl":{"start":{"line":11,"column":56},"end":{"line":11,"column":57}},"loc":{"start":{"line":11,"column":70},"end":{"line":34,"column":1}}}},"branchMap":{},"s":{"0":1,"1":1,"2":1,"3":1,"4":0,"5":1},"f":{"0":0},"b":{}}
,"C:\\Users\\wafaa\\OneDrive\\Desktop\\GreenConnect\\green_connect_website\\src\\pages\\Home\\components\\HomeEvents.tsx": {"path":"C:\\Users\\wafaa\\OneDrive\\Desktop\\GreenConnect\\green_connect_website\\src\\pages\\Home\\components\\HomeEvents.tsx","statementMap":{"0":{"start":{"line":1,"column":0},"end":{"line":1,"column":41}},"1":{"start":{"line":2,"column":0},"end":{"line":2,"column":33}},"2":{"start":{"line":3,"column":0},"end":{"line":3,"column":46}},"3":{"start":{"line":4,"column":0},"end":{"line":4,"column":39}},"4":{"start":{"line":5,"column":0},"end":{"line":5,"column":69}},"5":{"start":{"line":6,"column":0},"end":{"line":6,"column":64}},"6":{"start":{"line":7,"column":0},"end":{"line":7,"column":46}},"7":{"start":{"line":8,"column":0},"end":{"line":8,"column":53}},"8":{"start":{"line":10,"column":19},"end":{"line":37,"column":1}},"9":{"start":{"line":11,"column":18},"end":{"line":11,"column":34}},"10":{"start":{"line":12,"column":21},"end":{"line":12,"column":37}},"11":{"start":{"line":14,"column":4},"end":{"line":17,"column":null}},"12":{"start":{"line":16,"column":6},"end":{"line":16,"column":null}},"13":{"start":{"line":20,"column":21},"end":{"line":20,"column":65}},"14":{"start":{"line":20,"column":47},"end":{"line":20,"column":64}},"15":{"start":{"line":21,"column":2},"end":{"line":36,"column":null}},"16":{"start":{"line":26,"column":35},"end":{"line":26,"column":71}},"17":{"start":{"line":39,"column":0},"end":{"line":39,"column":null}}},"fnMap":{"0":{"name":"(anonymous_1)","decl":{"start":{"line":10,"column":19},"end":{"line":10,"column":22}},"loc":{"start":{"line":10,"column":24},"end":{"line":37,"column":1}}},"1":{"name":"(anonymous_2)","decl":{"start":{"line":14,"column":14},"end":{"line":14,"column":17}},"loc":{"start":{"line":14,"column":19},"end":{"line":17,"column":5}}},"2":{"name":"(anonymous_3)","decl":{"start":{"line":20,"column":36},"end":{"line":20,"column":37}},"loc":{"start":{"line":20,"column":47},"end":{"line":20,"column":64}}},"3":{"name":"(anonymous_4)","decl":{"start":{"line":26,"column":24},"end":{"line":26,"column":25}},"loc":{"start":{"line":26,"column":35},"end":{"line":26,"column":71}}}},"branchMap":{},"s":{"0":1,"1":1,"2":1,"3":1,"4":1,"5":1,"6":1,"7":1,"8":1,"9":2,"10":2,"11":2,"12":1,"13":2,"14":4,"15":2,"16":0,"17":1},"f":{"0":2,"1":1,"2":4,"3":0},"b":{}}
,"C:\\Users\\wafaa\\OneDrive\\Desktop\\GreenConnect\\green_connect_website\\src\\pages\\Home\\components\\HomeHero.tsx": {"path":"C:\\Users\\wafaa\\OneDrive\\Desktop\\GreenConnect\\green_connect_website\\src\\pages\\Home\\components\\HomeHero.tsx","statementMap":{"0":{"start":{"line":1,"column":0},"end":{"line":1,"column":38}},"1":{"start":{"line":2,"column":0},"end":{"line":2,"column":39}},"2":{"start":{"line":3,"column":0},"end":{"line":3,"column":46}},"3":{"start":{"line":4,"column":0},"end":{"line":4,"column":46}},"4":{"start":{"line":6,"column":17},"end":{"line":62,"column":1}},"5":{"start":{"line":7,"column":18},"end":{"line":7,"column":34}},"6":{"start":{"line":8,"column":2},"end":{"line":61,"column":null}},"7":{"start":{"line":64,"column":0},"end":{"line":64,"column":null}}},"fnMap":{"0":{"name":"(anonymous_1)","decl":{"start":{"line":6,"column":17},"end":{"line":6,"column":20}},"loc":{"start":{"line":6,"column":22},"end":{"line":62,"column":1}}}},"branchMap":{},"s":{"0":1,"1":1,"2":1,"3":1,"4":1,"5":1,"6":1,"7":1},"f":{"0":1},"b":{}}
,"C:\\Users\\wafaa\\OneDrive\\Desktop\\GreenConnect\\green_connect_website\\src\\redux\\root_reducer.ts": {"path":"C:\\Users\\wafaa\\OneDrive\\Desktop\\GreenConnect\\green_connect_website\\src\\redux\\root_reducer.ts","statementMap":{"0":{"start":{"line":1,"column":0},"end":{"line":1,"column":51}},"1":{"start":{"line":2,"column":0},"end":{"line":2,"column":61}},"2":{"start":{"line":3,"column":0},"end":{"line":3,"column":51}},"3":{"start":{"line":4,"column":0},"end":{"line":4,"column":53}},"4":{"start":{"line":5,"column":0},"end":{"line":5,"column":45}},"5":{"start":{"line":6,"column":0},"end":{"line":6,"column":47}},"6":{"start":{"line":7,"column":0},"end":{"line":7,"column":61}},"7":{"start":{"line":9,"column":20},"end":{"line":16,"column":2}},"8":{"start":{"line":18,"column":0},"end":{"line":18,"column":27}}},"fnMap":{},"branchMap":{},"s":{"0":4,"1":4,"2":4,"3":4,"4":4,"5":4,"6":4,"7":4,"8":4},"f":{},"b":{}}
,"C:\\Users\\wafaa\\OneDrive\\Desktop\\GreenConnect\\green_connect_website\\src\\redux\\store.ts": {"path":"C:\\Users\\wafaa\\OneDrive\\Desktop\\GreenConnect\\green_connect_website\\src\\redux\\store.ts","statementMap":{"0":{"start":{"line":1,"column":0},"end":{"line":1,"column":50}},"1":{"start":{"line":3,"column":0},"end":{"line":3,"column":112}},"2":{"start":{"line":4,"column":0},"end":{"line":4,"column":48}},"3":{"start":{"line":5,"column":0},"end":{"line":5,"column":41}},"4":{"start":{"line":7,"column":22},"end":{"line":11,"column":4}},"5":{"start":{"line":13,"column":27},"end":{"line":13,"column":69}},"6":{"start":{"line":16,"column":14},"end":{"line":18,"column":2}},"7":{"start":{"line":39,"column":9},"end":{"line":39,"column":14}},"8":{"start":{"line":20,"column":18},"end":{"line":20,"column":37}},"9":{"start":{"line":39,"column":16},"end":{"line":39,"column":25}},"10":{"start":{"line":27,"column":26},"end":{"line":38,"column":1}},"11":{"start":{"line":28,"column":2},"end":{"line":37,"column":null}},"12":{"start":{"line":31,"column":6},"end":{"line":35,"column":8}},"13":{"start":{"line":27,"column":13},"end":{"line":27,"column":26}}},"fnMap":{"0":{"name":"(anonymous_1)","decl":{"start":{"line":27,"column":26},"end":{"line":27,"column":27}},"loc":{"start":{"line":27,"column":66},"end":{"line":38,"column":1}}},"1":{"name":"(anonymous_2)","decl":{"start":{"line":30,"column":16},"end":{"line":30,"column":17}},"loc":{"start":{"line":31,"column":6},"end":{"line":35,"column":8}}}},"branchMap":{},"s":{"0":4,"1":4,"2":4,"3":4,"4":4,"5":4,"6":4,"7":4,"8":4,"9":4,"10":4,"11":0,"12":0,"13":4},"f":{"0":0,"1":0},"b":{}}
[...]
:{"start":{"line":105,"column":42},"end":{"line":105,"column":43}},"loc":{"start":{"line":105,"column":60},"end":{"line":110,"column":13}}},"14":{"name":"(anonymous_22)","decl":{"start":{"line":111,"column":41},"end":{"line":111,"column":42}},"loc":{"start":{"line":111,"column":59},"end":{"line":114,"column":13}}},"15":{"name":"(anonymous_23)","decl":{"start":{"line":117,"column":43},"end":{"line":117,"column":44}},"loc":{"start":{"line":117,"column":53},"end":{"line":119,"column":13}}},"16":{"name":"(anonymous_24)","decl":{"start":{"line":120,"column":45},"end":{"line":120,"column":46}},"loc":{"start":{"line":120,"column":63},"end":{"line":125,"column":13}}},"17":{"name":"(anonymous_25)","decl":{"start":{"line":126,"column":44},"end":{"line":126,"column":45}},"loc":{"start":{"line":126,"column":62},"end":{"line":129,"column":13}}},"18":{"name":"(anonymous_26)","decl":{"start":{"line":132,"column":44},"end":{"line":132,"column":45}},"loc":{"start":{"line":132,"column":54},"end":{"line":134,"column":13}}},"19":{"name":"(anonymous_27)","decl":{"start":{"line":135,"column":46},"end":{"line":135,"column":47}},"loc":{"start":{"line":135,"column":64},"end":{"line":140,"column":13}}},"20":{"name":"(anonymous_28)","decl":{"start":{"line":141,"column":45},"end":{"line":141,"column":46}},"loc":{"start":{"line":141,"column":63},"end":{"line":144,"column":13}}},"21":{"name":"(anonymous_29)","decl":{"start":{"line":148,"column":48},"end":{"line":148,"column":49}},"loc":{"start":{"line":148,"column":58},"end":{"line":150,"column":13}}},"22":{"name":"(anonymous_30)","decl":{"start":{"line":151,"column":50},"end":{"line":151,"column":51}},"loc":{"start":{"line":151,"column":68},"end":{"line":154,"column":13}}},"23":{"name":"(anonymous_31)","decl":{"start":{"line":155,"column":49},"end":{"line":155,"column":50}},"loc":{"start":{"line":155,"column":67},"end":{"line":158,"column":13}}},"24":{"name":"(anonymous_32)","decl":{"start":{"line":161,"column":41},"end":{"line":161,"column":42}},"loc":{"start":{"line":161,"column":51},"end":{"line":163,"column":13}}},"25":{"name":"(anonymous_33)","decl":{"start":{"line":164,"column":43},"end":{"line":164,"column":44}},"loc":{"start":{"line":164,"column":61},"end":{"line":167,"column":13}}},"26":{"name":"(anonymous_34)","decl":{"start":{"line":168,"column":42},"end":{"line":168,"column":43}},"loc":{"start":{"line":168,"column":60},"end":{"line":171,"column":13}}}},"branchMap":{"0":{"loc":{"start":{"line":113,"column":30},"end":{"line":113,"column":76}},"type":"binary-expr","locations":[{"start":{"line":113,"column":30},"end":{"line":113,"column":50}},{"start":{"line":113,"column":54},"end":{"line":113,"column":76}}]},"1":{"loc":{"start":{"line":128,"column":30},"end":{"line":128,"column":76}},"type":"binary-expr","locations":[{"start":{"line":128,"column":30},"end":{"line":128,"column":50}},{"start":{"line":128,"column":54},"end":{"line":128,"column":76}}]},"2":{"loc":{"start":{"line":143,"column":30},"end":{"line":143,"column":76}},"type":"binary-expr","locations":[{"start":{"line":143,"column":30},"end":{"line":143,"column":50}},{"start":{"line":143,"column":54},"end":{"line":143,"column":76}}]},"3":{"loc":{"start":{"line":157,"column":30},"end":{"line":157,"column":76}},"type":"binary-expr","locations":[{"start":{"line":157,"column":30},"end":{"line":157,"column":50}},{"start":{"line":157,"column":54},"end":{"line":157,"column":76}}]},"4":{"loc":{"start":{"line":170,"column":30},"end":{"line":170,"column":76}},"type":"binary-expr","locations":[{"start":{"line":170,"column":30},"end":{"line":170,"column":50}},{"start":{"line":170,"column":54},"end":{"line":170,"column":76}}]}},"s":{"0":4,"1":4,"2":4,"3":4,"4":4,"5":4,"6":3,"7":3,"8":3,"9":1,"10":1,"11":1,"12":2,"13":4,"14":3,"15":3,"16":3,"17":2,"18":1,"19":4,"20":0,"21":0,"22":0,"23":0,"24":0,"25":4,"26":0,"27":0,"28":0,"29":0,"30":0,"31":4,"32":0,"33":0,"34":0,"35":0,"36":0,"37":4,"38":0,"39":0,"40":0,"41":0,"42":4,"43":3,"44":1,"45":1,"46":1,"47":1,"48":2,"49":2,"50":4,"51":3,"52":2,"53":2,"54":2,"55":2,"56":1,"57":1,"58":4,"59":0,"60":0,"61":0,"62":0,"63":0,"64":0,"65":4,"66":0,"67":0,"68":0,"69":0,"70":0,"71":4,"72":0,"73":0,"74":0,"75":0,"76":0,"77":4,"78":4},"f":{"0":3,"1":3,"2":3,"3":3,"4":0,"5":0,"6":0,"7":0,"8":0,"9":0,"10":0,"11":4,"12":3,"13":1,"14":2,"15":3,"16":2,"17":1,"18":0,"19":0,"20":0,"21":0,"22":0,"23":0,"24":0,"25":0,"26":0},"b":{"0":[2,0],"1":[1,0],"2":[0,0],"3":[0,0],"4":[0,0]}}
,"C:\\Users\\wafaa\\OneDrive\\Desktop\\GreenConnect\\green_connect_website\\src\\redux\\stores\\conversation_store.ts": {"path":"C:\\Users\\wafaa\\OneDrive\\Desktop\\GreenConnect\\green_connect_website\\src\\redux\\stores\\conversation_store.ts","statementMap":{"0":{"start":{"line":1,"column":0},"end":{"line":1,"column":65}},"1":{"start":{"line":3,"column":0},"end":{"line":3,"column":49}},"2":{"start":{"line":4,"column":0},"end":{"line":4,"column":49}},"3":{"start":{"line":9,"column":13},"end":{"line":19,"column":null}},"4":{"start":{"line":11,"column":15},"end":{"line":18,"column":null}},"5":{"start":{"line":12,"column":8},"end":{"line":17,"column":9}},"6":{"start":{"line":13,"column":29},"end":{"line":13,"column":71}},"7":{"start":{"line":14,"column":12},"end":{"line":14,"column":null}},"8":{"start":{"line":16,"column":12},"end":{"line":16,"column":null}},"9":{"start":{"line":21,"column":13},"end":{"line":34,"column":null}},"10":{"start":{"line":26,"column":9},"end":{"line":33,"column":null}},"11":{"start":{"line":27,"column":8},"end":{"line":32,"column":9}},"12":{"start":{"line":28,"column":29},"end":{"line":28,"column":81}},"13":{"start":{"line":29,"column":12},"end":{"line":29,"column":null}},"14":{"start":{"line":31,"column":12},"end":{"line":31,"column":null}},"15":{"start":{"line":36,"column":40},"end":{"line":38,"column":2}},"16":{"start":{"line":40,"column":26},"end":{"line":69,"column":2}},"17":{"start":{"line":45,"column":12},"end":{"line":45,"column":null}},"18":{"start":{"line":49,"column":8},"end":{"line":67,"column":null}},"19":{"start":{"line":50,"column":12},"end":{"line":50,"column":null}},"20":{"start":{"line":53,"column":12},"end":{"line":53,"column":null}},"21":{"start":{"line":56,"column":12},"end":{"line":56,"column":null}},"22":{"start":{"line":60,"column":12},"end":{"line":60,"column":null}},"23":{"start":{"line":63,"column":12},"end":{"line":63,"column":null}},"24":{"start":{"line":66,"column":12},"end":{"line":66,"column":null}},"25":{"start":{"line":71,"column":15},"end":{"line":71,"column":null}},"26":{"start":{"line":72,"column":0},"end":{"line":72,"column":41}}},"fnMap":{"0":{"name":"(anonymous_8)","decl":{"start":{"line":11,"column":4},"end":{"line":11,"column":13}},"loc":{"start":{"line":11,"column":15},"end":{"line":18,"column":null}}},"1":{"name":"(anonymous_9)","decl":{"start":{"line":11,"column":15},"end":{"line":11,"column":null}},"loc":{"start":{"line":11,"column":15},"end":{"line":18,"column":5}}},"2":{"name":"(anonymous_10)","decl":{"start":{"line":23,"column":4},"end":{"line":23,"column":11}},"loc":{"start":{"line":26,"column":9},"end":{"line":33,"column":null}}},"3":{"name":"(anonymous_11)","decl":{"start":{"line":26,"column":9},"end":{"line":26,"column":null}},"loc":{"start":{"line":26,"column":9},"end":{"line":33,"column":5}}},"4":{"name":"(anonymous_12)","decl":{"start":{"line":44,"column":26},"end":{"line":44,"column":27}},"loc":{"start":{"line":44,"column":44},"end":{"line":46,"column":9}}},"5":{"name":"(anonymous_13)","decl":{"start":{"line":48,"column":19},"end":{"line":48,"column":20}},"loc":{"start":{"line":48,"column":31},"end":{"line":68,"column":5}}},"6":{"name":"(anonymous_14)","decl":{"start":{"line":49,"column":55},"end":{"line":49,"column":56}},"loc":{"start":{"line":49,"column":73},"end":{"line":51,"column":9}}},"7":{"name":"(anonymous_15)","decl":{"start":{"line":52,"column":47},"end":{"line":52,"column":48}},"loc":{"start":{"line":52,"column":57},"end":{"line":54,"column":9}}},"8":{"name":"(anonymous_16)","decl":{"start":{"line":55,"column":46},"end":{"line":55,"column":47}},"loc":{"start":{"line":55,"column":56},"end":{"line":57,"column":9}}},"9":{"name":"(anonymous_17)","decl":{"start":{"line":59,"column":47},"end":{"line":59,"column":48}},"loc":{"start":{"line":59,"column":65},"end":{"line":61,"column":9}}},"10":{"name":"(anonymous_18)","decl":{"start":{"line":62,"column":46},"end":{"line":62,"column":47}},"loc":{"start":{"line":62,"column":56},"end":{"line":64,"column":9}}},"11":{"name":"(anonymous_19)","decl":{"start":{"line":65,"column":45},"end":{"line":65,"column":46}},"loc":{"start":{"line":65,"column":55},"end":{"line":67,"column":9}}}},"branchMap":{},"s":{"0":4,"1":4,"2":4,"3":4,"4":0,"5":0,"6":0,"7":0,"8":0,"9":4,"10":0,"11":0,"12":0,"13":0,"14":0,"15":4,"16":4,"17":0,"18":4,"19":0,"20":0,"21":0,"22":0,"23":0,"24":0,"25":4,"26":4},"f":{"0":0,"1":0,"2":0,"3":0,"4":0,"5":4,"6":0,"7":0,"8":0,"9":0,"10":0,"11":0},"b":{}}
,"C:\\Users\\wafaa\\OneDrive\\Desktop\\GreenConnect\\green_connect_website\\src\\redux\\stores\\event_store.ts": {"path":"C:\\Users\\wafaa\\OneDrive\\Desktop\\GreenConnect\\green_connect_website\\src\\redux\\stores\\event_store.ts","statementMap":{"0":{"start":{"line":1,"column":0},"end":{"line":1,"column":65}},"1":{"start":{"line":3,"column":0},"end":{"line":3,"column":49}},"2":{"start":{"line":4,"column":0},"end":{"line":4,"column":49}},"3":{"start":{"line":7,"column":33},"end":{"line":12,"column":null}},"4":{"start":{"line":14,"column":13},"end":{"line":28,"column":null}},"5":{"start":{"line":16,"column":29},"end":{"line":27,"column":null}},"6":{"start":{"line":17,"column":8},"end":{"line":26,"column":9}},"7":{"start":{"line":18,"column":29},"end":{"line":22,"column":14}},"8":{"start":{"line":23,"column":12},"end":{"line":23,"column":null}},"9":{"start":{"line":25,"column":12},"end":{"line":25,"column":null}},"10":{"start":{"line":30,"column":19},"end":{"line":48,"column":2}},"11":{"start":{"line":35,"column":8},"end":{"line":46,"column":null}},"12":{"start":{"line":37,"column":16},"end":{"line":37,"column":null}},"13":{"start":{"line":40,"column":16},"end":{"line":40,"column":null}},"14":{"start":{"line":41,"column":16},"end":{"line":41,"column":null}},"15":{"start":{"line":44,"column":16},"end":{"line":44,"column":null}},"16":{"start":{"line":45,"column":16},"end":{"line":45,"column":null}},"17":{"start":{"line":50,"column":0},"end":{"line":50,"column":null}}},"fnMap":{"0":{"name":"(anonymous_8)","decl":{"start":{"line":16,"column":4},"end":{"line":16,"column":11}},"loc":{"start":{"line":16,"column":29},"end":{"line":27,"column":null}}},"1":{"name":"(anonymous_9)","decl":{"start":{"line":16,"column":29},"end":{"line":16,"column":null}},"loc":{"start":{"line":16,"column":29},"end":{"line":27,"column":5}}},"2":{"name":"(anonymous_10)","decl":{"start":{"line":34,"column":19},"end":{"line":34,"column":20}},"loc":{"start":{"line":34,"column":31},"end":{"line":47,"column":5}}},"3":{"name":"(anonymous_11)","decl":{"start":{"line":36,"column":43},"end":{"line":36,"column":44}},"loc":{"start":{"line":36,"column":53},"end":{"line":38,"column":13}}},"4":{"name":"(anonymous_12)","decl":{"start":{"line":39,"column":45},"end":{"line":39,"column":46}},"loc":{"start":{"line":39,"column":63},"end":{"line":42,"column":13}}},"5":{"name":"(anonymous_13)","decl":{"start":{"line":43,"column":44},"end":{"line":43,"column":45}},"loc":{"start":{"line":43,"column":62},"end":{"line":46,"column":13}}}},"branchMap":{"0":{"loc":{"start":{"line":45,"column":30},"end":{"line":45,"column":76}},"type":"binary-expr","locations":[{"start":{"line":45,"column":30},"end":{"line":45,"column":50}},{"start":{"line":45,"column":54},"end":{"line":45,"column":76}}]}},"s":{"0":4,"1":4,"2":4,"3":4,"4":4,"5":1,"6":1,"7":1,"8":0,"9":0,"10":4,"11":4,"12":1,"13":0,"14":0,"15":0,"16":0,"17":4},"f":{"0":1,"1":1,"2":4,"3":1,"4":0,"5":0},"b":{"0":[0,0]}}
,"C:\\Users\\wafaa\\OneDrive\\Desktop\\GreenConnect\\green_connect_website\\src\\redux\\stores\\notification_store.ts": {"path":"C:\\Users\\wafaa\\OneDrive\\Desktop\\GreenConnect\\green_connect_website\\src\\redux\\stores\\notification_store.ts","statementMap":{"0":{"start":{"line":2,"column":0},"end":{"line":2,"column":47}},"1":{"start":{"line":4,"column":21},"end":{"line":9,"column":2}},"2":{"start":{"line":11,"column":26},"end":{"line":28,"column":2}},"3":{"start":{"line":16,"column":6},"end":{"line":16,"column":45}},"4":{"start":{"line":17,"column":6},"end":{"line":17,"column":59}},"5":{"start":{"line":18,"column":6},"end":{"line":18,"column":49}},"6":{"start":{"line":19,"column":6},"end":{"line":19,"column":27}},"7":{"start":{"line":22,"column":6},"end":{"line":22,"column":28}},"8":{"start":{"line":23,"column":6},"end":{"line":23,"column":25}},"9":{"start":{"line":24,"column":6},"end":{"line":24,"column":29}},"10":{"start":{"line":25,"column":6},"end":{"line":25,"column":26}},"11":{"start":{"line":30,"column":13},"end":{"line":30,"column":54}},"12":{"start":{"line":31,"column":0},"end":{"line":31,"column":41}}},"fnMap":{"0":{"name":"(anonymous_0)","decl":{"start":{"line":15,"column":22},"end":{"line":15,"column":23}},"loc":{"start":{"line":15,"column":40},"end":{"line":20,"column":5}}},"1":{"name":"(anonymous_1)","decl":{"start":{"line":21,"column":22},"end":{"line":21,"column":23}},"loc":{"start":{"line":21,"column":32},"end":{"line":26,"column":5}}}},"branchMap":{"0":{"loc":{"start":{"line":17,"column":26},"end":{"line":17,"column":58}},"type":"binary-expr","locations":[{"start":{"line":17,"column":26},"end":{"line":17,"column":52}},{"start":{"line":17,"column":56},"end":{"line":17,"column":58}}]},"1":{"loc":{"start":{"line":18,"column":19},"end":{"line":18,"column":48}},"type":"binary-expr","locations":[{"start":{"line":18,"column":19},"end":{"line":18,"column":38}},{"start":{"line":18,"column":42},"end":{"line":18,"column":48}}]}},"s":{"0":4,"1":4,"2":4,"3":13,"4":13,"5":13,"6":13,"7":1,"8":1,"9":1,"10":1,"11":4,"12":4},"f":{"0":13,"1":1},"b":{"0":[13,11],"1":[13,0]}}
,"C:\\Users\\wafaa\\OneDrive\\Desktop\\GreenConnect\\green_connect_website\\src\\tests\\utils\\mock_i18next.ts": {"path":"C:\\Users\\wafaa\\OneDrive\\Desktop\\GreenConnect\\green_connect_website\\src\\tests\\utils\\mock_i18next.ts","statementMap":{"0":{"start":{"line":1,"column":0},"end":{"line":1,"column":27}},"1":{"start":{"line":2,"column":0},"end":{"line":2,"column":49}},"2":{"start":{"line":4,"column":0},"end":{"line":16,"column":3}},"3":{"start":{"line":18,"column":0},"end":{"line":18,"column":20}}},"fnMap":{},"branchMap":{},"s":{"0":3,"1":3,"2":3,"3":3},"f":{},"b":{}}
,"C:\\Users\\wafaa\\OneDrive\\Desktop\\GreenConnect\\green_connect_website\\src\\utils\\authentication.ts": {"path":"C:\\Users\\wafaa\\OneDrive\\Desktop\\GreenConnect\\green_connect_website\\src\\utils\\authentication.ts","statementMap":{"0":{"start":{"line":1,"column":35},"end":{"line":4,"column":1}},"1":{"start":{"line":2,"column":18},"end":{"line":2,"column":47}},"2":{"start":{"line":3,"column":4},"end":{"line":3,"column":25}},"3":{"start":{"line":1,"column":13},"end":{"line":1,"column":35}},"4":{"start":{"line":6,"column":38},"end":{"line":8,"column":1}},"5":{"start":{"line":7,"column":4},"end":{"line":7,"column":null}},"6":{"start":{"line":6,"column":13},"end":{"line":6,"column":38}},"7":{"start":{"line":10,"column":39},"end":{"line":12,"column":1}},"8":{"start":{"line":11,"column":4},"end":{"line":11,"column":41}},"9":{"start":{"line":10,"column":13},"end":{"line":10,"column":39}},"10":{"start":{"line":14,"column":41},"end":{"line":16,"column":1}},"11":{"start":{"line":15,"column":4},"end":{"line":15,"column":37}},"12":{"start":{"line":14,"column":13},"end":{"line":14,"column":41}}},"fnMap":{"0":{"name":"(anonymous_0)","decl":{"start":{"line":1,"column":35},"end":{"line":1,"column":47}},"loc":{"start":{"line":1,"column":49},"end":{"line":4,"column":1}}},"1":{"name":"(anonymous_1)","decl":{"start":{"line":6,"column":38},"end":{"line":6,"column":57}},"loc":{"start":{"line":6,"column":59},"end":{"line":8,"column":1}}},"2":{"name":"(anonymous_2)","decl":{"start":{"line":10,"column":39},"end":{"line":10,"column":40}},"loc":{"start":{"line":10,"column":63},"end":{"line":12,"column":1}}},"3":{"name":"(anonymous_3)","decl":{"start":{"line":14,"column":41},"end":{"line":14,"column":50}},"loc":{"start":{"line":14,"column":52},"end":{"line":16,"column":1}}}},"branchMap":{},"s":{"0":4,"1":0,"2":0,"3":4,"4":4,"5":3,"6":4,"7":4,"8":1,"9":4,"10":4,"11":0,"12":4},"f":{"0":0,"1":3,"2":1,"3":0},"b":{}}
,"C:\\Users\\wafaa\\OneDrive\\Desktop\\GreenConnect\\green_connect_website\\src\\utils\\axios_client.ts": {"path":"C:\\Users\\wafaa\\OneDrive\\Desktop\\GreenConnect\\green_connect_website\\src\\utils\\axios_client.ts","statementMap":{"0":{"start":{"line":1,"column":0},"end":{"line":1,"column":42}},"1":{"start":{"line":2,"column":0},"end":{"line":2,"column":58}},"2":{"start":{"line":3,"column":0},"end":{"line":3,"column":52}},"3":{"start":{"line":5,"column":18},"end":{"line":7,"column":2}},"4":{"start":{"line":9,"column":0},"end":{"line":16,"column":null}},"5":{"start":{"line":10,"column":23},"end":{"line":10,"column":47}},"6":{"start":{"line":11,"column":4},"end":{"line":11,"column":null}},"7":{"start":{"line":13,"column":4},"end":{"line":13,"column":18}},"8":{"start":{"line":15,"column":4},"end":{"line":15,"column":33}},"9":{"start":{"line":18,"column":0},"end":{"line":26,"column":null}},"10":{"start":{"line":19,"column":4},"end":{"line":19,"column":null}},"11":{"start":{"line":21,"column":4},"end":{"line":23,"column":5}},"12":{"start":{"line":22,"column":8},"end":{"line":22,"column":null}},"13":{"start":{"line":25,"column":4},"end":{"line":25,"column":33}},"14":{"start":{"line":29,"column":0},"end":{"line":29,"column":null}}},"fnMap":{"0":{"name":"(anonymous_1)","decl":{"start":{"line":9,"column":35},"end":{"line":9,"column":36}},"loc":{"start":{"line":9,"column":46},"end":{"line":14,"column":1}}},"1":{"name":"(anonymous_2)","decl":{"start":{"line":14,"column":2},"end":{"line":14,"column":3}},"loc":{"start":{"line":14,"column":12},"end":{"line":16,"column":1}}},"2":{"name":"(anonymous_3)","decl":{"start":{"line":18,"column":36},"end":{"line":18,"column":37}},"loc":{"start":{"line":18,"column":49},"end":{"line":20,"column":1}}},"3":{"name":"(anonymous_4)","decl":{"start":{"line":20,"column":3},"end":{"line":20,"column":4}},"loc":{"start":{"line":20,"column":25},"end":{"line":26,"column":1}}}},"branchMap":{"0":{"loc":{"start":{"line":21,"column":4},"end":{"line":23,"column":5}},"type":"if","locations":[{"start":{"line":21,"column":4},"end":{"line":23,"column":5}}]},"1":{"loc":{"start":{"line":21,"column":7},"end":{"line":21,"column":29}},"type":"cond-expr","locations":[{"start":{"line":21,"column":21},"end":{"line":21,"column":23}},{"start":{"line":21,"column":21},"end":{"line":21,"column":29}}]},"2":{"loc":{"start":{"line":21,"column":7},"end":{"line":21,"column":23}},"type":"binary-expr","locations":[{"start":{"line":21,"column":7},"end":{"line":21,"column":23}},{"start":{"line":21,"column":21},"end":{"line":21,"column":23}}]}},"s":{"0":4,"1":4,"2":4,"3":4,"4":4,"5":3,"6":3,"7":3,"8":0,"9":4,"10":0,"11":0,"12":0,"13":0,"14":4},"f":{"0":3,"1":0,"2":0,"3":0},"b":{"0":[0],"1":[0,0],"2":[0,0]}}
,"C:\\Users\\wafaa\\OneDrive\\Desktop\\GreenConnect\\green_connect_website\\src\\utils\\laravel_storage.ts": {"path":"C:\\Users\\wafaa\\OneDrive\\Desktop\\GreenConnect\\green_connect_website\\src\\utils\\laravel_storage.ts","statementMap":{"0":{"start":{"line":1,"column":0},"end":{"line":1,"column":52}},"1":{"start":{"line":3,"column":26},"end":{"line":5,"column":1}},"2":{"start":{"line":4,"column":4},"end":{"line":4,"column":null}},"3":{"start":{"line":3,"column":13},"end":{"line":3,"column":26}}},"fnMap":{"0":{"name":"(anonymous_0)","decl":{"start":{"line":3,"column":26},"end":{"line":3,"column":27}},"loc":{"start":{"line":3,"column":47},"end":{"line":5,"column":1}}}},"branchMap":{},"s":{"0":2,"1":2,"2":8,"3":2},"f":{"0":8},"b":{}}
}
