{"C:\\Users\\wafaa\\OneDrive\\Desktop\\GreenConnect\\green_connect_website\\src\\constants\\app_constants.ts": {"path":"C:\\Users\\wafaa\\OneDrive\\Desktop\\GreenConnect\\green_connect_website\\src\\constants\\app_constants.ts","statementMap":{"0":{"start":{"line":1,"column":13},"end":{"line":1,"column":null}}},"fnMap":{},"branchMap":{},"s":{"0":0},"f":{},"b":{}}
,"C:\\Users\\wafaa\\OneDrive\\Desktop\\GreenConnect\\green_connect_website\\src\\constants\\app_images.ts": {"path":"C:\\Users\\wafaa\\OneDrive\\Desktop\\GreenConnect\\green_connect_website\\src\\constants\\app_images.ts","statementMap":{"0":{"start":{"line":1,"column":18},"end":{"line":20,"column":2}},"1":{"start":{"line":23,"column":0},"end":{"line":23,"column":null}}},"fnMap":{},"branchMap":{},"s":{"0":0,"1":0},"f":{},"b":{}}
,"C:\\Users\\wafaa\\OneDrive\\Desktop\\GreenConnect\\green_connect_website\\src\\constants\\mapped_france_cities.ts": {"path":"C:\\Users\\wafaa\\OneDrive\\Desktop\\GreenConnect\\green_connect_website\\src\\constants\\mapped_france_cities.ts","statementMap":{"0":{"start":{"line":1,"column":14},"end":{"line":156806,"column":null}},"1":{"start":{"line":156809,"column":0},"end":{"line":156809,"column":null}}},"fnMap":{},"branchMap":{},"s":{"0":0,"1":0},"f":{},"b":{}}
,"C:\\Users\\wafaa\\OneDrive\\Desktop\\GreenConnect\\green_connect_website\\src\\constants\\pusher_broadcasts.ts": {"path":"C:\\Users\\wafaa\\OneDrive\\Desktop\\GreenConnect\\green_connect_website\\src\\constants\\pusher_broadcasts.ts","statementMap":{"0":{"start":{"line":1,"column":25},"end":{"line":16,"column":2}},"1":{"start":{"line":18,"column":0},"end":{"line":18,"column":null}}},"fnMap":{},"branchMap":{},"s":{"0":0,"1":0},"f":{},"b":{}}
,"C:\\Users\\wafaa\\OneDrive\\Desktop\\GreenConnect\\green_connect_website\\src\\constants\\routes.tsx": {"path":"C:\\Users\\wafaa\\OneDrive\\Desktop\\GreenConnect\\green_connect_website\\src\\constants\\routes.tsx","statementMap":{"0":{"start":{"line":2,"column":18},"end":{"line":2,"column":29}},"1":{"start":{"line":4,"column":18},"end":{"line":19,"column":null}},"2":{"start":{"line":21,"column":18},"end":{"line":24,"column":null}},"3":{"start":{"line":26,"column":18},"end":{"line":28,"column":null}},"4":{"start":{"line":32,"column":0},"end":{"line":32,"column":null}}},"fnMap":{},"branchMap":{},"s":{"0":0,"1":0,"2":0,"3":0,"4":0},"f":{},"b":{}}
,"C:\\Users\\wafaa\\OneDrive\\Desktop\\GreenConnect\\green_connect_website\\src\\constants\\status_codes.ts": {"path":"C:\\Users\\wafaa\\OneDrive\\Desktop\\GreenConnect\\green_connect_website\\src\\constants\\status_codes.ts","statementMap":{"0":{"start":{"line":1,"column":13},"end":{"line":1,"column":null}},"1":{"start":{"line":2,"column":13},"end":{"line":2,"column":null}},"2":{"start":{"line":3,"column":13},"end":{"line":3,"column":null}},"3":{"start":{"line":4,"column":13},"end":{"line":4,"column":null}},"4":{"start":{"line":5,"column":13},"end":{"line":5,"column":null}},"5":{"start":{"line":6,"column":13},"end":{"line":6,"column":null}}},"fnMap":{},"branchMap":{},"s":{"0":0,"1":0,"2":0,"3":0,"4":0,"5":0},"f":{},"b":{}}
,"C:\\Users\\wafaa\\OneDrive\\Desktop\\GreenConnect\\green_connect_website\\src\\hooks\\hooks.ts": {"path":"C:\\Users\\wafaa\\OneDrive\\Desktop\\GreenConnect\\green_connect_website\\src\\hooks\\hooks.ts","statementMap":{"0":{"start":{"line":1,"column":0},"end":{"line":1,"column":54}},"1":{"start":{"line":6,"column":13},"end":{"line":6,"column":null}},"2":{"start":{"line":7,"column":13},"end":{"line":7,"column":null}}},"fnMap":{},"branchMap":{},"s":{"0":0,"1":0,"2":0},"f":{},"b":{}}
,"C:\\Users\\wafaa\\OneDrive\\Desktop\\GreenConnect\\green_connect_website\\src\\interfaces\\ApiError.ts": {"path":"C:\\Users\\wafaa\\OneDrive\\Desktop\\GreenConnect\\green_connect_website\\src\\interfaces\\ApiError.ts","statementMap":{"0":{"start":{"line":8,"column":4},"end":{"line":8,"column":null}},"1":{"start":{"line":11,"column":8},"end":{"line":11,"column":null}},"2":{"start":{"line":15,"column":0},"end":{"line":15,"column":null}}},"fnMap":{"0":{"name":"(anonymous_0)","decl":{"start":{"line":7,"column":0},"end":{"line":7,"column":6}},"loc":{"start":{"line":7,"column":0},"end":{"line":13,"column":1}}},"1":{"name":"(anonymous_1)","decl":{"start":{"line":10,"column":4},"end":{"line":10,"column":10}},"loc":{"start":{"line":10,"column":33},"end":{"line":12,"column":5}}}},"branchMap":{"0":{"loc":{"start":{"line":11,"column":16},"end":{"line":11,"column":50}},"type":"cond-expr","locations":[{"start":{"line":11,"column":30},"end":{"line":11,"column":32}},{"start":{"line":11,"column":30},"end":{"line":11,"column":50}}]},"1":{"loc":{"start":{"line":11,"column":16},"end":{"line":11,"column":32}},"type":"binary-expr","locations":[{"start":{"line":11,"column":16},"end":{"line":11,"column":32}},{"start":{"line":11,"column":30},"end":{"line":11,"column":32}}]}},"s":{"0":0,"1":0,"2":0},"f":{"0":0,"1":0},"b":{"0":[0,0],"1":[0,0]}}
,"C:\\Users\\wafaa\\OneDrive\\Desktop\\GreenConnect\\green_connect_website\\src\\redux\\root_reducer.ts": {"path":"C:\\Users\\wafaa\\OneDrive\\Desktop\\GreenConnect\\green_connect_website\\src\\redux\\root_reducer.ts","statementMap":{"0":{"start":{"line":1,"column":0},"end":{"line":1,"column":51}},"1":{"start":{"line":2,"column":0},"end":{"line":2,"column":61}},"2":{"start":{"line":3,"column":0},"end":{"line":3,"column":51}},"3":{"start":{"line":4,"column":0},"end":{"line":4,"column":53}},"4":{"start":{"line":5,"column":0},"end":{"line":5,"column":45}},"5":{"start":{"line":6,"column":0},"end":{"line":6,"column":47}},"6":{"start":{"line":7,"column":0},"end":{"line":7,"column":61}},"7":{"start":{"line":9,"column":20},"end":{"line":16,"column":2}},"8":{"start":{"line":18,"column":0},"end":{"line":18,"column":27}}},"fnMap":{},"branchMap":{},"s":{"0":0,"1":0,"2":0,"3":0,"4":0,"5":0,"6":0,"7":0,"8":0},"f":{},"b":{}}
,"C:\\Users\\wafaa\\OneDrive\\Desktop\\GreenConnect\\green_connect_website\\src\\redux\\store.ts": {"path":"C:\\Users\\wafaa\\OneDrive\\Desktop\\GreenConnect\\green_connect_website\\src\\redux\\store.ts","statementMap":{"0":{"start":{"line":1,"column":0},"end":{"line":1,"column":50}},"1":{"start":{"line":3,"column":0},"end":{"line":3,"column":61}},"2":{"start":{"line":4,"column":0},"end":{"line":4,"column":48}},"3":{"start":{"line":5,"column":0},"end":{"line":5,"column":41}},"4":{"start":{"line":7,"column":22},"end":{"line":11,"column":4}},"5":{"start":{"line":13,"column":27},"end":{"line":13,"column":69}},"6":{"start":{"line":16,"column":14},"end":{"line":18,"column":2}},"7":{"start":{"line":26,"column":9},"end":{"line":26,"column":14}},"8":{"start":{"line":20,"column":18},"end":{"line":20,"column":37}},"9":{"start":{"line":26,"column":16},"end":{"line":26,"column":25}}},"fnMap":{},"branchMap":{},"s":{"0":0,"1":0,"2":0,"3":0,"4":0,"5":0,"6":0,"7":0,"8":0,"9":0},"f":{},"b":{}}
,"C:\\Users\\wafaa\\OneDrive\\Desktop\\GreenConnect\\green_connect_website\\src\\redux\\stores\\announce_store.ts": {"path":"C:\\Users\\wafaa\\OneDrive\\Desktop\\GreenConnect\\green_connect_website\\src\\redux\\stores\\announce_store.ts","statementMap":{"0":{"start":{"line":1,"column":0},"end":{"line":1,"column":65}},"1":{"start":{"line":3,"column":0},"end":{"line":3,"column":49}},"2":{"start":{"line":4,"column":0},"end":{"line":4,"column":49}},"3":{"start":{"line":7,"column":36},"end":{"line":13,"column":null}},"4":{"start":{"line":15,"column":13},"end":{"line":29,"column":null}},"5":{"start":{"line":17,"column":28},"end":{"line":28,"column":null}},"6":{"start":{"line":18,"column":8},"end":{"line":27,"column":9}},"7":{"start":{"line":19,"column":29},"end":{"line":23,"column":14}},"8":{"start":{"line":24,"column":12},"end":{"line":24,"column":null}},"9":{"start":{"line":26,"column":12},"end":{"line":26,"column":null}},"10":{"start":{"line":32,"column":13},"end":{"line":42,"column":null}},"11":{"start":{"line":34,"column":33},"end":{"line":41,"column":null}},"12":{"start":{"line":35,"column":8},"end":{"line":40,"column":9}},"13":{"start":{"line":36,"column":29},"end":{"line":36,"column":73}},"14":{"start":{"line":37,"column":12},"end":{"line":37,"column":null}},"15":{"start":{"line":39,"column":12},"end":{"line":39,"column":null}},"16":{"start":{"line":44,"column":13},"end":{"line":54,"column":null}},"17":{"start":{"line":46,"column":15},"end":{"line":53,"column":null}},"18":{"start":{"line":47,"column":8},"end":{"line":52,"column":9}},"19":{"start":{"line":48,"column":29},"end":{"line":48,"column":67}},"20":{"start":{"line":49,"column":12},"end":{"line":49,"column":null}},"21":{"start":{"line":51,"column":12},"end":{"line":51,"column":null}},"22":{"start":{"line":56,"column":13},"end":{"line":66,"column":null}},"23":{"start":{"line":58,"column":25},"end":{"line":65,"column":null}},"24":{"start":{"line":59,"column":8},"end":{"line":64,"column":9}},"25":{"start":{"line":60,"column":12},"end":{"line":60,"column":null}},"26":{"start":{"line":61,"column":12},"end":{"line":61,"column":null}},"27":{"start":{"line":63,"column":12},"end":{"line":63,"column":null}},"28":{"start":{"line":73,"column":13},"end":{"line":83,"column":null}},"29":{"start":{"line":75,"column":45},"end":{"line":82,"column":null}},"30":{"start":{"line":76,"column":8},"end":{"line":81,"column":9}},"31":{"start":{"line":77,"column":29},"end":{"line":77,"column":102}},"32":{"start":{"line":78,"column":12},"end":{"line":78,"column":null}},"33":{"start":{"line":80,"column":12},"end":{"line":80,"column":null}},"34":{"start":{"line":85,"column":22},"end":{"line":164,"column":2}},"35":{"start":{"line":90,"column":12},"end":{"line":90,"column":null}},"36":{"start":{"line":94,"column":8},"end":{"line":162,"column":null}},"37":{"start":{"line":96,"column":16},"end":{"line":96,"column":null}},"38":{"start":{"line":99,"column":16},"end":{"line":99,"column":null}},"39":{"start":{"line":100,"column":16},"end":{"line":100,"column":null}},"40":{"start":{"line":103,"column":16},"end":{"line":103,"column":null}},"41":{"start":{"line":104,"column":16},"end":{"line":104,"column":null}},"42":{"start":{"line":109,"column":16},"end":{"line":109,"column":null}},"43":{"start":{"line":112,"column":16},"end":{"line":112,"column":null}},"44":{"start":{"line":113,"column":16},"end":{"line":113,"column":null}},"45":{"start":{"line":116,"column":16},"end":{"line":116,"column":null}},"46":{"start":{"line":117,"column":16},"end":{"line":117,"column":null}},"47":{"start":{"line":122,"column":16},"end":{"line":122,"column":null}},"48":{"start":{"line":125,"column":16},"end":{"line":125,"column":null}},"49":{"start":{"line":126,"column":16},"end":{"line":126,"column":null}},"50":{"start":{"line":129,"column":16},"end":{"line":129,"column":null}},"51":{"start":{"line":130,"column":16},"end":{"line":130,"column":null}},"52":{"start":{"line":135,"column":16},"end":{"line":135,"column":null}},"53":{"start":{"line":138,"column":16},"end":{"line":138,"column":null}},"54":{"start":{"line":139,"column":16},"end":{"line":139,"column":null}},"55":{"start":{"line":139,"column":71},"end":{"line":139,"column":104}},"56":{"start":{"line":142,"column":16},"end":{"line":142,"column":null}},"57":{"start":{"line":143,"column":16},"end":{"line":143,"column":null}},"58":{"start":{"line":148,"column":16},"end":{"line":148,"column":null}},"59":{"start":{"line":151,"column":16},"end":{"line":151,"column":null}},"60":{"start":{"line":152,"column":16},"end":{"line":157,"column":null}},"61":{"start":{"line":153,"column":20},"end":{"line":155,"column":21}},"62":{"start":{"line":154,"column":24},"end":{"line":154,"column":null}},"63":{"start":{"line":156,"column":20},"end":{"line":156,"column":null}},"64":{"start":{"line":160,"column":16},"end":{"line":160,"column":null}},"65":{"start":{"line":161,"column":16},"end":{"line":161,"column":null}},"66":{"start":{"line":166,"column":15},"end":{"line":166,"column":null}},"67":{"start":{"line":167,"column":0},"end":{"line":167,"column":null}}},"fnMap":{"0":{"name":"(anonymous_7)","decl":{"start":{"line":17,"column":4},"end":{"line":17,"column":11}},"loc":{"start":{"line":17,"column":28},"end":{"line":28,"column":null}}},"1":{"name":"(anonymous_8)","decl":{"start":{"line":17,"column":28},"end":{"line":17,"column":null}},"loc":{"start":{"line":17,"column":28},"end":{"line":28,"column":5}}},"2":{"name":"(anonymous_9)","decl":{"start":{"line":34,"column":4},"end":{"line":34,"column":11}},"loc":{"start":{"line":34,"column":33},"end":{"line":41,"column":null}}},"3":{"name":"(anonymous_10)","decl":{"start":{"line":34,"column":33},"end":{"line":34,"column":null}},"loc":{"start":{"line":34,"column":33},"end":{"line":41,"column":5}}},"4":{"name":"(anonymous_11)","decl":{"start":{"line":46,"column":4},"end":{"line":46,"column":13}},"loc":{"start":{"line":46,"column":15},"end":{"line":53,"column":null}}},"5":{"name":"(anonymous_12)","decl":{"start":{"line":46,"column":15},"end":{"line":46,"column":null}},"loc":{"start":{"line":46,"column":15},"end":{"line":53,"column":5}}},"6":{"name":"(anonymous_13)","decl":{"start":{"line":58,"column":4},"end":{"line":58,"column":11}},"loc":{"start":{"line":58,"column":25},"end":{"line":65,"column":null}}},"7":{"name":"(anonymous_14)","decl":{"start":{"line":58,"column":25},"end":{"line":58,"column":null}},"loc":{"start":{"line":58,"column":25},"end":{"line":65,"column":5}}},"8":{"name":"(anonymous_15)","decl":{"start":{"line":75,"column":4},"end":{"line":75,"column":11}},"loc":{"start":{"line":75,"column":45},"end":{"line":82,"column":null}}},"9":{"name":"(anonymous_16)","decl":{"start":{"line":75,"column":45},"end":{"line":75,"column":null}},"loc":{"start":{"line":75,"column":45},"end":{"line":82,"column":5}}},"10":{"name":"(anonymous_17)","decl":{"start":{"line":89,"column":28},"end":{"line":89,"column":29}},"loc":{"start":{"line":89,"column":46},"end":{"line":91,"column":9}}},"11":{"name":"(anonymous_18)","decl":{"start":{"line":93,"column":19},"end":{"line":93,"column":20}},"loc":{"start":{"line":93,"column":31},"end":{"line":163,"column":5}}},"12":{"name":"(anonymous_19)","decl":{"start":{"line":95,"column":46},"end":{"line":95,"column":47}},"loc":{"start":{"line":95,"column":56},"end":{"line":97,"column":13}}},"13":{"name":"(anonymous_20)","decl":{"start":{"line":98,"column":48},"end":{"line":98,"column":49}},"loc":{"start":{"line":98,"column":66},"end":{"line":101,"column":13}}},"14":{"name":"(anonymous_21)","decl":{"start":{"line":102,"column":47},"end":{"line":102,"column":48}},"loc":{"start":{"line":102,"column":65},"end":{"line":105,"column":13}}},"15":{"name":"(anonymous_22)","decl":{"start":{"line":108,"column":45},"end":{"line":108,"column":46}},"loc":{"start":{"line":108,"column":55},"end":{"line":110,"column":13}}},"16":{"name":"(anonymous_23)","decl":{"start":{"line":111,"column":47},"end":{"line":111,"column":48}},"loc":{"start":{"line":111,"column":65},"end":{"line":114,"column":13}}},"17":{"name":"(anonymous_24)","decl":{"start":{"line":115,"column":46},"end":{"line":115,"column":47}},"loc":{"start":{"line":115,"column":64},"end":{"line":118,"column":13}}},"18":{"name":"(anonymous_25)","decl":{"start":{"line":121,"column":47},"end":{"line":121,"column":48}},"loc":{"start":{"line":121,"column":57},"end":{"line":123,"column":13}}},"19":{"name":"(anonymous_26)","decl":{"start":{"line":124,"column":49},"end":{"line":124,"column":50}},"loc":{"start":{"line":124,"column":67},"end":{"line":127,"column":13}}},"20":{"name":"(anonymous_27)","decl":{"start":{"line":128,"column":48},"end":{"line":128,"column":49}},"loc":{"start":{"line":128,"column":66},"end":{"line":131,"column":13}}},"21":{"name":"(anonymous_28)","decl":{"start":{"line":134,"column":45},"end":{"line":134,"column":46}},"loc":{"start":{"line":134,"column":55},"end":{"line":136,"column":13}}},"22":{"name":"(anonymous_29)","decl":{"start":{"line":137,"column":47},"end":{"line":137,"column":48}},"loc":{"start":{"line":137,"column":65},"end":{"line":140,"column":13}}},"23":{"name":"(anonymous_30)","decl":{"start":{"line":139,"column":57},"end":{"line":139,"column":58}},"loc":{"start":{"line":139,"column":71},"end":{"line":139,"column":104}}},"24":{"name":"(anonymous_31)","decl":{"start":{"line":141,"column":46},"end":{"line":141,"column":47}},"loc":{"start":{"line":141,"column":64},"end":{"line":144,"column":13}}},"25":{"name":"(anonymous_32)","decl":{"start":{"line":147,"column":45},"end":{"line":147,"column":46}},"loc":{"start":{"line":147,"column":55},"end":{"line":149,"column":13}}},"26":{"name":"(anonymous_33)","decl":{"start":{"line":150,"column":47},"end":{"line":150,"column":48}},"loc":{"start":{"line":150,"column":65},"end":{"line":158,"column":13}}},"27":{"name":"(anonymous_34)","decl":{"start":{"line":152,"column":54},"end":{"line":152,"column":55}},"loc":{"start":{"line":152,"column":67},"end":{"line":157,"column":17}}},"28":{"name":"(anonymous_35)","decl":{"start":{"line":159,"column":46},"end":{"line":159,"column":47}},"loc":{"start":{"line":159,"column":64},"end":{"line":162,"column":13}}}},"branchMap":{"0":{"loc":{"start":{"line":104,"column":30},"end":{"line":104,"column":76}},"type":"binary-expr","locations":[{"start":{"line":104,"column":30},"end":{"line":104,"column":50}},{"start":{"line":104,"column":54},"end":{"line":104,"column":76}}]},"1":{"loc":{"start":{"line":117,"column":30},"end":{"line":117,"column":76}},"type":"binary-expr","locations":[{"start":{"line":117,"column":30},"end":{"line":117,"column":50}},{"start":{"line":117,"column":54},"end":{"line":117,"column":76}}]},"2":{"loc":{"start":{"line":130,"column":30},"end":{"line":130,"column":76}},"type":"binary-expr","locations":[{"start":{"line":130,"column":30},"end":{"line":130,"column":50}},{"start":{"line":130,"column":54},"end":{"line":130,"column":76}}]},"3":{"loc":{"start":{"line":143,"column":30},"end":{"line":143,"column":76}},"type":"binary-expr","locations":[{"start":{"line":143,"column":30},"end":{"line":143,"column":50}},{"start":{"line":143,"column":54},"end":{"line":143,"column":76}}]},"4":{"loc":{"start":{"line":153,"column":20},"end":{"line":155,"column":21}},"type":"if","locations":[{"start":{"line":153,"column":20},"end":{"line":155,"column":21}}]},"5":{"loc":{"start":{"line":161,"column":30},"end":{"line":161,"column":76}},"type":"binary-expr","locations":[{"start":{"line":161,"column":30},"end":{"line":161,"column":50}},{"start":{"line":161,"column":54},"end":{"line":161,"column":76}}]}},"s":{"0":0,"1":0,"2":0,"3":0,"4":0,"5":0,"6":0,"7":0,"8":0,"9":0,"10":0,"11":0,"12":0,"13":0,"14":0,"15":0,"16":0,"17":0,"18":0,"19":0,"20":0,"21":0,"22":0,"23":0,"24":0,"25":0,"26":0,"27":0,"28":0,"29":0,"30":0,"31":0,"32":0,"33":0,"34":0,"35":0,"36":0,"37":0,"38":0,"39":0,"40":0,"41":0,"42":0,"43":0,"44":0,"45":0,"46":0,"47":0,"48":0,"49":0,"50":0,"51":0,"52":0,"53":0,"54":0,"55":0,"56":0,"57":0,"58":0,"59":0,"60":0,"61":0,"62":0,"63":0,"64":0,"65":0,"66":0,"67":0},"f":{"0":0,"1":0,"2":0,"3":0,"4":0,"5":0,"6":0,"7":0,"8":0,"9":0,"10":0,"11":0,"12":0,"13":0,"14":0,"15":0,"16":0,"17":0,"18":0,"19":0,"20":0,"21":0,"22":0,"23":0,"24":0,"25":0,"26":0,"27":0,"28":0},"b":{"0":[0,0],"1":[0,0],"2":[0,0],"3":[0,0],"4":[0],"5":[0,0]}}
,"C:\\Users\\wafaa\\OneDrive\\Desktop\\GreenConnect\\green_connect_website\\src\\redux\\stores\\article_store.ts": {"path":"C:\\Users\\wafaa\\OneDrive\\Desktop\\GreenConnect\\green_connect_website\\src\\redux\\stores\\article_store.ts","statementMap":{"0":{"start":{"line":1,"column":0},"end":{"line":1,"column":65}},"1":{"start":{"line":4,"column":0},"end":{"line":4,"column":49}},"2":{"start":{"line":5,"column":0},"end":{"line":5,"column":49}},"3":{"start":{"line":7,"column":35},"end":{"line":12,"column":null}},"4":{"start":{"line":14,"column":13},"end":{"line":28,"column":null}},"5":{"start":{"line":16,"column":29},"end":{"line":27,"column":null}},"6":{"start":{"line":17,"column":8},"end":{"line":26,"column":9}},"7":{"start":{"line":18,"column":29},"end":{"line":22,"column":14}},"8":{"start":{"line":23,"column":12},"end":{"line":23,"column":null}},"9":{"start":{"line":25,"column":12},"end":{"line":25,"column":null}},"10":{"start":{"line":30,"column":13},"end":{"line":40,"column":null}},"11":{"start":{"line":32,"column":32},"end":{"line":39,"column":null}},"12":{"start":{"line":33,"column":8},"end":{"line":38,"column":9}},"13":{"start":{"line":34,"column":29},"end":{"line":34,"column":71}},"14":{"start":{"line":35,"column":12},"end":{"line":35,"column":null}},"15":{"start":{"line":37,"column":12},"end":{"line":37,"column":null}},"16":{"start":{"line":43,"column":13},"end":{"line":53,"column":null}},"17":{"start":{"line":45,"column":25},"end":{"line":52,"column":null}},"18":{"start":{"line":46,"column":8},"end":{"line":51,"column":9}},"19":{"start":{"line":47,"column":12},"end":{"line":47,"column":null}},"20":{"start":{"line":48,"column":12},"end":{"line":48,"column":null}},"21":{"start":{"line":50,"column":12},"end":{"line":50,"column":null}},"22":{"start":{"line":55,"column":21},"end":{"line":99,"column":2}},"23":{"start":{"line":60,"column":8},"end":{"line":97,"column":null}},"24":{"start":{"line":62,"column":16},"end":{"line":62,"column":null}},"25":{"start":{"line":65,"column":16},"end":{"line":65,"column":null}},"26":{"start":{"line":66,"column":16},"end":{"line":66,"column":null}},"27":{"start":{"line":69,"column":16},"end":{"line":69,"column":null}},"28":{"start":{"line":70,"column":16},"end":{"line":70,"column":null}},"29":{"start":{"line":75,"column":16},"end":{"line":75,"column":null}},"30":{"start":{"line":78,"column":16},"end":{"line":78,"column":null}},"31":{"start":{"line":79,"column":16},"end":{"line":79,"column":null}},"32":{"start":{"line":82,"column":16},"end":{"line":82,"column":null}},"33":{"start":{"line":83,"column":16},"end":{"line":83,"column":null}},"34":{"start":{"line":88,"column":16},"end":{"line":88,"column":null}},"35":{"start":{"line":91,"column":16},"end":{"line":91,"column":null}},"36":{"start":{"line":92,"column":16},"end":{"line":92,"column":null}},"37":{"start":{"line":92,"column":68},"end":{"line":92,"column":100}},"38":{"start":{"line":95,"column":16},"end":{"line":95,"column":null}},"39":{"start":{"line":96,"column":16},"end":{"line":96,"column":null}},"40":{"start":{"line":101,"column":0},"end":{"line":101,"column":null}}},"fnMap":{"0":{"name":"(anonymous_7)","decl":{"start":{"line":16,"column":4},"end":{"line":16,"column":11}},"loc":{"start":{"line":16,"column":29},"end":{"line":27,"column":null}}},"1":{"name":"(anonymous_8)","decl":{"start":{"line":16,"column":29},"end":{"line":16,"column":null}},"loc":{"start":{"line":16,"column":29},"end":{"line":27,"column":5}}},"2":{"name":"(anonymous_9)","decl":{"start":{"line":32,"column":4},"end":{"line":32,"column":11}},"loc":{"start":{"line":32,"column":32},"end":{"line":39,"column":null}}},"3":{"name":"(anonymous_10)","decl":{"start":{"line":32,"column":32},"end":{"line":32,"column":null}},"loc":{"start":{"line":32,"column":32},"end":{"line":39,"column":5}}},"4":{"name":"(anonymous_11)","decl":{"start":{"line":45,"column":4},"end":{"line":45,"column":11}},"loc":{"start":{"line":45,"column":25},"end":{"line":52,"column":null}}},"5":{"name":"(anonymous_12)","decl":{"start":{"line":45,"column":25},"end":{"line":45,"column":null}},"loc":{"start":{"line":45,"column":25},"end":{"line":52,"column":5}}},"6":{"name":"(anonymous_13)","decl":{"start":{"line":59,"column":19},"end":{"line":59,"column":20}},"loc":{"start":{"line":59,"column":31},"end":{"line":98,"column":5}}},"7":{"name":"(anonymous_14)","decl":{"start":{"line":61,"column":45},"end":{"line":61,"column":46}},"loc":{"start":{"line":61,"column":55},"end":{"line":63,"column":13}}},"8":{"name":"(anonymous_15)","decl":{"start":{"line":64,"column":47},"end":{"line":64,"column":48}},"loc":{"start":{"line":64,"column":65},"end":{"line":67,"column":13}}},"9":{"name":"(anonymous_16)","decl":{"start":{"line":68,"column":46},"end":{"line":68,"column":47}},"loc":{"start":{"line":68,"column":64},"end":{"line":71,"column":13}}},"10":{"name":"(anonymous_17)","decl":{"start":{"line":74,"column":44},"end":{"line":74,"column":45}},"loc":{"start":{"line":74,"column":54},"end":{"line":76,"column":13}}},"11":{"name":"(anonymous_18)","decl":{"start":{"line":77,"column":46},"end":{"line":77,"column":47}},"loc":{"start":{"line":77,"column":64},"end":{"line":80,"column":13}}},"12":{"name":"(anonymous_19)","decl":{"start":{"line":81,"column":45},"end":{"line":81,"column":46}},"loc":{"start":{"line":81,"column":63},"end":{"line":84,"column":13}}},"13":{"name":"(anonymous_20)","decl":{"start":{"line":87,"column":44},"end":{"line":87,"column":45}},"loc":{"start":{"line":87,"column":54},"end":{"line":89,"column":13}}},"14":{"name":"(anonymous_21)","decl":{"start":{"line":90,"column":46},"end":{"line":90,"column":47}},"loc":{"start":{"line":90,"column":64},"end":{"line":93,"column":13}}},"15":{"name":"(anonymous_22)","decl":{"start":{"line":92,"column":55},"end":{"line":92,"column":56}},"loc":{"start":{"line":92,"column":68},"end":{"line":92,"column":100}}},"16":{"name":"(anonymous_23)","decl":{"start":{"line":94,"column":45},"end":{"line":94,"column":46}},"loc":{"start":{"line":94,"column":63},"end":{"line":97,"column":13}}}},"branchMap":{"0":{"loc":{"start":{"line":70,"column":30},"end":{"line":70,"column":76}},"type":"binary-expr","locations":[{"start":{"line":70,"column":30},"end":{"line":70,"column":50}},{"start":{"line":70,"column":54},"end":{"line":70,"column":76}}]},"1":{"loc":{"start":{"line":83,"column":30},"end":{"line":83,"column":76}},"type":"binary-expr","locations":[{"start":{"line":83,"column":30},"end":{"line":83,"column":50}},{"start":{"line":83,"column":54},"end":{"line":83,"column":76}}]},"2":{"loc":{"start":{"line":96,"column":30},"end":{"line":96,"column":76}},"type":"binary-expr","locations":[{"start":{"line":96,"column":30},"end":{"line":96,"column":50}},{"start":{"line":96,"column":54},"end":{"line":96,"column":76}}]}},"s":{"0":0,"1":0,"2":0,"3":0,"4":0,"5":0,"6":0,"7":0,"8":0,"9":0,"10":0,"11":0,"12":0,"13":0,"14":0,"15":0,"16":0,"17":0,"18":0,"19":0,"20":0,"21":0,"22":0,"23":0,"24":0,"25":0,"26":0,"27":0,"28":0,"29":0,"30":0,"31":0,"32":0,"33":0,"34":0,"35":0,"36":0,"37":0,"38":0,"39":0,"40":0},"f":{"0":0,"1":0,"2":0,"3":0,"4":0,"5":0,"6":0,"7":0,"8":0,"9":0,"10":0,"11":0,"12":0,"13":0,"14":0,"15":0,"16":0},"b":{"0":[0,0],"1":[0,0],"2":[0,0]}}
,"C:\\Users\\wafaa\\OneDrive\\Desktop\\GreenConnect\\green_connect_website\\src\\redux\\stores\\auth_store.ts": {"path":"C:\\Users\\wafaa\\OneDrive\\Desktop\\GreenConnect\\green_connect_website\\src\\redux\\stores\\auth_store.ts","statementMap":{"0":{"start":{"line":1,"column":0},"end":{"line":1,"column":65}},"1":{"start":{"line":4,"column":0},"end":{"line":4,"column":49}},"2":{"start":{"line":5,"column":0},"end":{"line":5,"column":49}},"3":{"start":{"line":6,"column":0},"end":{"line":6,"column":96}},"4":{"start":{"line":8,"column":32},"end":{"line":14,"column":null}},"5":{"start":{"line":16,"column":13},"end":{"line":28,"column":null}},"6":{"start":{"line":18,"column":63},"end":{"line":27,"column":null}},"7":{"start":{"line":19,"column":8},"end":{"line":26,"column":9}},"8":{"start":{"line":20,"column":29},"end":{"line":20,"column":78}},"9":{"start":{"line":21,"column":12},"end":{"line":21,"column":null}},"10":{"start":{"line":23,"column":12},"end":{"line":23,"column":null}},"11":{"start":{"line":25,"column":12},"end":{"line":25,"column":null}},"12":{"start":{"line":30,"column":13},"end":{"line":40,"column":null}},"13":{"start":{"line":32,"column":77},"end":{"line":39,"column":null}},"14":{"start":{"line":33,"column":8},"end":{"line":38,"column":9}},"15":{"start":{"line":34,"column":29},"end":{"line":34,"column":72}},"16":{"start":{"line":35,"column":12},"end":{"line":35,"column":null}},"17":{"start":{"line":37,"column":12},"end":{"line":37,"column":null}},"18":{"start":{"line":42,"column":13},"end":{"line":52,"column":null}},"19":{"start":{"line":44,"column":15},"end":{"line":51,"column":null}},"20":{"start":{"line":45,"column":8},"end":{"line":50,"column":9}},"21":{"start":{"line":46,"column":29},"end":{"line":46,"column":67}},"22":{"start":{"line":47,"column":12},"end":{"line":47,"column":null}},"23":{"start":{"line":49,"column":12},"end":{"line":49,"column":null}},"24":{"start":{"line":62,"column":13},"end":{"line":72,"column":null}},"25":{"start":{"line":64,"column":41},"end":{"line":71,"column":null}},"26":{"start":{"line":65,"column":8},"end":{"line":70,"column":9}},"27":{"start":{"line":66,"column":29},"end":{"line":66,"column":99}},"28":{"start":{"line":67,"column":12},"end":{"line":67,"column":null}},"29":{"start":{"line":69,"column":12},"end":{"line":69,"column":null}},"30":{"start":{"line":74,"column":18},"end":{"line":132,"column":2}},"31":{"start":{"line":79,"column":12},"end":{"line":79,"column":null}},"32":{"start":{"line":80,"column":12},"end":{"line":80,"column":null}},"33":{"start":{"line":81,"column":12},"end":{"line":81,"column":null}},"34":{"start":{"line":83,"column":12},"end":{"line":83,"column":null}},"35":{"start":{"line":87,"column":8},"end":{"line":100,"column":null}},"36":{"start":{"line":89,"column":16},"end":{"line":89,"column":null}},"37":{"start":{"line":92,"column":16},"end":{"line":92,"column":null}},"38":{"start":{"line":93,"column":16},"end":{"line":93,"column":null}},"39":{"start":{"line":94,"column":16},"end":{"line":94,"column":null}},"40":{"start":{"line":95,"column":16},"end":{"line":95,"column":null}},"41":{"start":{"line":98,"column":16},"end":{"line":98,"column":null}},"42":{"start":{"line":99,"column":16},"end":{"line":99,"column":null}},"43":{"start":{"line":102,"column":8},"end":{"line":115,"column":null}},"44":{"start":{"line":104,"column":16},"end":{"line":104,"column":null}},"45":{"start":{"line":107,"column":16},"end":{"line":107,"column":null}},"46":{"start":{"line":108,"column":16},"end":{"line":108,"column":null}},"47":{"start":{"line":109,"column":16},"end":{"line":109,"column":null}},"48":{"start":{"line":110,"column":16},"end":{"line":110,"column":null}},"49":{"start":{"line":113,"column":16},"end":{"line":113,"column":null}},"50":{"start":{"line":114,"column":16},"end":{"line":114,"column":null}},"51":{"start":{"line":117,"column":8},"end":{"line":130,"column":null}},"52":{"start":{"line":119,"column":16},"end":{"line":119,"column":null}},"53":{"start":{"line":122,"column":16},"end":{"line":122,"column":null}},"54":{"start":{"line":123,"column":16},"end":{"line":123,"column":null}},"55":{"start":{"line":124,"column":16},"end":{"line":124,"column":null}},"56":{"start":{"line":128,"column":16},"end":{"line":128,"column":null}},"57":{"start":{"line":129,"column":16},"end":{"line":129,"column":null}},"58":{"start":{"line":134,"column":15},"end":{"line":134,"column":null}},"59":{"start":{"line":135,"column":0},"end":{"line":135,"column":null}}},"fnMap":{"0":{"name":"(anonymous_7)","decl":{"start":{"line":18,"column":4},"end":{"line":18,"column":11}},"loc":{"start":{"line":18,"column":63},"end":{"line":27,"column":null}}},"1":{"name":"(anonymous_8)","decl":{"start":{"line":18,"column":63},"end":{"line":18,"column":null}},"loc":{"start":{"line":18,"column":63},"end":{"line":27,"column":5}}},"2":{"name":"(anonymous_9)","decl":{"start":{"line":32,"column":4},"end":{"line":32,"column":11}},"loc":{"start":{"line":32,"column":77},"end":{"line":39,"column":null}}},"3":{"name":"(anonymous_10)","decl":{"start":{"line":32,"column":77},"end":{"line":32,"column":null}},"loc":{"start":{"line":32,"column":77},"end":{"line":39,"column":5}}},"4":{"name":"(anonymous_11)","decl":{"start":{"line":44,"column":4},"end":{"line":44,"column":13}},"loc":{"start":{"line":44,"column":15},"end":{"line":51,"column":null}}},"5":{"name":"(anonymous_12)","decl":{"start":{"line":44,"column":15},"end":{"line":44,"column":null}},"loc":{"start":{"line":44,"column":15},"end":{"line":51,"column":5}}},"6":{"name":"(anonymous_13)","decl":{"start":{"line":64,"column":4},"end":{"line":64,"column":11}},"loc":{"start":{"line":64,"column":41},"end":{"line":71,"column":null}}},"7":{"name":"(anonymous_14)","decl":{"start":{"line":64,"column":41},"end":{"line":64,"column":null}},"loc":{"start":{"line":64,"column":41},"end":{"line":71,"column":5}}},"8":{"name":"(anonymous_15)","decl":{"start":{"line":78,"column":20},"end":{"line":78,"column":21}},"loc":{"start":{"line":78,"column":30},"end":{"line":84,"column":9}}},"9":{"name":"(anonymous_16)","decl":{"start":{"line":86,"column":19},"end":{"line":86,"column":20}},"loc":{"start":{"line":86,"column":31},"end":{"line":131,"column":5}}},"10":{"name":"(anonymous_17)","decl":{"start":{"line":88,"column":40},"end":{"line":88,"column":41}},"loc":{"start":{"line":88,"column":50},"end":{"line":90,"column":13}}},"11":{"name":"(anonymous_18)","decl":{"start":{"line":91,"column":42},"end":{"line":91,"column":43}},"loc":{"start":{"line":91,"column":60},"end":{"line":96,"column":13}}},"12":{"name":"(anonymous_19)","decl":{"start":{"line":97,"column":41},"end":{"line":97,"column":42}},"loc":{"start":{"line":97,"column":59},"end":{"line":100,"column":13}}},"13":{"name":"(anonymous_20)","decl":{"start":{"line":103,"column":43},"end":{"line":103,"column":44}},"loc":{"start":{"line":103,"column":53},"end":{"line":105,"column":13}}},"14":{"name":"(anonymous_21)","decl":{"start":{"line":106,"column":45},"end":{"line":106,"column":46}},"loc":{"start":{"line":106,"column":63},"end":{"line":111,"column":13}}},"15":{"name":"(anonymous_22)","decl":{"start":{"line":112,"column":44},"end":{"line":112,"column":45}},"loc":{"start":{"line":112,"column":62},"end":{"line":115,"column":13}}},"16":{"name":"(anonymous_23)","decl":{"start":{"line":118,"column":44},"end":{"line":118,"column":45}},"loc":{"start":{"line":118,"column":54},"end":{"line":120,"column":13}}},"17":{"name":"(anonymous_24)","decl":{"start":{"line":121,"column":46},"end":{"line":121,"column":47}},"loc":{"start":{"line":121,"column":64},"end":{"line":126,"column":13}}},"18":{"name":"(anonymous_25)","decl":{"start":{"line":127,"column":45},"end":{"line":127,"column":46}},"loc":{"start":{"line":127,"column":63},"end":{"line":130,"column":13}}}},"branchMap":{"0":{"loc":{"start":{"line":99,"column":30},"end":{"line":99,"column":76}},"type":"binary-expr","locations":[{"start":{"line":99,"column":30},"end":{"line":99,"column":50}},{"start":{"line":99,"column":54},"end":{"line":99,"column":76}}]},"1":{"loc":{"start":{"line":114,"column":30},"end":{"line":114,"column":76}},"type":"binary-expr","locations":[{"start":{"line":114,"column":30},"end":{"line":114,"column":50}},{"start":{"line":114,"column":54},"end":{"line":114,"column":76}}]},"2":{"loc":{"start":{"line":129,"column":30},"end":{"line":129,"column":76}},"type":"binary-expr","locations":[{"start":{"line":129,"column":30},"end":{"line":129,"column":50}},{"start":{"line":129,"column":54},"end":{"line":129,"column":76}}]}},"s":{"0":0,"1":0,"2":0,"3":0,"4":0,"5":0,"6":0,"7":0,"8":0,"9":0,"10":0,"11":0,"12":0,"13":0,"14":0,"15":0,"16":0,"17":0,"18":0,"19":0,"20":0,"21":0,"22":0,"23":0,"24":0,"25":0,"26":0,"27":0,"28":0,"29":0,"30":0,"31":0,"32":0,"33":0,"34":0,"35":0,"36":0,"37":0,"38":0,"39":0,"40":0,"41":0,"42":0,"43":0,"44":0,"45":0,"46":0,"47":0,"48":0,"49":0,"50":0,"51":0,"52":0,"53":0,"54":0,"55":0,"56":0,"57":0,"58":0,"59":0},"f":{"0":0,"1":0,"2":0,"3":0,"4":0,"5":0,"6":0,"7":0,"8":0,"9":0,"10":0,"11":0,"12":0,"13":0,"14":0,"15":0,"16":0,"17":0,"18":0},"b":{"0":[0,0],"1":[0,0],"2":[0,0]}}
,"C:\\Users\\wafaa\\OneDrive\\Desktop\\GreenConnect\\green_connect_website\\src\\redux\\stores\\conversation_store.ts": {"path":"C:\\Users\\wafaa\\OneDrive\\Desktop\\GreenConnect\\green_connect_website\\src\\redux\\stores\\conversation_store.ts","statementMap":{"0":{"start":{"line":1,"column":0},"end":{"line":1,"column":65}},"1":{"start":{"line":3,"column":0},"end":{"line":3,"column":49}},"2":{"start":{"line":4,"column":0},"end":{"line":4,"column":49}},"3":{"start":{"line":12,"column":13},"end":{"line":22,"column":null}},"4":{"start":{"line":14,"column":15},"end":{"line":21,"column":null}},"5":{"start":{"line":15,"column":8},"end":{"line":20,"column":9}},"6":{"start":{"line":16,"column":29},"end":{"line":16,"column":71}},"7":{"start":{"line":17,"column":12},"end":{"line":17,"column":null}},"8":{"start":{"line":19,"column":12},"end":{"line":19,"column":null}},"9":{"start":{"line":24,"column":13},"end":{"line":37,"column":null}},"10":{"start":{"line":29,"column":9},"end":{"line":36,"column":null}},"11":{"start":{"line":30,"column":8},"end":{"line":35,"column":9}},"12":{"start":{"line":31,"column":29},"end":{"line":31,"column":81}},"13":{"start":{"line":32,"column":12},"end":{"line":32,"column":null}},"14":{"start":{"line":34,"column":12},"end":{"line":34,"column":null}},"15":{"start":{"line":39,"column":40},"end":{"line":41,"column":2}},"16":{"start":{"line":43,"column":26},"end":{"line":68,"column":2}},"17":{"start":{"line":48,"column":8},"end":{"line":66,"column":null}},"18":{"start":{"line":49,"column":12},"end":{"line":49,"column":null}},"19":{"start":{"line":52,"column":12},"end":{"line":52,"column":null}},"20":{"start":{"line":55,"column":12},"end":{"line":55,"column":null}},"21":{"start":{"line":59,"column":12},"end":{"line":59,"column":null}},"22":{"start":{"line":62,"column":12},"end":{"line":62,"column":null}},"23":{"start":{"line":65,"column":12},"end":{"line":65,"column":null}},"24":{"start":{"line":70,"column":0},"end":{"line":70,"column":41}}},"fnMap":{"0":{"name":"(anonymous_7)","decl":{"start":{"line":14,"column":4},"end":{"line":14,"column":13}},"loc":{"start":{"line":14,"column":15},"end":{"line":21,"column":null}}},"1":{"name":"(anonymous_8)","decl":{"start":{"line":14,"column":15},"end":{"line":14,"column":null}},"loc":{"start":{"line":14,"column":15},"end":{"line":21,"column":5}}},"2":{"name":"(anonymous_9)","decl":{"start":{"line":26,"column":4},"end":{"line":26,"column":11}},"loc":{"start":{"line":29,"column":9},"end":{"line":36,"column":null}}},"3":{"name":"(anonymous_10)","decl":{"start":{"line":29,"column":9},"end":{"line":29,"column":null}},"loc":{"start":{"line":29,"column":9},"end":{"line":36,"column":5}}},"4":{"name":"(anonymous_11)","decl":{"start":{"line":47,"column":19},"end":{"line":47,"column":20}},"loc":{"start":{"line":47,"column":31},"end":{"line":67,"column":5}}},"5":{"name":"(anonymous_12)","decl":{"start":{"line":48,"column":55},"end":{"line":48,"column":56}},"loc":{"start":{"line":48,"column":73},"end":{"line":50,"column":9}}},"6":{"name":"(anonymous_13)","decl":{"start":{"line":51,"column":47},"end":{"line":51,"column":48}},"loc":{"start":{"line":51,"column":57},"end":{"line":53,"column":9}}},"7":{"name":"(anonymous_14)","decl":{"start":{"line":54,"column":46},"end":{"line":54,"column":47}},"loc":{"start":{"line":54,"column":56},"end":{"line":56,"column":9}}},"8":{"name":"(anonymous_15)","decl":{"start":{"line":58,"column":47},"end":{"line":58,"column":48}},"loc":{"start":{"line":58,"column":65},"end":{"line":60,"column":9}}},"9":{"name":"(anonymous_16)","decl":{"start":{"line":61,"column":46},"end":{"line":61,"column":47}},"loc":{"start":{"line":61,"column":56},"end":{"line":63,"column":9}}},"10":{"name":"(anonymous_17)","decl":{"start":{"line":64,"column":45},"end":{"line":64,"column":46}},"loc":{"start":{"line":64,"column":55},"end":{"line":66,"column":9}}}},"branchMap":{},"s":{"0":0,"1":0,"2":0,"3":0,"4":0,"5":0,"6":0,"7":0,"8":0,"9":0,"10":0,"11":0,"12":0,"13":0,"14":0,"15":0,"16":0,"17":0,"18":0,"19":0,"20":0,"21":0,"22":0,"23":0,"24":0},"f":{"0":0,"1":0,"2":0,"3":0,"4":0,"5":0,"6":0,"7":0,"8":0,"9":0,"10":0},"b":{}}
,"C:\\Users\\wafaa\\OneDrive\\Desktop\\GreenConnect\\green_connect_website\\src\\redux\\stores\\event_store.ts": {"path":"C:\\Users\\wafaa\\OneDrive\\Desktop\\GreenConnect\\green_connect_website\\src\\redux\\stores\\event_store.ts","statementMap":{"0":{"start":{"line":1,"column":0},"end":{"line":1,"column":65}},"1":{"start":{"line":3,"column":0},"end":{"line":3,"column":49}},"2":{"start":{"line":4,"column":0},"end":{"line":4,"column":49}},"3":{"start":{"line":7,"column":33},"end":{"line":12,"column":null}},"4":{"start":{"line":14,"column":13},"end":{"line":28,"column":null}},"5":{"start":{"line":16,"column":29},"end":{"line":27,"column":null}},"6":{"start":{"line":17,"column":8},"end":{"line":26,"column":9}},"7":{"start":{"line":18,"column":29},"end":{"line":22,"column":14}},"8":{"start":{"line":23,"column":12},"end":{"line":23,"column":null}},"9":{"start":{"line":25,"column":12},"end":{"line":25,"column":null}},"10":{"start":{"line":30,"column":19},"end":{"line":48,"column":2}},"11":{"start":{"line":35,"column":8},"end":{"line":46,"column":null}},"12":{"start":{"line":37,"column":16},"end":{"line":37,"column":null}},"13":{"start":{"line":40,"column":16},"end":{"line":40,"column":null}},"14":{"start":{"line":41,"column":16},"end":{"line":41,"column":null}},"15":{"start":{"line":44,"column":16},"end":{"line":44,"column":null}},"16":{"start":{"line":45,"column":16},"end":{"line":45,"column":null}},"17":{"start":{"line":50,"column":0},"end":{"line":50,"column":null}}},"fnMap":{"0":{"name":"(anonymous_7)","decl":{"start":{"line":16,"column":4},"end":{"line":16,"column":11}},"loc":{"start":{"line":16,"column":29},"end":{"line":27,"column":null}}},"1":{"name":"(anonymous_8)","decl":{"start":{"line":16,"column":29},"end":{"line":16,"column":null}},"loc":{"start":{"line":16,"column":29},"end":{"line":27,"column":5}}},"2":{"name":"(anonymous_9)","decl":{"start":{"line":34,"column":19},"end":{"line":34,"column":20}},"loc":{"start":{"line":34,"column":31},"end":{"line":47,"column":5}}},"3":{"name":"(anonymous_10)","decl":{"start":{"line":36,"column":43},"end":{"line":36,"column":44}},"loc":{"start":{"line":36,"column":53},"end":{"line":38,"column":13}}},"4":{"name":"(anonymous_11)","decl":{"start":{"line":39,"column":45},"end":{"line":39,"column":46}},"loc":{"start":{"line":39,"column":63},"end":{"line":42,"column":13}}},"5":{"name":"(anonymous_12)","decl":{"start":{"line":43,"column":44},"end":{"line":43,"column":45}},"loc":{"start":{"line":43,"column":62},"end":{"line":46,"column":13}}}},"branchMap":{"0":{"loc":{"start":{"line":45,"column":30},"end":{"line":45,"column":76}},"type":"binary-expr","locations":[{"start":{"line":45,"column":30},"end":{"line":45,"column":50}},{"start":{"line":45,"column":54},"end":{"line":45,"column":76}}]}},"s":{"0":0,"1":0,"2":0,"3":0,"4":0,"5":0,"6":0,"7":0,"8":0,"9":0,"10":0,"11":0,"12":0,"13":0,"14":0,"15":0,"16":0,"17":0},"f":{"0":0,"1":0,"2":0,"3":0,"4":0,"5":0},"b":{"0":[0,0]}}
,"C:\\Users\\wafaa\\OneDrive\\Desktop\\GreenConnect\\green_connect_website\\src\\redux\\stores\\notification_store.ts": {"path":"C:\\Users\\wafaa\\OneDrive\\Desktop\\GreenConnect\\green_connect_website\\src\\redux\\stores\\notification_store.ts","statementMap":{"0":{"start":{"line":2,"column":0},"end":{"line":2,"column":47}},"1":{"start":{"line":4,"column":21},"end":{"line":9,"column":2}},"2":{"start":{"line":11,"column":26},"end":{"line":25,"column":2}},"3":{"start":{"line":16,"column":6},"end":{"line":16,"column":45}},"4":{"start":{"line":17,"column":6},"end":{"line":17,"column":59}},"5":{"start":{"line":18,"column":6},"end":{"line":18,"column":49}},"6":{"start":{"line":19,"column":6},"end":{"line":19,"column":27}},"7":{"start":{"line":22,"column":6},"end":{"line":22,"column":28}},"8":{"start":{"line":27,"column":13},"end":{"line":27,"column":54}},"9":{"start":{"line":28,"column":0},"end":{"line":28,"column":41}}},"fnMap":{"0":{"name":"(anonymous_0)","decl":{"start":{"line":15,"column":22},"end":{"line":15,"column":23}},"loc":{"start":{"line":15,"column":40},"end":{"line":20,"column":5}}},"1":{"name":"(anonymous_1)","decl":{"start":{"line":21,"column":22},"end":{"line":21,"column":23}},"loc":{"start":{"line":21,"column":32},"end":{"line":23,"column":5}}}},"branchMap":{"0":{"loc":{"start":{"line":17,"column":26},"end":{"line":17,"column":58}},"type":"binary-expr","locations":[{"start":{"line":17,"column":26},"end":{"line":17,"column":52}},{"start":{"line":17,"column":56},"end":{"line":17,"column":58}}]},"1":{"loc":{"start":{"line":18,"column":19},"end":{"line":18,"column":48}},"type":"binary-expr","locations":[{"start":{"line":18,"column":19},"end":{"line":18,"column":38}},{"start":{"line":18,"column":42},"end":{"line":18,"column":48}}]}},"s":{"0":0,"1":0,"2":0,"3":0,"4":0,"5":0,"6":0,"7":0,"8":0,"9":0},"f":{"0":0,"1":0},"b":{"0":[0,0],"1":[0,0]}}
,"C:\\Users\\wafaa\\OneDrive\\Desktop\\GreenConnect\\green_connect_website\\src\\services\\pusher.tsx": {"path":"C:\\Users\\wafaa\\OneDrive\\Desktop\\GreenConnect\\green_connect_website\\src\\services\\pusher.tsx","statementMap":{"0":{"start":{"line":1,"column":0},"end":{"line":1,"column":31}},"1":{"start":{"line":4,"column":15},"end":{"line":6,"column":2}},"2":{"start":{"line":16,"column":34},"end":{"line":23,"column":1}},"3":{"start":{"line":21,"column":18},"end":{"line":21,"column":47}},"4":{"start":{"line":22,"column":2},"end":{"line":22,"column":36}},"5":{"start":{"line":16,"column":13},"end":{"line":16,"column":34}},"6":{"start":{"line":29,"column":38},"end":{"line":31,"column":1}},"7":{"start":{"line":30,"column":2},"end":{"line":30,"column":34}},"8":{"start":{"line":29,"column":13},"end":{"line":29,"column":38}},"9":{"start":{"line":34,"column":0},"end":{"line":36,"column":3}},"10":{"start":{"line":35,"column":2},"end":{"line":35,"column":22}}},"fnMap":{"0":{"name":"(anonymous_0)","decl":{"start":{"line":16,"column":34},"end":{"line":16,"column":null}},"loc":{"start":{"line":20,"column":10},"end":{"line":23,"column":1}}},"1":{"name":"(anonymous_1)","decl":{"start":{"line":29,"column":38},"end":{"line":29,"column":39}},"loc":{"start":{"line":29,"column":68},"end":{"line":31,"column":1}}},"2":{"name":"(anonymous_2)","decl":{"start":{"line":34,"column":40},"end":{"line":34,"column":43}},"loc":{"start":{"line":34,"column":45},"end":{"line":36,"column":1}}}},"branchMap":{},"s":{"0":0,"1":0,"2":0,"3":0,"4":0,"5":0,"6":0,"7":0,"8":0,"9":0,"10":0},"f":{"0":0,"1":0,"2":0},"b":{}}
,"C:\\Users\\wafaa\\OneDrive\\Desktop\\GreenConnect\\green_connect_website\\src\\utils\\array_utils.ts": {"path":"C:\\Users\\wafaa\\OneDrive\\Desktop\\GreenConnect\\green_connect_website\\src\\utils\\array_utils.ts","statementMap":{"0":{"start":{"line":1,"column":28},"end":{"line":3,"column":1}},"1":{"start":{"line":2,"column":4},"end":{"line":2,"column":28}},"2":{"start":{"line":1,"column":13},"end":{"line":1,"column":28}}},"fnMap":{"0":{"name":"(anonymous_0)","decl":{"start":{"line":1,"column":28},"end":{"line":1,"column":32}},"loc":{"start":{"line":1,"column":53},"end":{"line":3,"column":1}}}},"branchMap":{},"s":{"0":0,"1":0,"2":0},"f":{"0":0},"b":{}}
,"C:\\Users\\wafaa\\OneDrive\\Desktop\\GreenConnect\\green_connect_website\\src\\utils\\authentication.ts": {"path":"C:\\Users\\wafaa\\OneDrive\\Desktop\\GreenConnect\\green_connect_website\\src\\utils\\authentication.ts","statementMap":{"0":{"start":{"line":1,"column":35},"end":{"line":4,"column":1}},"1":{"start":{"line":2,"column":18},"end":{"line":2,"column":47}},"2":{"start":{"line":3,"column":4},"end":{"line":3,"column":25}},"3":{"start":{"line":1,"column":13},"end":{"line":1,"column":35}},"4":{"start":{"line":6,"column":38},"end":{"line":8,"column":1}},"5":{"start":{"line":7,"column":4},"end":{"line":7,"column":null}},"6":{"start":{"line":6,"column":13},"end":{"line":6,"column":38}},"7":{"start":{"line":10,"column":39},"end":{"line":12,"column":1}},"8":{"start":{"line":11,"column":4},"end":{"line":11,"column":41}},"9":{"start":{"line":10,"column":13},"end":{"line":10,"column":39}},"10":{"start":{"line":14,"column":41},"end":{"line":16,"column":1}},"11":{"start":{"line":15,"column":4},"end":{"line":15,"column":37}},"12":{"start":{"line":14,"column":13},"end":{"line":14,"column":41}}},"fnMap":{"0":{"name":"(anonymous_0)","decl":{"start":{"line":1,"column":35},"end":{"line":1,"column":47}},"loc":{"start":{"line":1,"column":49},"end":{"line":4,"column":1}}},"1":{"name":"(anonymous_1)","decl":{"start":{"line":6,"column":38},"end":{"line":6,"column":57}},"loc":{"start":{"line":6,"column":59},"end":{"line":8,"column":1}}},"2":{"name":"(anonymous_2)","decl":{"start":{"line":10,"column":39},"end":{"line":10,"column":40}},"loc":{"start":{"line":10,"column":63},"end":{"line":12,"column":1}}},"3":{"name":"(anonymous_3)","decl":{"start":{"line":14,"column":41},"end":{"line":14,"column":50}},"loc":{"start":{"line":14,"column":52},"end":{"line":16,"column":1}}}},"branchMap":{},"s":{"0":0,"1":0,"2":0,"3":0,"4":0,"5":0,"6":0,"7":0,"8":0,"9":0,"10":0,"11":0,"12":0},"f":{"0":0,"1":0,"2":0,"3":0},"b":{}}
,"C:\\Users\\wafaa\\OneDrive\\Desktop\\GreenConnect\\green_connect_website\\src\\utils\\axios_client.ts": {"path":"C:\\Users\\wafaa\\OneDrive\\Desktop\\GreenConnect\\green_connect_website\\src\\utils\\axios_client.ts","statementMap":{"0":{"start":{"line":1,"column":0},"end":{"line":1,"column":42}},"1":{"start":{"line":2,"column":0},"end":{"line":2,"column":58}},"2":{"start":{"line":3,"column":0},"end":{"line":3,"column":52}},"3":{"start":{"line":5,"column":18},"end":{"line":7,"column":2}},"4":{"start":{"line":9,"column":0},"end":{"line":16,"column":null}},"5":{"start":{"line":10,"column":23},"end":{"line":10,"column":47}},"6":{"start":{"line":11,"column":4},"end":{"line":11,"column":null}},"7":{"start":{"line":13,"column":4},"end":{"line":13,"column":18}},"8":{"start":{"line":15,"column":4},"end":{"line":15,"column":33}},"9":{"start":{"line":18,"column":0},"end":{"line":26,"column":null}},"10":{"start":{"line":19,"column":4},"end":{"line":19,"column":null}},"11":{"start":{"line":21,"column":4},"end":{"line":23,"column":5}},"12":{"start":{"line":22,"column":8},"end":{"line":22,"column":null}},"13":{"start":{"line":25,"column":4},"end":{"line":25,"column":33}},"14":{"start":{"line":29,"column":0},"end":{"line":29,"column":null}}},"fnMap":{"0":{"name":"(anonymous_0)","decl":{"start":{"line":9,"column":35},"end":{"line":9,"column":36}},"loc":{"start":{"line":9,"column":46},"end":{"line":14,"column":1}}},"1":{"name":"(anonymous_1)","decl":{"start":{"line":14,"column":2},"end":{"line":14,"column":3}},"loc":{"start":{"line":14,"column":12},"end":{"line":16,"column":1}}},"2":{"name":"(anonymous_2)","decl":{"start":{"line":18,"column":36},"end":{"line":18,"column":37}},"loc":{"start":{"line":18,"column":49},"end":{"line":20,"column":1}}},"3":{"name":"(anonymous_3)","decl":{"start":{"line":20,"column":3},"end":{"line":20,"column":4}},"loc":{"start":{"line":20,"column":25},"end":{"line":26,"column":1}}}},"branchMap":{"0":{"loc":{"start":{"line":21,"column":4},"end":{"line":23,"column":5}},"type":"if","locations":[{"start":{"line":21,"column":4},"end":{"line":23,"column":5}}]},"1":{"loc":{"start":{"line":21,"column":7},"end":{"line":21,"column":29}},"type":"cond-expr","locations":[{"start":{"line":21,"column":21},"end":{"line":21,"column":23}},{"start":{"line":21,"column":21},"end":{"line":21,"column":29}}]},"2":{"loc":{"start":{"line":21,"column":7},"end":{"line":21,"column":23}},"type":"binary-expr","locations":[{"start":{"line":21,"column":7},"end":{"line":21,"column":23}},{"start":{"line":21,"column":21},"end":{"line":21,"column":23}}]}},"s":{"0":0,"1":0,"2":0,"3":0,"4":0,"5":0,"6":0,"7":0,"8":0,"9":0,"10":0,"11":0,"12":0,"13":0,"14":0},"f":{"0":0,"1":0,"2":0,"3":0},"b":{"0":[0],"1":[0,0],"2":[0,0]}}
,"C:\\Users\\wafaa\\OneDrive\\Desktop\\GreenConnect\\green_connect_website\\src\\utils\\laravel_storage.ts": {"path":"C:\\Users\\wafaa\\OneDrive\\Desktop\\GreenConnect\\green_connect_website\\src\\utils\\laravel_storage.ts","statementMap":{"0":{"start":{"line":2,"column":26},"end":{"line":4,"column":1}},"1":{"start":{"line":3,"column":4},"end":{"line":3,"column":null}},"2":{"start":{"line":2,"column":13},"end":{"line":2,"column":26}}},"fnMap":{"0":{"name":"(anonymous_0)","decl":{"start":{"line":2,"column":26},"end":{"line":2,"column":27}},"loc":{"start":{"line":2,"column":47},"end":{"line":4,"column":1}}}},"branchMap":{},"s":{"0":0,"1":0,"2":0},"f":{"0":0},"b":{}}
}
