TN:
SF:src\components\Button.tsx
FN:16,(anonymous_1)
FN:121,(anonymous_2)
FNF:2
FNH:1
FNDA:24,(anonymous_1)
FNDA:0,(anonymous_2)
DA:2,1
DA:16,1
DA:25,24
DA:26,24
DA:28,24
DA:30,24
DA:89,24
DA:98,24
DA:104,24
DA:110,24
DA:118,24
DA:120,24
DA:121,0
DA:136,1
LF:14
LH:13
BRDA:18,0,0,24
BRDA:19,1,0,8
BRDA:20,2,0,24
BRDA:23,3,0,0
BRDA:25,4,0,24
BRDA:114,5,0,0
BRDA:114,5,1,24
BRDA:114,6,0,24
BRDA:114,6,1,24
BRDA:124,7,0,24
BRDA:124,7,1,24
BRDA:127,8,0,24
BRDA:127,8,1,0
BRDA:128,9,0,24
BRDA:128,9,1,24
BRDA:128,9,2,0
BRDA:130,10,0,24
BRDA:130,10,1,24
BRDA:130,10,2,0
BRF:19
BRH:14
end_of_record
TN:
SF:src\components\Card.tsx
FN:11,(anonymous_0)
FNF:1
FNH:1
FNDA:24,(anonymous_0)
DA:11,1
DA:19,24
DA:21,24
DA:22,24
DA:24,24
LF:5
LH:5
BRDA:14,0,0,0
BRDA:16,1,0,24
BRDA:22,2,0,24
BRDA:22,2,1,0
BRDA:26,3,0,24
BRDA:26,3,1,0
BRDA:27,4,0,0
BRDA:27,4,1,24
BRDA:29,5,0,24
BRDA:29,5,1,0
BRDA:32,6,0,0
BRDA:32,6,1,0
BRF:12
BRH:5
end_of_record
TN:
SF:src\components\Input.tsx
FN:9,(anonymous_2)
FNF:1
FNH:1
FNDA:16,(anonymous_2)
DA:1,1
DA:9,16
DA:10,16
DA:12,16
DA:36,1
LF:5
LH:5
BRDA:14,0,0,16
BRDA:14,0,1,16
BRDA:19,1,0,0
BRDA:19,1,1,16
BRDA:19,2,0,16
BRDA:19,2,1,12
BRF:6
BRH:5
end_of_record
TN:
SF:src\components\Notification.tsx
FN:22,(anonymous_0)
FN:24,(anonymous_1)
FN:26,(anonymous_2)
FN:28,(anonymous_3)
FN:32,(anonymous_4)
FN:35,(anonymous_5)
FN:58,(anonymous_6)
FNF:7
FNH:6
FNDA:510,(anonymous_0)
FNDA:549,(anonymous_1)
FNDA:17,(anonymous_2)
FNDA:1,(anonymous_3)
FNDA:10,(anonymous_4)
FNDA:7,(anonymous_5)
FNDA:0,(anonymous_6)
DA:2,2
DA:3,2
DA:4,2
DA:5,2
DA:6,2
DA:8,2
DA:15,2
DA:22,2
DA:23,510
DA:24,549
DA:26,510
DA:27,17
DA:28,10
DA:29,1
DA:32,10
DA:35,7
DA:38,510
DA:58,0
DA:69,2
LF:19
LH:18
BRDA:27,0,0,10
BRDA:40,1,0,510
BRDA:40,1,1,407
BRDA:55,2,0,407
BRDA:55,2,1,58
BRF:5
BRH:5
end_of_record
TN:
SF:src\components\Select.tsx
FN:16,(anonymous_0)
FN:30,(anonymous_1)
FN:35,(anonymous_2)
FN:39,(anonymous_3)
FN:51,(anonymous_4)
FN:52,(anonymous_5)
FN:59,(anonymous_6)
FN:73,(anonymous_7)
FN:82,(anonymous_8)
FN:82,(anonymous_9)
FN:84,(anonymous_10)
FN:106,(anonymous_11)
FN:119,(anonymous_12)
FN:133,(anonymous_13)
FNF:14
FNH:4
FNDA:32,(anonymous_0)
FNDA:0,(anonymous_1)
FNDA:0,(anonymous_2)
FNDA:0,(anonymous_3)
FNDA:8,(anonymous_4)
FNDA:0,(anonymous_5)
FNDA:8,(anonymous_6)
FNDA:0,(anonymous_7)
FNDA:0,(anonymous_8)
FNDA:0,(anonymous_9)
FNDA:32,(anonymous_10)
FNDA:0,(anonymous_11)
FNDA:0,(anonymous_12)
FNDA:0,(anonymous_13)
DA:1,1
DA:3,1
DA:16,1
DA:26,32
DA:27,32
DA:29,32
DA:31,0
DA:35,32
DA:36,0
DA:37,0
DA:38,0
DA:39,0
DA:41,0
DA:44,0
DA:45,0
DA:49,32
DA:51,32
DA:52,8
DA:53,0
DA:54,0
DA:58,8
DA:59,8
DA:60,8
DA:64,32
DA:66,32
DA:73,0
DA:82,0
DA:84,32
DA:106,0
DA:120,0
DA:123,0
DA:133,0
DA:161,1
LF:33
LH:17
BRDA:22,0,0,32
BRDA:23,1,0,32
BRDA:24,2,0,32
BRDA:29,3,0,0
BRDA:29,3,1,32
BRDA:36,4,0,0
BRDA:36,4,1,0
BRDA:37,5,0,0
BRDA:37,5,1,0
BRDA:38,6,0,0
BRDA:38,6,1,0
BRDA:53,7,0,0
BRDA:53,8,0,0
BRDA:53,8,1,0
BRDA:64,9,0,0
BRDA:64,9,1,32
BRDA:64,10,0,0
BRDA:64,10,1,0
BRDA:78,11,0,32
BRDA:78,11,1,0
BRDA:80,12,0,0
BRDA:80,12,1,32
BRDA:81,13,0,0
BRDA:81,13,1,0
BRDA:82,14,0,0
BRDA:82,14,1,0
BRDA:82,15,0,0
BRDA:82,15,1,0
BRDA:84,16,0,0
BRDA:84,16,1,32
BRDA:84,17,0,32
BRDA:84,17,1,32
BRDA:90,18,0,0
BRDA:90,18,1,32
BRDA:97,19,0,32
BRDA:97,19,1,0
BRDA:99,20,0,0
BRDA:99,20,1,0
BRDA:114,21,0,0
BRDA:114,21,1,0
BRDA:120,22,0,0
BRDA:120,22,1,0
BRDA:121,23,0,0
BRDA:121,23,1,0
BRDA:127,24,0,0
BRDA:127,24,1,0
BRDA:135,25,0,0
BRDA:135,25,1,0
BRDA:138,26,0,0
BRDA:138,26,1,0
BRDA:138,26,2,0
BRF:51
BRH:12
end_of_record
TN:
SF:src\constants\app_constants.ts
FNF:0
FNH:0
DA:4,4
DA:5,4
LF:2
LH:2
BRF:0
BRH:0
end_of_record
TN:
SF:src\constants\app_images.ts
FNF:0
FNH:0
DA:1,2
DA:23,2
LF:2
LH:2
BRF:0
BRH:0
end_of_record
TN:
SF:src\constants\pagination_settings.ts
FNF:0
FNH:0
DA:1,1
DA:11,1
LF:2
LH:2
BRF:0
BRH:0
end_of_record
TN:
SF:src\constants\routes.tsx
FNF:0
FNH:0
DA:1,4
DA:30,4
LF:2
LH:2
BRF:0
BRH:0
end_of_record
TN:
SF:src\hooks\hooks.ts
FNF:0
FNH:0
DA:1,4
DA:6,4
DA:7,4
LF:3
LH:3
BRF:0
BRH:0
end_of_record
TN:
SF:src\interfaces\ApiError.ts
FN:7,(anonymous_0)
FN:10,(anonymous_1)
FNF:2
FNH:1
FNDA:0,(anonymous_0)
FNDA:3,(anonymous_1)
DA:8,0
DA:11,3
DA:15,4
LF:3
LH:2
BRDA:11,0,0,0
BRDA:11,0,1,3
BRDA:11,1,0,3
BRDA:11,1,1,3
BRF:4
BRH:3
end_of_record
TN:
SF:src\pages\Announces\Announces.tsx
FN:15,(anonymous_1)
FN:19,(anonymous_2)
FN:26,(anonymous_3)
FN:30,(anonymous_4)
FN:36,(anonymous_5)
FN:45,(anonymous_6)
FN:49,(anonymous_7)
FN:54,(anonymous_8)
FN:55,(anonymous_9)
FN:58,(anonymous_10)
FN:84,(anonymous_11)
FNF:11
FNH:6
FNDA:25,(anonymous_1)
FNDA:34,(anonymous_2)
FNDA:4,(anonymous_3)
FNDA:12,(anonymous_4)
FNDA:0,(anonymous_5)
FNDA:10,(anonymous_6)
FNDA:0,(anonymous_7)
FNDA:0,(anonymous_8)
FNDA:0,(anonymous_9)
FNDA:0,(anonymous_10)
FNDA:12,(anonymous_11)
DA:1,1
DA:2,1
DA:3,1
DA:4,1
DA:5,1
DA:6,1
DA:7,1
DA:9,1
DA:10,1
DA:11,1
DA:12,1
DA:13,1
DA:15,1
DA:16,25
DA:17,24
DA:18,24
DA:19,34
DA:20,24
DA:21,24
DA:22,24
DA:23,24
DA:24,24
DA:26,24
DA:27,4
DA:30,24
DA:31,12
DA:36,24
DA:37,0
DA:38,0
DA:39,0
DA:40,0
DA:43,24
DA:45,24
DA:46,10
DA:49,24
DA:50,0
DA:51,0
DA:54,24
DA:55,0
DA:58,24
DA:59,0
DA:60,0
DA:61,0
DA:62,0
DA:65,24
DA:84,12
DA:105,1
LF:47
LH:36
BRDA:31,0,0,12
BRDA:31,0,1,0
BRDA:31,0,2,12
BRDA:31,0,3,0
BRDA:37,1,0,0
BRDA:38,2,0,0
BRDA:39,3,0,0
BRDA:76,4,0,12
BRDA:76,4,1,12
BRDA:89,5,0,24
BRDA:89,5,1,8
BRF:11
BRH:6
end_of_record
TN:
SF:src\pages\Announces\components\AnnounceComponent.tsx
FN:15,(anonymous_1)
FN:27,(anonymous_2)
FNF:2
FNH:1
FNDA:8,(anonymous_1)
FNDA:0,(anonymous_2)
DA:1,1
DA:2,1
DA:3,1
DA:4,1
DA:5,1
DA:8,1
DA:15,1
DA:18,8
DA:19,8
DA:27,0
DA:59,1
LF:11
LH:10
BRDA:46,0,0,0
BRDA:46,0,1,8
BRDA:46,1,0,8
BRDA:46,1,1,8
BRF:4
BRH:3
end_of_record
TN:
SF:src\pages\Announces\components\AnnouncesActionbar.tsx
FN:18,(anonymous_1)
FN:34,(anonymous_2)
FN:42,(anonymous_3)
FN:59,(anonymous_4)
FNF:4
FNH:1
FNDA:16,(anonymous_1)
FNDA:0,(anonymous_2)
FNDA:0,(anonymous_3)
FNDA:0,(anonymous_4)
DA:1,1
DA:3,1
DA:4,1
DA:5,1
DA:7,1
DA:18,1
DA:22,16
DA:23,16
DA:34,0
DA:42,0
DA:59,0
DA:73,1
LF:12
LH:9
BRF:0
BRH:0
end_of_record
TN:
SF:src\pages\Announces\components\NoAnnouncesComponent.tsx
FN:10,(anonymous_1)
FNF:1
FNH:1
FNDA:8,(anonymous_1)
DA:1,1
DA:2,1
DA:3,1
DA:10,1
DA:11,8
DA:12,8
DA:25,1
LF:7
LH:7
BRF:0
BRH:0
end_of_record
TN:
SF:src\pages\Auth\Login.tsx
FN:15,Login
FN:26,(anonymous_9)
FN:39,(anonymous_10)
FN:41,(anonymous_11)
FN:41,(anonymous_12)
FN:49,(anonymous_13)
FN:65,(anonymous_14)
FN:76,(anonymous_15)
FN:126,(anonymous_16)
FN:144,(anonymous_17)
FN:156,(anonymous_18)
FNF:11
FNH:9
FNDA:175,Login
FNDA:9,(anonymous_9)
FNDA:193,(anonymous_10)
FNDA:3,(anonymous_11)
FNDA:3,(anonymous_12)
FNDA:1,(anonymous_13)
FNDA:2,(anonymous_14)
FNDA:0,(anonymous_15)
FNDA:48,(anonymous_16)
FNDA:24,(anonymous_17)
FNDA:0,(anonymous_18)
DA:1,1
DA:2,1
DA:3,1
DA:4,1
DA:5,1
DA:6,1
DA:7,1
DA:8,1
DA:9,1
DA:10,1
DA:11,1
DA:12,1
DA:15,1
DA:16,175
DA:17,175
DA:18,175
DA:19,175
DA:21,175
DA:22,175
DA:24,175
DA:26,175
DA:27,9
DA:28,9
DA:29,0
DA:39,193
DA:41,175
DA:43,3
DA:50,1
DA:57,1
DA:59,0
DA:60,0
DA:63,1
DA:64,1
DA:66,2
DA:76,175
DA:77,0
DA:80,175
DA:126,48
DA:144,24
DA:156,0
LF:40
LH:35
BRDA:28,0,0,0
BRDA:57,1,0,0
BRDA:63,2,0,1
BRDA:63,2,1,1
BRDA:77,3,0,0
BRDA:77,3,1,0
BRDA:145,4,0,0
BRDA:145,4,1,175
BRDA:159,5,0,0
BRDA:159,5,1,175
BRDA:191,6,0,6
BRDA:191,6,1,169
BRF:12
BRH:6
end_of_record
TN:
SF:src\pages\Auth\Register.tsx
FN:14,Register
FN:27,(anonymous_9)
FN:27,(anonymous_10)
FN:78,(anonymous_11)
FN:86,(anonymous_12)
FN:89,(anonymous_13)
FN:104,(anonymous_14)
FN:153,(anonymous_15)
FN:173,(anonymous_16)
FN:193,(anonymous_17)
FN:203,(anonymous_18)
FN:224,(anonymous_19)
FN:234,(anonymous_20)
FNF:13
FNH:9
FNDA:328,Register
FNDA:10,(anonymous_9)
FNDA:10,(anonymous_10)
FNDA:2,(anonymous_11)
FNDA:1,(anonymous_12)
FNDA:1,(anonymous_13)
FNDA:0,(anonymous_14)
FNDA:0,(anonymous_15)
FNDA:63,(anonymous_16)
FNDA:127,(anonymous_17)
FNDA:0,(anonymous_18)
FNDA:128,(anonymous_19)
FNDA:0,(anonymous_20)
DA:1,1
DA:2,1
DA:3,1
DA:4,1
DA:5,1
DA:6,1
DA:7,1
DA:8,1
DA:9,1
DA:10,1
DA:11,1
DA:12,1
DA:14,1
DA:15,328
DA:16,328
DA:17,328
DA:19,328
DA:20,328
DA:21,328
DA:22,328
DA:24,328
DA:25,328
DA:27,328
DA:28,10
DA:29,1
DA:35,1
DA:39,9
DA:41,9
DA:42,1
DA:44,9
DA:45,1
DA:47,9
DA:48,2
DA:50,9
DA:51,1
DA:53,9
DA:54,1
DA:56,9
DA:57,1
DA:61,9
DA:62,6
DA:68,6
DA:71,3
DA:79,2
DA:86,2
DA:87,1
DA:90,1
DA:98,3
DA:99,3
DA:100,3
DA:101,3
DA:104,328
DA:105,0
DA:108,328
DA:153,0
DA:173,63
DA:193,127
DA:203,0
DA:224,128
DA:234,0
LF:60
LH:56
BRDA:28,0,0,1
BRDA:41,1,0,1
BRDA:44,2,0,1
BRDA:47,3,0,2
BRDA:50,4,0,1
BRDA:53,5,0,1
BRDA:56,6,0,1
BRDA:61,7,0,6
BRDA:105,8,0,0
BRDA:105,8,1,0
BRDA:194,9,0,0
BRDA:194,9,1,328
BRDA:206,10,0,0
BRDA:206,10,1,328
BRDA:225,11,0,0
BRDA:225,11,1,328
BRDA:237,12,0,0
BRDA:237,12,1,328
BRF:18
BRH:12
end_of_record
TN:
SF:src\pages\Home\Home.tsx
FN:8,(anonymous_1)
FNF:1
FNH:1
FNDA:1,(anonymous_1)
DA:1,1
DA:2,1
DA:3,1
DA:4,1
DA:5,1
DA:6,1
DA:8,1
DA:13,1
DA:25,1
LF:9
LH:9
BRF:0
BRH:0
end_of_record
TN:
SF:src\pages\Home\components\CommunityAnnounceComponent.tsx
FN:10,(anonymous_0)
FNF:1
FNH:0
FNDA:0,(anonymous_0)
DA:3,1
DA:4,1
DA:5,1
DA:10,1
DA:11,0
DA:12,0
DA:29,1
LF:7
LH:5
BRDA:23,0,0,0
BRDA:23,0,1,0
BRDA:23,1,0,0
BRDA:23,1,1,0
BRDA:23,2,0,0
BRDA:23,2,1,0
BRDA:23,3,0,0
BRDA:23,3,1,0
BRF:8
BRH:0
end_of_record
TN:
SF:src\pages\Home\components\CommunityAnnounces.tsx
FN:10,(anonymous_1)
FN:12,(anonymous_2)
FN:15,(anonymous_3)
FN:23,(anonymous_4)
FNF:4
FNH:3
FNDA:2,(anonymous_1)
FNDA:6,(anonymous_2)
FNDA:1,(anonymous_3)
FNDA:0,(anonymous_4)
DA:1,1
DA:2,1
DA:3,1
DA:4,1
DA:5,1
DA:6,1
DA:7,1
DA:8,1
DA:10,1
DA:11,2
DA:12,6
DA:13,2
DA:15,2
DA:16,1
DA:18,2
DA:23,0
DA:39,1
LF:17
LH:16
BRF:0
BRH:0
end_of_record
TN:
SF:src\pages\Home\components\ContactSection.tsx
FN:9,(anonymous_8)
FN:17,(anonymous_9)
FN:17,(anonymous_10)
FN:56,(anonymous_11)
FN:70,(anonymous_12)
FN:82,(anonymous_13)
FNF:6
FNH:1
FNDA:1,(anonymous_8)
FNDA:0,(anonymous_9)
FNDA:0,(anonymous_10)
FNDA:0,(anonymous_11)
FNDA:0,(anonymous_12)
FNDA:0,(anonymous_13)
DA:1,1
DA:2,1
DA:3,1
DA:4,1
DA:5,1
DA:6,1
DA:7,1
DA:9,1
DA:10,1
DA:12,1
DA:13,1
DA:14,1
DA:15,1
DA:17,1
DA:18,0
DA:19,0
DA:25,0
DA:26,0
DA:27,0
DA:29,0
DA:30,0
DA:34,1
DA:56,0
DA:70,0
DA:82,0
DA:105,1
LF:26
LH:16
BRF:0
BRH:0
end_of_record
TN:
SF:src\pages\Home\components\FeaturesSection.tsx
FN:5,(anonymous_0)
FN:17,(anonymous_1)
FNF:2
FNH:2
FNDA:1,(anonymous_0)
FNDA:4,(anonymous_1)
DA:1,1
DA:2,1
DA:3,1
DA:5,1
DA:6,1
DA:7,1
DA:18,4
DA:36,1
LF:8
LH:8
BRF:0
BRH:0
end_of_record
TN:
SF:src\pages\Home\components\HomeArticleComponent.tsx
FN:11,(anonymous_0)
FNF:1
FNH:0
FNDA:0,(anonymous_0)
DA:3,1
DA:4,1
DA:5,1
DA:11,1
DA:12,0
DA:13,0
DA:33,1
LF:7
LH:5
BRDA:26,0,0,0
BRDA:26,0,1,0
BRDA:26,1,0,0
BRDA:26,1,1,0
BRF:4
BRH:0
end_of_record
TN:
SF:src\pages\Home\components\HomeArticles.tsx
FN:10,(anonymous_1)
FN:11,(anonymous_2)
FN:15,(anonymous_3)
FN:23,(anonymous_4)
FNF:4
FNH:3
FNDA:2,(anonymous_1)
FNDA:6,(anonymous_2)
FNDA:1,(anonymous_3)
FNDA:0,(anonymous_4)
DA:1,1
DA:2,1
DA:3,1
DA:4,1
DA:5,1
DA:6,1
DA:7,1
DA:8,1
DA:10,1
DA:11,6
DA:12,2
DA:13,2
DA:15,2
DA:16,1
DA:18,2
DA:23,0
DA:36,1
LF:17
LH:16
BRF:0
BRH:0
end_of_record
TN:
SF:src\pages\Home\components\HomeEventComponent.tsx
FN:11,(anonymous_0)
FNF:1
FNH:0
FNDA:0,(anonymous_0)
DA:3,1
DA:4,1
DA:5,1
DA:11,1
DA:12,0
DA:36,1
LF:6
LH:5
BRF:0
BRH:0
end_of_record
TN:
SF:src\pages\Home\components\HomeEvents.tsx
FN:10,(anonymous_1)
FN:14,(anonymous_2)
FN:20,(anonymous_3)
FN:26,(anonymous_4)
FNF:4
FNH:3
FNDA:2,(anonymous_1)
FNDA:1,(anonymous_2)
FNDA:4,(anonymous_3)
FNDA:0,(anonymous_4)
DA:1,1
DA:2,1
DA:3,1
DA:4,1
DA:5,1
DA:6,1
DA:7,1
DA:8,1
DA:10,1
DA:11,2
DA:12,2
DA:14,2
DA:16,1
DA:20,4
DA:21,2
DA:26,0
DA:39,1
LF:17
LH:16
BRF:0
BRH:0
end_of_record
TN:
SF:src\pages\Home\components\HomeHero.tsx
FN:6,(anonymous_1)
FNF:1
FNH:1
FNDA:1,(anonymous_1)
DA:1,1
DA:2,1
DA:3,1
DA:4,1
DA:6,1
DA:7,1
DA:8,1
DA:64,1
LF:8
LH:8
BRF:0
BRH:0
end_of_record
TN:
SF:src\redux\root_reducer.ts
FNF:0
FNH:0
DA:1,4
DA:2,4
DA:3,4
DA:4,4
DA:5,4
DA:6,4
DA:7,4
DA:9,4
DA:18,4
LF:9
LH:9
BRF:0
BRH:0
end_of_record
TN:
SF:src\redux\store.ts
FN:27,(anonymous_1)
FN:30,(anonymous_2)
FNF:2
FNH:0
FNDA:0,(anonymous_1)
FNDA:0,(anonymous_2)
DA:1,4
DA:3,4
DA:4,4
DA:5,4
DA:7,4
DA:13,4
DA:16,4
DA:20,4
DA:27,4
DA:28,0
DA:31,0
DA:39,4
LF:12
LH:10
BRF:0
BRH:0
end_of_record
TN:
SF:src\redux\stores\announce_store.ts
FN:17,(anonymous_8)
FN:17,(anonymous_9)
FN:37,(anonymous_10)
FN:37,(anonymous_11)
FN:49,(anonymous_12)
FN:49,(anonymous_13)
FN:61,(anonymous_14)
FN:61,(anonymous_15)
FN:73,(anonymous_16)
FN:73,(anonymous_17)
FN:92,(anonymous_18)
FN:92,(anonymous_19)
FN:106,(anonymous_20)
FN:110,(anonymous_21)
FN:112,(anonymous_22)
FN:115,(anonymous_23)
FN:119,(anonymous_24)
FN:125,(anonymous_25)
FN:128,(anonymous_26)
FN:132,(anonymous_27)
FN:138,(anonymous_28)
FN:141,(anonymous_29)
FN:145,(anonymous_30)
FN:151,(anonymous_31)
FN:154,(anonymous_32)
FN:156,(anonymous_33)
FN:158,(anonymous_34)
FN:164,(anonymous_35)
FN:167,(anonymous_36)
FN:169,(anonymous_37)
FN:176,(anonymous_38)
FN:182,(anonymous_39)
FN:185,(anonymous_40)
FN:189,(anonymous_41)
FNF:34
FNH:5
FNDA:5,(anonymous_8)
FNDA:5,(anonymous_9)
FNDA:0,(anonymous_10)
FNDA:0,(anonymous_11)
FNDA:0,(anonymous_12)
FNDA:0,(anonymous_13)
FNDA:0,(anonymous_14)
FNDA:0,(anonymous_15)
FNDA:0,(anonymous_16)
FNDA:0,(anonymous_17)
FNDA:0,(anonymous_18)
FNDA:0,(anonymous_19)
FNDA:0,(anonymous_20)
FNDA:4,(anonymous_21)
FNDA:5,(anonymous_22)
FNDA:4,(anonymous_23)
FNDA:0,(anonymous_24)
FNDA:0,(anonymous_25)
FNDA:0,(anonymous_26)
FNDA:0,(anonymous_27)
FNDA:0,(anonymous_28)
FNDA:0,(anonymous_29)
FNDA:0,(anonymous_30)
FNDA:0,(anonymous_31)
FNDA:0,(anonymous_32)
FNDA:0,(anonymous_33)
FNDA:0,(anonymous_34)
FNDA:0,(anonymous_35)
FNDA:0,(anonymous_36)
FNDA:0,(anonymous_37)
FNDA:0,(anonymous_38)
FNDA:0,(anonymous_39)
FNDA:0,(anonymous_40)
FNDA:0,(anonymous_41)
DA:1,4
DA:3,4
DA:4,4
DA:7,4
DA:15,4
DA:17,5
DA:18,5
DA:19,5
DA:24,4
DA:26,0
DA:35,4
DA:37,0
DA:38,0
DA:39,0
DA:40,0
DA:42,0
DA:47,4
DA:49,0
DA:50,0
DA:51,0
DA:52,0
DA:54,0
DA:59,4
DA:61,0
DA:62,0
DA:63,0
DA:64,0
DA:66,0
DA:71,4
DA:73,0
DA:74,0
DA:75,0
DA:78,0
DA:80,0
DA:90,4
DA:92,0
DA:93,0
DA:94,0
DA:95,0
DA:97,0
DA:102,4
DA:107,0
DA:111,4
DA:113,5
DA:116,4
DA:117,4
DA:120,0
DA:121,0
DA:126,0
DA:129,0
DA:130,0
DA:133,0
DA:134,0
DA:139,0
DA:142,0
DA:143,0
DA:146,0
DA:147,0
DA:152,0
DA:155,0
DA:156,0
DA:159,0
DA:160,0
DA:165,0
DA:168,0
DA:169,0
DA:170,0
DA:171,0
DA:173,0
DA:177,0
DA:178,0
DA:183,0
DA:186,0
DA:187,0
DA:190,0
DA:191,0
DA:196,4
DA:197,4
LF:78
LH:21
BRDA:121,0,0,0
BRDA:121,0,1,0
BRDA:134,1,0,0
BRDA:134,1,1,0
BRDA:147,2,0,0
BRDA:147,2,1,0
BRDA:160,3,0,0
BRDA:160,3,1,0
BRDA:170,4,0,0
BRDA:178,5,0,0
BRDA:178,5,1,0
BRDA:191,6,0,0
BRDA:191,6,1,0
BRF:13
BRH:0
end_of_record
TN:
SF:src\redux\stores\article_store.ts
FN:16,(anonymous_8)
FN:16,(anonymous_9)
FN:32,(anonymous_10)
FN:32,(anonymous_11)
FN:45,(anonymous_12)
FN:45,(anonymous_13)
FN:59,(anonymous_14)
FN:61,(anonymous_15)
FN:64,(anonymous_16)
FN:68,(anonymous_17)
FN:74,(anonymous_18)
FN:77,(anonymous_19)
FN:81,(anonymous_20)
FN:87,(anonymous_21)
FN:90,(anonymous_22)
FN:92,(anonymous_23)
FN:94,(anonymous_24)
FNF:17
FNH:4
FNDA:1,(anonymous_8)
FNDA:1,(anonymous_9)
FNDA:0,(anonymous_10)
FNDA:0,(anonymous_11)
FNDA:0,(anonymous_12)
FNDA:0,(anonymous_13)
FNDA:4,(anonymous_14)
FNDA:1,(anonymous_15)
FNDA:0,(anonymous_16)
FNDA:0,(anonymous_17)
FNDA:0,(anonymous_18)
FNDA:0,(anonymous_19)
FNDA:0,(anonymous_20)
FNDA:0,(anonymous_21)
FNDA:0,(anonymous_22)
FNDA:0,(anonymous_23)
FNDA:0,(anonymous_24)
DA:1,4
DA:4,4
DA:5,4
DA:7,4
DA:14,4
DA:16,1
DA:17,1
DA:18,1
DA:23,0
DA:25,0
DA:30,4
DA:32,0
DA:33,0
DA:34,0
DA:35,0
DA:37,0
DA:43,4
DA:45,0
DA:46,0
DA:47,0
DA:48,0
DA:50,0
DA:55,4
DA:60,4
DA:62,1
DA:65,0
DA:66,0
DA:69,0
DA:70,0
DA:75,0
DA:78,0
DA:79,0
DA:82,0
DA:83,0
DA:88,0
DA:91,0
DA:92,0
DA:95,0
DA:96,0
DA:101,4
LF:40
LH:14
BRDA:70,0,0,0
BRDA:70,0,1,0
BRDA:83,1,0,0
BRDA:83,1,1,0
BRDA:96,2,0,0
BRDA:96,2,1,0
BRF:6
BRH:0
end_of_record
TN:
SF:src\redux\stores\auth_store.ts
FN:18,(anonymous_8)
FN:18,(anonymous_9)
FN:34,(anonymous_10)
FN:34,(anonymous_11)
FN:46,(anonymous_12)
FN:46,(anonymous_13)
FN:66,(anonymous_14)
FN:66,(anonymous_15)
FN:78,(anonymous_16)
FN:78,(anonymous_17)
FN:92,(anonymous_18)
FN:100,(anonymous_19)
FN:102,(anonymous_20)
FN:105,(anonymous_21)
FN:111,(anonymous_22)
FN:117,(anonymous_23)
FN:120,(anonymous_24)
FN:126,(anonymous_25)
FN:132,(anonymous_26)
FN:135,(anonymous_27)
FN:141,(anonymous_28)
FN:148,(anonymous_29)
FN:151,(anonymous_30)
FN:155,(anonymous_31)
FN:161,(anonymous_32)
FN:164,(anonymous_33)
FN:168,(anonymous_34)
FNF:27
FNH:11
FNDA:3,(anonymous_8)
FNDA:3,(anonymous_9)
FNDA:3,(anonymous_10)
FNDA:3,(anonymous_11)
FNDA:0,(anonymous_12)
FNDA:0,(anonymous_13)
FNDA:0,(anonymous_14)
FNDA:0,(anonymous_15)
FNDA:0,(anonymous_16)
FNDA:0,(anonymous_17)
FNDA:0,(anonymous_18)
FNDA:4,(anonymous_19)
FNDA:3,(anonymous_20)
FNDA:1,(anonymous_21)
FNDA:2,(anonymous_22)
FNDA:3,(anonymous_23)
FNDA:2,(anonymous_24)
FNDA:1,(anonymous_25)
FNDA:0,(anonymous_26)
FNDA:0,(anonymous_27)
FNDA:0,(anonymous_28)
FNDA:0,(anonymous_29)
FNDA:0,(anonymous_30)
FNDA:0,(anonymous_31)
FNDA:0,(anonymous_32)
FNDA:0,(anonymous_33)
FNDA:0,(anonymous_34)
DA:1,4
DA:4,4
DA:5,4
DA:6,4
DA:8,4
DA:16,4
DA:18,3
DA:19,3
DA:20,3
DA:21,1
DA:22,1
DA:25,1
DA:27,2
DA:32,4
DA:34,3
DA:35,3
DA:36,3
DA:37,2
DA:39,1
DA:44,4
DA:46,0
DA:47,0
DA:48,0
DA:49,0
DA:51,0
DA:64,4
DA:66,0
DA:67,0
DA:68,0
DA:69,0
DA:71,0
DA:76,4
DA:78,0
DA:79,0
DA:80,0
DA:81,0
DA:83,0
DA:88,4
DA:93,0
DA:94,0
DA:95,0
DA:97,0
DA:101,4
DA:103,3
DA:106,1
DA:107,1
DA:108,1
DA:109,1
DA:112,2
DA:113,2
DA:116,4
DA:118,3
DA:121,2
DA:122,2
DA:123,2
DA:124,2
DA:127,1
DA:128,1
DA:131,4
DA:133,0
DA:136,0
DA:137,0
DA:138,0
DA:142,0
DA:143,0
DA:147,4
DA:149,0
DA:152,0
DA:153,0
DA:156,0
DA:157,0
DA:160,4
DA:162,0
DA:165,0
DA:166,0
DA:169,0
DA:170,0
DA:175,4
DA:176,4
LF:79
LH:44
BRDA:113,0,0,2
BRDA:113,0,1,0
BRDA:128,1,0,1
BRDA:128,1,1,0
BRDA:143,2,0,0
BRDA:143,2,1,0
BRDA:157,3,0,0
BRDA:157,3,1,0
BRDA:170,4,0,0
BRDA:170,4,1,0
BRF:10
BRH:2
end_of_record
TN:
SF:src\redux\stores\conversation_store.ts
FN:11,(anonymous_8)
FN:11,(anonymous_9)
FN:23,(anonymous_10)
FN:26,(anonymous_11)
FN:44,(anonymous_12)
FN:48,(anonymous_13)
FN:49,(anonymous_14)
FN:52,(anonymous_15)
FN:55,(anonymous_16)
FN:59,(anonymous_17)
FN:62,(anonymous_18)
FN:65,(anonymous_19)
FNF:12
FNH:1
FNDA:0,(anonymous_8)
FNDA:0,(anonymous_9)
FNDA:0,(anonymous_10)
FNDA:0,(anonymous_11)
FNDA:0,(anonymous_12)
FNDA:4,(anonymous_13)
FNDA:0,(anonymous_14)
FNDA:0,(anonymous_15)
FNDA:0,(anonymous_16)
FNDA:0,(anonymous_17)
FNDA:0,(anonymous_18)
FNDA:0,(anonymous_19)
DA:1,4
DA:3,4
DA:4,4
DA:9,4
DA:11,0
DA:12,0
DA:13,0
DA:14,0
DA:16,0
DA:21,4
DA:26,0
DA:27,0
DA:28,0
DA:29,0
DA:31,0
DA:36,4
DA:40,4
DA:45,0
DA:49,4
DA:50,0
DA:53,0
DA:56,0
DA:60,0
DA:63,0
DA:66,0
DA:71,4
DA:72,4
LF:27
LH:10
BRF:0
BRH:0
end_of_record
TN:
SF:src\redux\stores\event_store.ts
FN:16,(anonymous_8)
FN:16,(anonymous_9)
FN:34,(anonymous_10)
FN:36,(anonymous_11)
FN:39,(anonymous_12)
FN:43,(anonymous_13)
FNF:6
FNH:4
FNDA:1,(anonymous_8)
FNDA:1,(anonymous_9)
FNDA:4,(anonymous_10)
FNDA:1,(anonymous_11)
FNDA:0,(anonymous_12)
FNDA:0,(anonymous_13)
DA:1,4
DA:3,4
DA:4,4
DA:7,4
DA:14,4
DA:16,1
DA:17,1
DA:18,1
DA:23,0
DA:25,0
DA:30,4
DA:35,4
DA:37,1
DA:40,0
DA:41,0
DA:44,0
DA:45,0
DA:50,4
LF:18
LH:12
BRDA:45,0,0,0
BRDA:45,0,1,0
BRF:2
BRH:0
end_of_record
TN:
SF:src\redux\stores\notification_store.ts
FN:15,(anonymous_0)
FN:21,(anonymous_1)
FNF:2
FNH:2
FNDA:13,(anonymous_0)
FNDA:1,(anonymous_1)
DA:2,4
DA:4,4
DA:11,4
DA:16,13
DA:17,13
DA:18,13
DA:19,13
DA:22,1
DA:23,1
DA:24,1
DA:25,1
DA:30,4
DA:31,4
LF:13
LH:13
BRDA:17,0,0,13
BRDA:17,0,1,11
BRDA:18,1,0,13
BRDA:18,1,1,0
BRF:4
BRH:3
end_of_record
TN:
SF:src\tests\utils\mock_i18next.ts
FNF:0
FNH:0
DA:1,3
DA:2,3
DA:4,3
DA:18,3
LF:4
LH:4
BRF:0
BRH:0
end_of_record
TN:
SF:src\utils\authentication.ts
FN:1,(anonymous_0)
FN:6,(anonymous_1)
FN:10,(anonymous_2)
FN:14,(anonymous_3)
FNF:4
FNH:2
FNDA:0,(anonymous_0)
FNDA:3,(anonymous_1)
FNDA:1,(anonymous_2)
FNDA:0,(anonymous_3)
DA:1,4
DA:2,0
DA:3,0
DA:6,4
DA:7,3
DA:10,4
DA:11,1
DA:14,4
DA:15,0
LF:9
LH:6
BRF:0
BRH:0
end_of_record
TN:
SF:src\utils\axios_client.ts
FN:9,(anonymous_1)
FN:14,(anonymous_2)
FN:18,(anonymous_3)
FN:20,(anonymous_4)
FNF:4
FNH:1
FNDA:3,(anonymous_1)
FNDA:0,(anonymous_2)
FNDA:0,(anonymous_3)
FNDA:0,(anonymous_4)
DA:1,4
DA:2,4
DA:3,4
DA:5,4
DA:9,4
DA:10,3
DA:11,3
DA:13,3
DA:15,0
DA:18,4
DA:19,0
DA:21,0
DA:22,0
DA:25,0
DA:29,4
LF:15
LH:10
BRDA:21,0,0,0
BRDA:21,1,0,0
BRDA:21,1,1,0
BRDA:21,2,0,0
BRDA:21,2,1,0
BRF:5
BRH:0
end_of_record
TN:
SF:src\utils\laravel_storage.ts
FN:3,(anonymous_0)
FNF:1
FNH:1
FNDA:8,(anonymous_0)
DA:1,2
DA:3,2
DA:4,8
LF:3
LH:3
BRF:0
BRH:0
end_of_record
